11:27:14.110 [main                     ] DEBUG Logger               - Configured Logger
11:27:14.170 [main                     ] DEBUG GameApplication      - Logging settings
Title: FXGL Tower Defense
Version: 0.3
Width: 1600
Height: 896
Fullscreen: false
Intro: false
Profiling: false
Single step:false
App Mode: DEVELOPER
Menu Key: ESCAPE
Stage Style: DECORATED
Scene Factory: class com.ayushkr.CSAFinal.baseDefense.TowerDefenseApp$6

11:27:14.577 [JavaFX Application Thread] DEBUG FXGLApplication      - Initializing FXGL
11:27:14.590 [JavaFX Application Thread] INFO  Engine               - FXGL-17.1 (24.03.2022 17.34) on MAC (J:20 FX:18)
11:27:14.592 [JavaFX Application Thread] DEBUG Engine               - JRE Vendor Name: Oracle Corporation
11:27:14.592 [JavaFX Application Thread] DEBUG Engine               - Running on OS: Mac OS X version 13.1
11:27:14.592 [JavaFX Application Thread] DEBUG Engine               - Architecture: x86_64
11:27:14.592 [JavaFX Application Thread] INFO  Engine               - Source code and latest versions at: https://github.com/AlmasB/FXGL
11:27:14.592 [JavaFX Application Thread] INFO  Engine               -       Ask questions and discuss at: https://github.com/AlmasB/FXGL/discussions
11:27:14.593 [JavaFX Application Thread] INFO  Engine               -              Join the FXGL chat at: https://gitter.im/AlmasB/FXGL
11:27:14.661 [JavaFX Application Thread] DEBUG PrimaryStageWindow   - Creating a JavaFX scene
11:27:14.717 [JavaFX Application Thread] DEBUG PrimaryStageWindow   - Target settings size: 1600.0 x 896.0
11:27:14.718 [JavaFX Application Thread] DEBUG PrimaryStageWindow   - Scaled scene size:    1600.0 x 896.0
11:27:14.718 [JavaFX Application Thread] DEBUG PrimaryStageWindow   - Scaled ratio: (1.0, 1.0)
11:27:14.721 [JavaFX Application Thread] DEBUG PrimaryStageWindow   - Set initial scene to FXGLStartupScene
11:27:14.727 [JavaFX Application Thread] DEBUG PrimaryStageWindow   - Opening main window
11:27:14.809 [JavaFX Application Thread] DEBUG PrimaryStageWindow   - Window border size: (0.0, 28.0)
11:27:14.809 [JavaFX Application Thread] DEBUG PrimaryStageWindow   - Scaled size: 1600.0 x 896.0
11:27:14.809 [JavaFX Application Thread] DEBUG PrimaryStageWindow   - Scaled ratio: (1.0, 1.0)
11:27:14.810 [JavaFX Application Thread] DEBUG PrimaryStageWindow   - Scene size: 1600.0 x 896.0
11:27:14.811 [JavaFX Application Thread] DEBUG PrimaryStageWindow   - Stage size: 1600.0 x 924.0
11:27:14.822 [FXGL Background Thread 1 ] DEBUG Engine               - Initializing environment variables
11:27:14.963 [FXGL Background Thread 1 ] DEBUG FXGLAssetLoaderServi - User app class for loading assets: class com.ayushkr.CSAFinal.baseDefense.TowerDefenseApp
11:27:14.965 [FXGL Background Thread 1 ] DEBUG GameApplicationServi - Applying CSS: fxgl_dark.css
11:27:14.968 [FXGL Background Thread 1 ] DEBUG FXGLAssetLoaderServi - Loading from file system: jar:file:///Users/ayushkumarrai/.m2/repository/com/github/almasb/fxgl/17.1/fxgl-17.1.jar!/fxglassets/ui/css/fxgl_dark.css
11:27:15.055 [FXGL Background Thread 1 ] DEBUG GameApplicationServi - Applying CSS: main.css
11:27:15.056 [FXGL Background Thread 1 ] DEBUG FXGLAssetLoaderServi - Loading from file system: file:/Volumes/AYUSH%20DRIVE/School%202022-23/M359%20AP%20CS%20Java%20A/Projects/CSA%20Final%20Project/target/classes/assets/ui/css/main.css
11:27:15.057 [FXGL Background Thread 1 ] DEBUG GameApplicationServi - Initializing application scenes
11:27:15.380 [FXGL Background Thread 1 ] DEBUG GameWorld            - Game world initialized
11:27:15.434 [FXGL Background Thread 1 ] DEBUG PhysicsWorld         - Physics world initialized: appHeight=896, physics.ppm=50.0
11:27:15.436 [FXGL Background Thread 1 ] DEBUG PhysicsWorld         - Using strategy: BRUTE_FORCE
11:27:15.444 [FXGL Background Thread 1 ] DEBUG GameScene            - Game scene initialized: 1600x896
11:27:15.463 [FXGL Background Thread 1 ] DEBUG FXGLAssetLoaderServi - Loading from file system: file:/Volumes/AYUSH%20DRIVE/School%202022-23/M359%20AP%20CS%20Java%20A/Projects/CSA%20Final%20Project/target/classes/assets/textures/title.png
11:27:15.495 [FXGL Background Thread 1 ] DEBUG FXGLAssetLoaderServi - Loading JSON from: file:/Volumes/AYUSH%20DRIVE/School%202022-23/M359%20AP%20CS%20Java%20A/Projects/CSA%20Final%20Project/target/classes/assets/levels/level2.json
11:27:15.709 [FXGL Background Thread 1 ] DEBUG FXGLAssetLoaderServi - Loading JSON from: file:/Volumes/AYUSH%20DRIVE/School%202022-23/M359%20AP%20CS%20Java%20A/Projects/CSA%20Final%20Project/target/classes/assets/levels/level1.json
11:27:15.739 [FXGL Background Thread 2 ] DEBUG GameWorld            - Game world initialized
11:27:15.741 [FXGL Background Thread 2 ] DEBUG PhysicsWorld         - Physics world initialized: appHeight=448, physics.ppm=50.0
11:27:15.741 [FXGL Background Thread 2 ] DEBUG PhysicsWorld         - Using strategy: BRUTE_FORCE
11:27:15.744 [FXGL Background Thread 2 ] DEBUG GameScene            - Game scene initialized: 800x448
11:27:15.773 [FXGL Background Thread 1 ] DEBUG FXGLAssetLoaderServi - Loading JSON from: file:/Volumes/AYUSH%20DRIVE/School%202022-23/M359%20AP%20CS%20Java%20A/Projects/CSA%20Final%20Project/target/classes/assets/towers/tower1.json
11:27:15.792 [FXGL Background Thread 1 ] DEBUG FXGLAssetLoaderServi - Loading JSON from: file:/Volumes/AYUSH%20DRIVE/School%202022-23/M359%20AP%20CS%20Java%20A/Projects/CSA%20Final%20Project/target/classes/assets/towers/tower2.json
11:27:15.799 [FXGL Background Thread 1 ] DEBUG FXGLAssetLoaderServi - Loading JSON from: file:/Volumes/AYUSH%20DRIVE/School%202022-23/M359%20AP%20CS%20Java%20A/Projects/CSA%20Final%20Project/target/classes/assets/towers/tower3.json
11:27:15.800 [FXGL Background Thread 2 ] DEBUG TMXLevelLoader       - Parsed TiledMap: file:/Volumes/AYUSH%20DRIVE/School%202022-23/M359%20AP%20CS%20Java%20A/Projects/CSA%20Final%20Project/target/classes/assets/levels/tmx/td2.tmx
11:27:15.801 [FXGL Background Thread 2 ] DEBUG TMXLevelLoader       - Creating tile layer entities
11:27:15.809 [ForkJoinPool.commonPool-w] DEBUG TilesetLoader        - Loading view for layer decor
11:27:15.809 [ForkJoinPool.commonPool-w] DEBUG TilesetLoader        - Loading view for layer ground
11:27:15.811 [FXGL Background Thread 1 ] DEBUG FXGLAssetLoaderServi - Loading JSON from: file:/Volumes/AYUSH%20DRIVE/School%202022-23/M359%20AP%20CS%20Java%20A/Projects/CSA%20Final%20Project/target/classes/assets/towers/tower4.json
11:27:15.814 [FXGL Background Thread 2 ] DEBUG TilesetLoader        - Created buffer with size 1600.0x896.0
11:27:15.814 [ForkJoinPool.commonPool-w] DEBUG TilesetLoader        - Created buffer with size 1600.0x896.0
11:27:15.815 [ForkJoinPool.commonPool-w] DEBUG TilesetLoader        - Created buffer with size 1600.0x896.0
11:27:15.820 [FXGL Background Thread 1 ] DEBUG FXGLAssetLoaderServi - Loading JSON from: file:/Volumes/AYUSH%20DRIVE/School%202022-23/M359%20AP%20CS%20Java%20A/Projects/CSA%20Final%20Project/target/classes/assets/towers/tower5.json
11:27:15.846 [FXGL Background Thread 1 ] DEBUG FXGLAssetLoaderServi - Loading JSON from: file:/Volumes/AYUSH%20DRIVE/School%202022-23/M359%20AP%20CS%20Java%20A/Projects/CSA%20Final%20Project/target/classes/assets/towers/tower6.json
11:27:15.864 [FXGL Background Thread 1 ] DEBUG FXGLAssetLoaderServi - Loading from file system: file:/Volumes/AYUSH%20DRIVE/School%202022-23/M359%20AP%20CS%20Java%20A/Projects/CSA%20Final%20Project/target/classes/assets/textures/towers/tower1.png
11:27:15.886 [FXGL Background Thread 1 ] DEBUG FXGLAssetLoaderServi - Loading from file system: file:/Volumes/AYUSH%20DRIVE/School%202022-23/M359%20AP%20CS%20Java%20A/Projects/CSA%20Final%20Project/target/classes/assets/textures/towers/tower2.png
11:27:15.895 [FXGL Background Thread 1 ] DEBUG FXGLAssetLoaderServi - Loading from file system: file:/Volumes/AYUSH%20DRIVE/School%202022-23/M359%20AP%20CS%20Java%20A/Projects/CSA%20Final%20Project/target/classes/assets/textures/towers/tower3.png
11:27:15.901 [FXGL Background Thread 1 ] DEBUG FXGLAssetLoaderServi - Loading from file system: file:/Volumes/AYUSH%20DRIVE/School%202022-23/M359%20AP%20CS%20Java%20A/Projects/CSA%20Final%20Project/target/classes/assets/textures/towers/tower4.png
11:27:15.909 [FXGL Background Thread 1 ] DEBUG FXGLAssetLoaderServi - Loading from file system: file:/Volumes/AYUSH%20DRIVE/School%202022-23/M359%20AP%20CS%20Java%20A/Projects/CSA%20Final%20Project/target/classes/assets/textures/towers/tower5.png
11:27:15.915 [FXGL Background Thread 1 ] DEBUG FXGLAssetLoaderServi - Loading from file system: file:/Volumes/AYUSH%20DRIVE/School%202022-23/M359%20AP%20CS%20Java%20A/Projects/CSA%20Final%20Project/target/classes/assets/textures/towers/tower6.png
11:27:16.222 [FXGL Background Thread 2 ] DEBUG TMXLevelLoader       - Creating object layer entities
11:27:16.269 [FXGL Background Thread 1 ] DEBUG GameApplicationServi - Application scenes initialized
11:27:16.335 [FXGL Background Thread 1 ] DEBUG SystemBundleService  - Loading FXGL system data
11:27:16.347 [FXGL Background Thread 1 ] DEBUG FileSystemAccess     - Reading from: /Volumes/AYUSH DRIVE/School 2022-23/M359 AP CS Java A/Projects/CSA Final Project/system/fxgl.bundle
11:27:16.367 [FXGL Background Thread 1 ] DEBUG SystemBundleService  - Bundle FXGL: {}
11:27:16.368 [FXGL Background Thread 1 ] DEBUG UpdaterService       - Checking for updates
11:27:16.374 [FXGL Background Thread 5 ] DEBUG FXGLApplication      - Loading fonts
11:27:16.376 [FXGL Background Thread 1 ] DEBUG FXGLApplication      - Loading default localization
11:27:16.383 [FXGL Background Thread 1 ] DEBUG FXGLAssetLoaderServi - Loading from file system: jar:file:///Users/ayushkumarrai/.m2/repository/com/github/almasb/fxgl/17.1/fxgl-17.1.jar!/fxglassets/languages/english.lang
11:27:16.383 [FXGL Background Thread 5 ] DEBUG FXGLAssetLoaderServi - Loading from file system: jar:file:///Users/ayushkumarrai/.m2/repository/com/github/almasb/fxgl/17.1/fxgl-17.1.jar!/fxglassets/ui/fonts/VarelaRound-Regular.ttf
11:27:16.415 [FXGL Background Thread 1 ] INFO  FXGLApplication      - FXGL initialization took: 1.591 sec
11:27:16.424 [JavaFX Application Thread] DEBUG Input                - Registered new binding: Left - A
11:27:16.425 [JavaFX Application Thread] DEBUG Input                - Registered new binding: Right - D
11:27:16.425 [JavaFX Application Thread] DEBUG Input                - Registered new binding: Up - W
11:27:16.426 [JavaFX Application Thread] DEBUG Input                - Registered new binding: Down - S
11:27:16.426 [JavaFX Application Thread] DEBUG Input                - Registered new binding: Use - E
11:27:16.427 [JavaFX Application Thread] DEBUG FXGLAssetLoaderServi - Loading from file system: jar:file:///Users/ayushkumarrai/.m2/repository/com/github/almasb/fxgl/17.1/fxgl-17.1.jar!/fxglassets/textures/fxgl_icon.png
11:27:16.427 [FXGL Background Thread 5 ] DEBUG FXGLAssetLoaderServi - Loading from file system: jar:file:///Users/ayushkumarrai/.m2/repository/com/github/almasb/fxgl/17.1/fxgl-17.1.jar!/fxglassets/ui/fonts/Abel-Regular.ttf
11:27:16.448 [FXGL Background Thread 5 ] DEBUG FXGLAssetLoaderServi - Loading from file system: jar:file:///Users/ayushkumarrai/.m2/repository/com/github/almasb/fxgl/17.1/fxgl-17.1.jar!/fxglassets/ui/fonts/TerminalLandMono-Regular.otf
11:27:16.459 [FXGL Background Thread 5 ] DEBUG FXGLAssetLoaderServi - Loading from file system: jar:file:///Users/ayushkumarrai/.m2/repository/com/github/almasb/fxgl/17.1/fxgl-17.1.jar!/fxglassets/ui/fonts/Courier-Prime.ttf
11:27:16.467 [JavaFX Application Thread] DEBUG FXGLAssetLoaderServi - Loading from file system: jar:file:///Users/ayushkumarrai/.m2/repository/com/github/almasb/fxgl/17.1/fxgl-17.1.jar!/fxglassets/textures/fxgl_default_cursor.png
11:27:16.480 [JavaFX Application Thread] DEBUG Input                - Registered new binding: Screenshot - CTRL+8
11:27:16.481 [JavaFX Application Thread] DEBUG Input                - Registered new binding: System info dump - CTRL+9
11:27:16.482 [JavaFX Application Thread] DEBUG Input                - Registered new binding: Restart - CTRL+R
11:27:16.483 [JavaFX Application Thread] DEBUG Input                - Registered new binding: Toggle Debug Camera - CTRL+7
11:27:16.490 [JavaFX Application Thread] DEBUG LoopRunner           - Starting loop
11:27:16.490 [JavaFX Application Thread] DEBUG LoopRunner           - Initializing JavaFX AnimationTimerLoop
11:27:16.494 [JavaFX Application Thread] DEBUG Input                - Clearing active input actions
11:27:16.556 [JavaFX Application Thread] DEBUG GameApplicationServi - Removing overlay from FXGLStartupScene and adding to FXGLMainMenuDummyScene
11:27:16.559 [JavaFX Application Thread] DEBUG PrimaryStageWindow   - FXGLStartupScene -> FXGLMainMenuDummyScene
11:27:16.559 [JavaFX Application Thread] DEBUG PrimaryStageWindow   - Push state: TowerDefenseMainMenu
11:27:16.560 [JavaFX Application Thread] DEBUG Input                - Clearing active input actions
11:27:16.566 [JavaFX Application Thread] DEBUG GameApplicationServi - Removing overlay from FXGLMainMenuDummyScene and adding to TowerDefenseMainMenu
11:27:16.568 [JavaFX Application Thread] DEBUG PrimaryStageWindow   - FXGLMainMenuDummyScene -> TowerDefenseMainMenu
11:27:16.583 [FXGL Background Thread 2 ] DEBUG GameWorld            - Clearing removable entities
11:27:16.584 [FXGL Background Thread 2 ] DEBUG GameWorld            - Setting level: com.almasb.fxgl.entity.level.Level@597ad6cd
11:27:16.614 [JavaFX Application Thread] DEBUG FXGLApplication      - Registering font factories with UI factory
11:27:17.044 [FXGL Background Thread 3 ] INFO  UpdaterService       - Your current version:  17.1
11:27:17.045 [FXGL Background Thread 3 ] INFO  UpdaterService       - Latest stable version: 17.3
11:27:19.263 [FXGL Background Thread 3 ] DEBUG GameWorld            - Game world initialized
11:27:19.268 [FXGL Background Thread 3 ] DEBUG PhysicsWorld         - Physics world initialized: appHeight=448, physics.ppm=50.0
11:27:19.268 [FXGL Background Thread 3 ] DEBUG PhysicsWorld         - Using strategy: BRUTE_FORCE
11:27:19.272 [FXGL Background Thread 3 ] DEBUG GameScene            - Game scene initialized: 800x448
11:27:19.375 [FXGL Background Thread 3 ] WARN  TMXLevelLoader       - TiledMap generated from 1.10.0. Supported version: 1.4.2. Some features may not be parsed fully.
11:27:19.379 [FXGL Background Thread 4 ] DEBUG Engine               - Logging environment variables
11:27:19.381 [FXGL Background Thread 4 ] DEBUG Engine               - achievements: []
11:27:19.381 [FXGL Background Thread 4 ] DEBUG Engine               - actualHeight: 896.0
11:27:19.381 [FXGL Background Thread 4 ] DEBUG Engine               - actualHeightProperty: ReadOnlyDoubleProperty [value: 896.0]
11:27:19.381 [FXGL Background Thread 4 ] DEBUG Engine               - actualWidth: 1600.0
11:27:19.381 [FXGL Background Thread 4 ] DEBUG Engine               - actualWidthProperty: ReadOnlyDoubleProperty [value: 1600.0]
11:27:19.382 [FXGL Background Thread 4 ] DEBUG Engine               - appIcon: fxgl_icon.png
11:27:19.382 [FXGL Background Thread 4 ] DEBUG Engine               - applicationMode: DEVELOPER
11:27:19.383 [FXGL Background Thread 4 ] DEBUG Engine               - cSSList: [fxgl_dark.css, main.css]
11:27:19.383 [FXGL Background Thread 4 ] DEBUG Engine               - collisionDetectionStrategy: BRUTE_FORCE
11:27:19.383 [FXGL Background Thread 4 ] DEBUG Engine               - configClass: Optional.empty
11:27:19.383 [FXGL Background Thread 4 ] DEBUG Engine               - credits: []
11:27:19.391 [FXGL Background Thread 4 ] DEBUG Engine               - defaultCursor: CursorInfo(imageName=fxgl_default_cursor.png, hotspotX=7.0, hotspotY=6.0)
11:27:19.392 [FXGL Background Thread 4 ] DEBUG Engine               - devBBoxColorProperty: ObjectProperty [value: 0xff0000ff]
11:27:19.392 [FXGL Background Thread 4 ] DEBUG Engine               - devEnableDebugCameraProperty: BooleanProperty [value: false]
11:27:19.392 [FXGL Background Thread 4 ] DEBUG Engine               - devSensorColorProperty: ObjectProperty [value: 0xffff00ff]
11:27:19.392 [FXGL Background Thread 4 ] DEBUG Engine               - devShowBBoxProperty: BooleanProperty [value: false]
11:27:19.392 [FXGL Background Thread 4 ] DEBUG Engine               - devShowPositionProperty: BooleanProperty [value: false]
11:27:19.392 [FXGL Background Thread 4 ] DEBUG Engine               - enabledMenuItems: []
11:27:19.393 [FXGL Background Thread 4 ] DEBUG Engine               - engineServices: [class com.almasb.fxgl.app.services.FXGLAssetLoaderService, class com.almasb.fxgl.app.FXGLApplication$GameApplicationService, class com.almasb.fxgl.app.services.FXGLDialogService, class com.almasb.fxgl.app.services.IOTaskExecutorService, class com.almasb.fxgl.io.FileSystemService, class com.almasb.fxgl.localization.LocalizationService, class com.almasb.fxgl.app.services.SystemBundleService, class com.almasb.fxgl.profile.SaveLoadService, class com.almasb.fxgl.ui.FXGLUIFactoryServiceProvider, class com.almasb.fxgl.ui.FXGLDialogFactoryServiceProvider, class com.almasb.fxgl.audio.AudioPlayer, class com.almasb.fxgl.notification.impl.NotificationServiceProvider, class com.almasb.fxgl.achievement.AchievementService, class com.almasb.fxgl.cutscene.CutsceneService, class com.almasb.fxgl.minigames.MiniGameService, class com.almasb.fxgl.net.NetService, class com.almasb.fxgl.app.services.UpdaterService, class com.almasb.fxgl.dev.DevService, class com.almasb.fxgl.quest.QuestService, class com.ayushkr.CSAFinal.baseDefense.CurrencyService]
11:27:19.393 [FXGL Background Thread 4 ] DEBUG Engine               - fontGame: Abel-Regular.ttf
11:27:19.393 [FXGL Background Thread 4 ] DEBUG Engine               - fontMono: TerminalLandMono-Regular.otf
11:27:19.393 [FXGL Background Thread 4 ] DEBUG Engine               - fontText: Courier-Prime.ttf
11:27:19.393 [FXGL Background Thread 4 ] DEBUG Engine               - fontUI: VarelaRound-Regular.ttf
11:27:19.393 [FXGL Background Thread 4 ] DEBUG Engine               - fullScreen: BooleanProperty [value: false]
11:27:19.393 [FXGL Background Thread 4 ] DEBUG Engine               - gameDifficulty: MEDIUM
11:27:19.393 [FXGL Background Thread 4 ] DEBUG Engine               - gameDifficultyProperty: ObjectProperty [value: MEDIUM]
11:27:19.393 [FXGL Background Thread 4 ] DEBUG Engine               - globalMusicVolume: 0.5
11:27:19.393 [FXGL Background Thread 3 ] DEBUG TMXLevelLoader       - Parsed TiledMap: file:/Volumes/AYUSH%20DRIVE/School%202022-23/M359%20AP%20CS%20Java%20A/Projects/CSA%20Final%20Project/target/classes/assets/levels/tmx/td1.tmx
11:27:19.393 [FXGL Background Thread 4 ] DEBUG Engine               - globalMusicVolumeProperty: DoubleProperty [value: 0.5]
11:27:19.393 [FXGL Background Thread 3 ] DEBUG TMXLevelLoader       - Creating tile layer entities
11:27:19.393 [FXGL Background Thread 4 ] DEBUG Engine               - globalSoundVolume: 0.5
11:27:19.393 [FXGL Background Thread 4 ] DEBUG Engine               - globalSoundVolumeProperty: DoubleProperty [value: 0.5]
11:27:19.393 [FXGL Background Thread 4 ] DEBUG Engine               - height: 896
11:27:19.393 [FXGL Background Thread 4 ] DEBUG Engine               - is3D: false
11:27:19.393 [FXGL Background Thread 4 ] DEBUG Engine               - isAndroid: false
11:27:19.393 [FXGL Background Thread 4 ] DEBUG Engine               - isBrowser: false
11:27:19.393 [FXGL Background Thread 4 ] DEBUG Engine               - isClickFeedbackEnabled: false
11:27:19.393 [FXGL Background Thread 4 ] DEBUG Engine               - isCloseConfirmation: false
11:27:19.393 [FXGL Background Thread 4 ] DEBUG Engine               - isDesktop: true
11:27:19.393 [FXGL Background Thread 4 ] DEBUG Engine               - isDeveloperMenuEnabled: false
11:27:19.393 [FXGL Background Thread 4 ] DEBUG Engine               - isEmbedded: false
11:27:19.393 [FXGL Background Thread 4 ] DEBUG Engine               - isEntityPreloadEnabled: true
11:27:19.393 [FXGL Background Thread 4 ] DEBUG Engine               - isExperimentalTiledLargeMap: false
11:27:19.393 [FXGL Background Thread 4 ] DEBUG Engine               - isFileSystemWriteAllowed: true
11:27:19.393 [FXGL Background Thread 4 ] DEBUG Engine               - isFullScreenAllowed: false
11:27:19.393 [FXGL Background Thread 4 ] DEBUG Engine               - isFullScreenFromStart: false
11:27:19.393 [FXGL Background Thread 4 ] DEBUG Engine               - isGameMenuEnabled: true
11:27:19.393 [FXGL Background Thread 4 ] DEBUG Engine               - isIOS: false
11:27:19.395 [ForkJoinPool.commonPool-w] DEBUG TilesetLoader        - Loading view for layer decor
11:27:19.394 [FXGL Background Thread 4 ] DEBUG Engine               - isIntroEnabled: false
11:27:19.395 [ForkJoinPool.commonPool-w] DEBUG TilesetLoader        - Loading view for layer ground
11:27:19.395 [FXGL Background Thread 3 ] DEBUG TilesetLoader        - Loading view for layer path
11:27:19.396 [FXGL Background Thread 4 ] DEBUG Engine               - isLinux: false
11:27:19.396 [FXGL Background Thread 4 ] DEBUG Engine               - isMac: true
11:27:19.396 [FXGL Background Thread 4 ] DEBUG Engine               - isMainMenuEnabled: true
11:27:19.396 [FXGL Background Thread 4 ] DEBUG Engine               - isManualResizeEnabled: false
11:27:19.396 [FXGL Background Thread 4 ] DEBUG Engine               - isMobile: false
11:27:19.396 [FXGL Background Thread 4 ] DEBUG Engine               - isNative: false
11:27:19.396 [FXGL Background Thread 4 ] DEBUG Engine               - isPauseMusicWhenMinimized: true
11:27:19.396 [FXGL Background Thread 4 ] DEBUG Engine               - isPreserveResizeRatio: false
11:27:19.396 [FXGL Background Thread 4 ] DEBUG Engine               - isProfilingEnabled: false
11:27:19.396 [FXGL Background Thread 4 ] DEBUG Engine               - isScaleAffectedOnResize: true
11:27:19.396 [FXGL Background Thread 4 ] DEBUG Engine               - isSingleStep: false
11:27:19.397 [ForkJoinPool.commonPool-w] DEBUG TilesetLoader        - Created buffer with size 1600.0x896.0
11:27:19.398 [ForkJoinPool.commonPool-w] DEBUG TilesetLoader        - Created buffer with size 1600.0x896.0
11:27:19.398 [FXGL Background Thread 3 ] DEBUG TilesetLoader        - Created buffer with size 1600.0x896.0
11:27:19.396 [FXGL Background Thread 4 ] DEBUG Engine               - isUserProfileEnabled: false
11:27:19.400 [FXGL Background Thread 4 ] DEBUG Engine               - isWindows: false
11:27:19.452 [FXGL Background Thread 4 ] DEBUG Engine               - language: ObjectProperty [value: ENGLISH]
11:27:19.472 [FXGL Background Thread 4 ] DEBUG Engine               - menuKey: ESCAPE
11:27:19.474 [FXGL Background Thread 4 ] DEBUG Engine               - mouseSensitivity: 0.2
11:27:19.476 [FXGL Background Thread 4 ] DEBUG Engine               - notificationViewClass: class com.almasb.fxgl.notification.view.XboxNotificationView
11:27:19.477 [FXGL Background Thread 4 ] DEBUG Engine               - pixelsPerMeter: 50.0
11:27:19.490 [FXGL Background Thread 4 ] DEBUG Engine               - platform: MAC
11:27:19.491 [FXGL Background Thread 4 ] DEBUG Engine               - prefHeightProperty: ReadOnlyDoubleProperty [value: 896.0]
11:27:19.491 [FXGL Background Thread 4 ] DEBUG Engine               - prefWidthProperty: ReadOnlyDoubleProperty [value: 1600.0]
11:27:19.491 [FXGL Background Thread 4 ] DEBUG Engine               - profileDir: profiles/
11:27:19.492 [FXGL Background Thread 4 ] DEBUG Engine               - profileName: StringProperty [value: DEFAULT]
11:27:19.492 [FXGL Background Thread 4 ] DEBUG Engine               - randomSeed: -1
11:27:19.525 [FXGL Background Thread 4 ] DEBUG Engine               - runtimeInfo: RuntimeInfo(platform=MAC, version=17.1, build=24.03.2022 17.34)
11:27:19.526 [FXGL Background Thread 4 ] DEBUG Engine               - saveFileExt: sav
11:27:19.526 [FXGL Background Thread 4 ] DEBUG Engine               - scaledHeightProp$fxgl: DoubleProperty [bound, value: 896.0]
11:27:19.526 [FXGL Background Thread 4 ] DEBUG Engine               - scaledWidthProp$fxgl: DoubleProperty [bound, value: 1600.0]
11:27:19.527 [FXGL Background Thread 4 ] DEBUG Engine               - sceneFactory: com.ayushkr.CSAFinal.baseDefense.TowerDefenseApp$6@7de6d71d
11:27:19.527 [FXGL Background Thread 4 ] DEBUG Engine               - secondsIn24h: 60
11:27:19.527 [FXGL Background Thread 4 ] DEBUG Engine               - soundMenuBack: menu/back.wav
11:27:19.527 [FXGL Background Thread 4 ] DEBUG Engine               - soundMenuPress: menu/press.wav
11:27:19.527 [FXGL Background Thread 4 ] DEBUG Engine               - soundMenuSelect: menu/select.wav
11:27:19.528 [FXGL Background Thread 4 ] DEBUG Engine               - soundNotification: core/notification.wav
11:27:19.528 [FXGL Background Thread 4 ] DEBUG Engine               - stageStyle: DECORATED
11:27:19.528 [FXGL Background Thread 4 ] DEBUG Engine               - supportedLanguages: [ENGLISH, FRENCH, GERMAN, HUNGARIAN, RUSSIAN]
11:27:19.528 [FXGL Background Thread 4 ] DEBUG Engine               - ticksPerSecond: -1
11:27:19.531 [FXGL Background Thread 4 ] DEBUG Engine               - title: FXGL Tower Defense
11:27:19.531 [FXGL Background Thread 4 ] DEBUG Engine               - urlGithub: https://github.com/AlmasB/FXGL
11:27:19.531 [FXGL Background Thread 4 ] DEBUG Engine               - urlLeaderboard: http://fxgl-top.herokuapp.com/
11:27:19.531 [FXGL Background Thread 4 ] DEBUG Engine               - urlPOM: https://raw.githubusercontent.com/AlmasB/FXGL/release/README.md
11:27:19.531 [FXGL Background Thread 4 ] DEBUG Engine               - userAppClass: class com.ayushkr.CSAFinal.baseDefense.TowerDefenseApp
11:27:19.531 [FXGL Background Thread 4 ] DEBUG Engine               - version: 0.3
11:27:19.531 [FXGL Background Thread 4 ] DEBUG Engine               - versionCheckDays: 7
11:27:19.531 [FXGL Background Thread 4 ] DEBUG Engine               - width: 1600
11:27:19.532 [FXGL Background Thread 4 ] DEBUG Engine               - Logging services
11:27:19.532 [FXGL Background Thread 4 ] DEBUG Engine               - class com.almasb.fxgl.app.services.FXGLAssetLoaderService
11:27:19.532 [FXGL Background Thread 4 ] DEBUG Engine               - class com.almasb.fxgl.app.FXGLApplication$GameApplicationService
11:27:19.532 [FXGL Background Thread 4 ] DEBUG Engine               - class com.almasb.fxgl.app.services.FXGLDialogService
11:27:19.532 [FXGL Background Thread 4 ] DEBUG Engine               - class com.almasb.fxgl.app.services.IOTaskExecutorService
11:27:19.532 [FXGL Background Thread 4 ] DEBUG Engine               - class com.almasb.fxgl.io.FileSystemService
11:27:19.532 [FXGL Background Thread 4 ] DEBUG Engine               - class com.almasb.fxgl.localization.LocalizationService
11:27:19.532 [FXGL Background Thread 4 ] DEBUG Engine               - class com.almasb.fxgl.app.services.SystemBundleService
11:27:19.532 [FXGL Background Thread 4 ] DEBUG Engine               - class com.almasb.fxgl.profile.SaveLoadService
11:27:19.532 [FXGL Background Thread 4 ] DEBUG Engine               - class com.almasb.fxgl.ui.FXGLUIFactoryServiceProvider
11:27:19.532 [FXGL Background Thread 4 ] DEBUG Engine               - class com.almasb.fxgl.ui.FXGLDialogFactoryServiceProvider
11:27:19.532 [FXGL Background Thread 4 ] DEBUG Engine               - class com.almasb.fxgl.audio.AudioPlayer
11:27:19.532 [FXGL Background Thread 4 ] DEBUG Engine               - class com.almasb.fxgl.notification.impl.NotificationServiceProvider
11:27:19.532 [FXGL Background Thread 4 ] DEBUG Engine               - class com.almasb.fxgl.achievement.AchievementService
11:27:19.532 [FXGL Background Thread 4 ] DEBUG Engine               - class com.almasb.fxgl.cutscene.CutsceneService
11:27:19.532 [FXGL Background Thread 4 ] DEBUG Engine               - class com.almasb.fxgl.minigames.MiniGameService
11:27:19.532 [FXGL Background Thread 4 ] DEBUG Engine               - class com.almasb.fxgl.net.NetService
11:27:19.532 [FXGL Background Thread 4 ] DEBUG Engine               - class com.almasb.fxgl.app.services.UpdaterService
11:27:19.532 [FXGL Background Thread 4 ] DEBUG Engine               - class com.almasb.fxgl.dev.DevService
11:27:19.532 [FXGL Background Thread 4 ] DEBUG Engine               - class com.almasb.fxgl.quest.QuestService
11:27:19.532 [FXGL Background Thread 4 ] DEBUG Engine               - class com.ayushkr.CSAFinal.baseDefense.CurrencyService
11:27:19.583 [FXGL Background Thread 3 ] DEBUG TMXLevelLoader       - Creating object layer entities
11:27:19.714 [FXGL Background Thread 3 ] DEBUG GameWorld            - Clearing removable entities
11:27:19.715 [FXGL Background Thread 3 ] DEBUG GameWorld            - Setting level: com.almasb.fxgl.entity.level.Level@57fc3107
11:27:20.052 [JavaFX Application Thread] DEBUG Menu                 - fireNewGame()
11:27:20.052 [JavaFX Application Thread] DEBUG GameApplicationServi - Starting new game
11:27:20.053 [JavaFX Application Thread] DEBUG PrimaryStageWindow   - Pop state: TowerDefenseMainMenu
11:27:20.053 [JavaFX Application Thread] DEBUG Input                - Clearing active input actions
11:27:20.061 [JavaFX Application Thread] DEBUG GameApplicationServi - Removing overlay from TowerDefenseMainMenu and adding to FXGLMainMenuDummyScene
11:27:20.067 [JavaFX Application Thread] DEBUG PrimaryStageWindow   - FXGLMainMenuDummyScene <- TowerDefenseMainMenu
11:27:20.068 [JavaFX Application Thread] DEBUG Input                - Clearing active input actions
11:27:20.123 [JavaFX Application Thread] DEBUG GameApplicationServi - Removing overlay from FXGLMainMenuDummyScene and adding to FXGLLoadingScene
11:27:20.124 [JavaFX Application Thread] DEBUG PrimaryStageWindow   - FXGLMainMenuDummyScene -> FXGLLoadingScene
11:27:20.124 [JavaFX Application Thread] DEBUG GameApplicationServi - Clearing previous game
11:27:20.124 [JavaFX Application Thread] DEBUG GameScene            - Clearing game scene
11:27:20.124 [JavaFX Application Thread] DEBUG GameWorld            - Clearing game world
11:27:20.124 [JavaFX Application Thread] DEBUG PhysicsWorld         - Clearing physics world
11:27:20.127 [FXGL Background Thread 3 ] DEBUG FXGLApplication      - Initializing game
11:27:20.142 [FXGL Background Thread 3 ] DEBUG FXGLAssetLoaderServi - Loading JSON from: file:/Volumes/AYUSH%20DRIVE/School%202022-23/M359%20AP%20CS%20Java%20A/Projects/CSA%20Final%20Project/target/classes/assets/towers/tower1.json
11:27:20.175 [FXGL Background Thread 3 ] DEBUG FXGLAssetLoaderServi - Loading JSON from: file:/Volumes/AYUSH%20DRIVE/School%202022-23/M359%20AP%20CS%20Java%20A/Projects/CSA%20Final%20Project/target/classes/assets/towers/tower2.json
11:27:20.186 [FXGL Background Thread 3 ] DEBUG FXGLAssetLoaderServi - Loading JSON from: file:/Volumes/AYUSH%20DRIVE/School%202022-23/M359%20AP%20CS%20Java%20A/Projects/CSA%20Final%20Project/target/classes/assets/towers/tower3.json
11:27:20.191 [FXGL Background Thread 3 ] DEBUG FXGLAssetLoaderServi - Loading JSON from: file:/Volumes/AYUSH%20DRIVE/School%202022-23/M359%20AP%20CS%20Java%20A/Projects/CSA%20Final%20Project/target/classes/assets/towers/tower4.json
11:27:20.199 [FXGL Background Thread 3 ] DEBUG FXGLAssetLoaderServi - Loading JSON from: file:/Volumes/AYUSH%20DRIVE/School%202022-23/M359%20AP%20CS%20Java%20A/Projects/CSA%20Final%20Project/target/classes/assets/towers/tower5.json
11:27:20.206 [FXGL Background Thread 3 ] DEBUG FXGLAssetLoaderServi - Loading JSON from: file:/Volumes/AYUSH%20DRIVE/School%202022-23/M359%20AP%20CS%20Java%20A/Projects/CSA%20Final%20Project/target/classes/assets/towers/tower6.json
11:27:20.238 [FXGL Background Thread 3 ] DEBUG FXGLAssetLoaderServi - Loading from file system: file:/Volumes/AYUSH%20DRIVE/School%202022-23/M359%20AP%20CS%20Java%20A/Projects/CSA%20Final%20Project/target/classes/assets/textures/player.png
11:27:20.276 [FXGL Background Thread 3 ] WARN  TMXLevelLoader       - TiledMap generated from 1.10.0. Supported version: 1.4.2. Some features may not be parsed fully.
11:27:20.283 [FXGL Background Thread 3 ] DEBUG TMXLevelLoader       - Parsed TiledMap: file:/Volumes/AYUSH%20DRIVE/School%202022-23/M359%20AP%20CS%20Java%20A/Projects/CSA%20Final%20Project/target/classes/assets/levels/tmx/td1.tmx
11:27:20.283 [FXGL Background Thread 3 ] DEBUG TMXLevelLoader       - Creating tile layer entities
11:27:20.284 [FXGL Background Thread 3 ] DEBUG TilesetLoader        - Loading view for layer ground
11:27:20.284 [FXGL Background Thread 3 ] DEBUG TilesetLoader        - Created buffer with size 1600.0x896.0
11:27:20.362 [FXGL Background Thread 3 ] DEBUG TilesetLoader        - Loading view for layer path
11:27:20.363 [FXGL Background Thread 3 ] DEBUG TilesetLoader        - Created buffer with size 1600.0x896.0
11:27:20.364 [FXGL Background Thread 3 ] DEBUG TilesetLoader        - Loading view for layer decor
11:27:20.364 [FXGL Background Thread 3 ] DEBUG TilesetLoader        - Created buffer with size 1600.0x896.0
11:27:20.365 [FXGL Background Thread 3 ] DEBUG TMXLevelLoader       - Creating object layer entities
11:27:20.388 [FXGL Background Thread 3 ] DEBUG GameWorld            - Clearing removable entities
11:27:20.388 [FXGL Background Thread 3 ] DEBUG GameWorld            - Setting level: com.almasb.fxgl.entity.level.Level@18ccdf60
11:27:20.402 [FXGL Background Thread 3 ] DEBUG FXGLAssetLoaderServi - Loading from file system: file:/Volumes/AYUSH%20DRIVE/School%202022-23/M359%20AP%20CS%20Java%20A/Projects/CSA%20Final%20Project/target/classes/assets/textures/money.png
11:27:20.416 [FXGL Background Thread 3 ] DEBUG FXGLAssetLoaderServi - Loading from file system: file:/Volumes/AYUSH%20DRIVE/School%202022-23/M359%20AP%20CS%20Java%20A/Projects/CSA%20Final%20Project/target/classes/assets/textures/health.png
11:27:20.424 [FXGL Background Thread 3 ] INFO  FXGLApplication      - Game initialization took: 0.296 sec
11:27:20.424 [JavaFX Application Thread] DEBUG Input                - Clearing active input actions
11:27:20.437 [JavaFX Application Thread] DEBUG GameApplicationServi - Removing overlay from FXGLLoadingScene and adding to GameScene
11:27:20.438 [JavaFX Application Thread] DEBUG PrimaryStageWindow   - FXGLLoadingScene -> GameScene
11:27:52.660 [JavaFX Application Thread] DEBUG FXGLAssetLoaderServi - Loading JSON from: file:/Volumes/AYUSH%20DRIVE/School%202022-23/M359%20AP%20CS%20Java%20A/Projects/CSA%20Final%20Project/target/classes/assets/enemies/enemy1.json
11:27:52.706 [JavaFX Application Thread] DEBUG FXGLAssetLoaderServi - Loading from file system: file:/Volumes/AYUSH%20DRIVE/School%202022-23/M359%20AP%20CS%20Java%20A/Projects/CSA%20Final%20Project/target/classes/assets/textures/enemies/enemy1.png
11:28:01.219 [JavaFX Application Thread] DEBUG FXGLApplication      - Exiting FXGL
11:28:01.220 [JavaFX Application Thread] DEBUG LoopRunner           - Stopping loop
11:28:01.220 [JavaFX Application Thread] DEBUG SystemBundleService  - Saving FXGL system data
11:28:01.243 [JavaFX Application Thread] DEBUG FileSystemAccess     - Writing to: /Volumes/AYUSH DRIVE/School 2022-23/M359 AP CS Java A/Projects/CSA Final Project/system/fxgl.bundle
11:28:01.259 [JavaFX Application Thread] DEBUG Async                - Shutting down background threads
11:28:01.260 [JavaFX Application Thread] DEBUG PrimaryStageWindow   - Closing main window
11:28:01.270 [JavaFX Application Thread] DEBUG Logger               - Closing Logger
