11:30:39.197 [main                     ] DEBUG Logger               - Configured Logger
11:30:39.254 [main                     ] DEBUG GameApplication      - Logging settings
Title: FXGL Tower Defense
Version: 0.3
Width: 1600
Height: 896
Fullscreen: false
Intro: false
Profiling: false
Single step:false
App Mode: DEVELOPER
Menu Key: ESCAPE
Stage Style: DECORATED
Scene Factory: class com.ayushkr.CSAFinal.baseDefense.TowerDefenseApp$6

11:30:39.656 [JavaFX Application Thread] DEBUG FXGLApplication      - Initializing FXGL
11:30:39.667 [JavaFX Application Thread] INFO  Engine               - FXGL-17.1 (24.03.2022 17.34) on MAC (J:20 FX:18)
11:30:39.669 [JavaFX Application Thread] DEBUG Engine               - JRE Vendor Name: Oracle Corporation
11:30:39.669 [JavaFX Application Thread] DEBUG Engine               - Running on OS: Mac OS X version 13.1
11:30:39.669 [JavaFX Application Thread] DEBUG Engine               - Architecture: x86_64
11:30:39.669 [JavaFX Application Thread] INFO  Engine               - Source code and latest versions at: https://github.com/AlmasB/FXGL
11:30:39.670 [JavaFX Application Thread] INFO  Engine               -       Ask questions and discuss at: https://github.com/AlmasB/FXGL/discussions
11:30:39.670 [JavaFX Application Thread] INFO  Engine               -              Join the FXGL chat at: https://gitter.im/AlmasB/FXGL
11:30:39.740 [JavaFX Application Thread] DEBUG PrimaryStageWindow   - Creating a JavaFX scene
11:30:39.793 [JavaFX Application Thread] DEBUG PrimaryStageWindow   - Target settings size: 1600.0 x 896.0
11:30:39.794 [JavaFX Application Thread] DEBUG PrimaryStageWindow   - Scaled scene size:    1600.0 x 896.0
11:30:39.794 [JavaFX Application Thread] DEBUG PrimaryStageWindow   - Scaled ratio: (1.0, 1.0)
11:30:39.795 [JavaFX Application Thread] DEBUG PrimaryStageWindow   - Set initial scene to FXGLStartupScene
11:30:39.806 [JavaFX Application Thread] DEBUG PrimaryStageWindow   - Opening main window
11:30:39.892 [JavaFX Application Thread] DEBUG PrimaryStageWindow   - Window border size: (0.0, 28.0)
11:30:39.892 [JavaFX Application Thread] DEBUG PrimaryStageWindow   - Scaled size: 1600.0 x 896.0
11:30:39.892 [JavaFX Application Thread] DEBUG PrimaryStageWindow   - Scaled ratio: (1.0, 1.0)
11:30:39.893 [JavaFX Application Thread] DEBUG PrimaryStageWindow   - Scene size: 1600.0 x 896.0
11:30:39.894 [JavaFX Application Thread] DEBUG PrimaryStageWindow   - Stage size: 1600.0 x 924.0
11:30:39.904 [FXGL Background Thread 1 ] DEBUG Engine               - Initializing environment variables
11:30:40.092 [FXGL Background Thread 1 ] DEBUG FXGLAssetLoaderServi - User app class for loading assets: class com.ayushkr.CSAFinal.baseDefense.TowerDefenseApp
11:30:40.094 [FXGL Background Thread 1 ] DEBUG GameApplicationServi - Applying CSS: fxgl_dark.css
11:30:40.095 [FXGL Background Thread 1 ] DEBUG FXGLAssetLoaderServi - Loading from file system: jar:file:///Users/ayushkumarrai/.m2/repository/com/github/almasb/fxgl/17.1/fxgl-17.1.jar!/fxglassets/ui/css/fxgl_dark.css
11:30:40.173 [FXGL Background Thread 1 ] DEBUG GameApplicationServi - Applying CSS: main.css
11:30:40.174 [FXGL Background Thread 1 ] DEBUG FXGLAssetLoaderServi - Loading from file system: file:/Volumes/AYUSH%20DRIVE/School%202022-23/M359%20AP%20CS%20Java%20A/Projects/CSA%20Final%20Project/target/classes/assets/ui/css/main.css
11:30:40.176 [FXGL Background Thread 1 ] DEBUG GameApplicationServi - Initializing application scenes
11:30:40.607 [FXGL Background Thread 1 ] DEBUG GameWorld            - Game world initialized
11:30:40.667 [FXGL Background Thread 1 ] DEBUG PhysicsWorld         - Physics world initialized: appHeight=896, physics.ppm=50.0
11:30:40.668 [FXGL Background Thread 1 ] DEBUG PhysicsWorld         - Using strategy: BRUTE_FORCE
11:30:40.677 [FXGL Background Thread 1 ] DEBUG GameScene            - Game scene initialized: 1600x896
11:30:40.684 [FXGL Background Thread 1 ] DEBUG FXGLAssetLoaderServi - Loading from file system: file:/Volumes/AYUSH%20DRIVE/School%202022-23/M359%20AP%20CS%20Java%20A/Projects/CSA%20Final%20Project/target/classes/assets/textures/title.png
11:30:40.709 [FXGL Background Thread 1 ] DEBUG FXGLAssetLoaderServi - Loading JSON from: file:/Volumes/AYUSH%20DRIVE/School%202022-23/M359%20AP%20CS%20Java%20A/Projects/CSA%20Final%20Project/target/classes/assets/levels/level2.json
11:30:40.966 [FXGL Background Thread 1 ] DEBUG FXGLAssetLoaderServi - Loading JSON from: file:/Volumes/AYUSH%20DRIVE/School%202022-23/M359%20AP%20CS%20Java%20A/Projects/CSA%20Final%20Project/target/classes/assets/levels/level1.json
11:30:40.998 [FXGL Background Thread 2 ] DEBUG GameWorld            - Game world initialized
11:30:41.000 [FXGL Background Thread 2 ] DEBUG PhysicsWorld         - Physics world initialized: appHeight=448, physics.ppm=50.0
11:30:41.000 [FXGL Background Thread 2 ] DEBUG PhysicsWorld         - Using strategy: BRUTE_FORCE
11:30:41.004 [FXGL Background Thread 2 ] DEBUG GameScene            - Game scene initialized: 800x448
11:30:41.036 [FXGL Background Thread 1 ] DEBUG FXGLAssetLoaderServi - Loading JSON from: file:/Volumes/AYUSH%20DRIVE/School%202022-23/M359%20AP%20CS%20Java%20A/Projects/CSA%20Final%20Project/target/classes/assets/towers/tower1.json
11:30:41.087 [FXGL Background Thread 1 ] DEBUG FXGLAssetLoaderServi - Loading JSON from: file:/Volumes/AYUSH%20DRIVE/School%202022-23/M359%20AP%20CS%20Java%20A/Projects/CSA%20Final%20Project/target/classes/assets/towers/tower2.json
11:30:41.106 [FXGL Background Thread 1 ] DEBUG FXGLAssetLoaderServi - Loading JSON from: file:/Volumes/AYUSH%20DRIVE/School%202022-23/M359%20AP%20CS%20Java%20A/Projects/CSA%20Final%20Project/target/classes/assets/towers/tower3.json
11:30:41.107 [FXGL Background Thread 2 ] DEBUG TMXLevelLoader       - Parsed TiledMap: file:/Volumes/AYUSH%20DRIVE/School%202022-23/M359%20AP%20CS%20Java%20A/Projects/CSA%20Final%20Project/target/classes/assets/levels/tmx/td2.tmx
11:30:41.110 [FXGL Background Thread 2 ] DEBUG TMXLevelLoader       - Creating tile layer entities
11:30:41.135 [ForkJoinPool.commonPool-w] DEBUG TilesetLoader        - Loading view for layer ground
11:30:41.135 [FXGL Background Thread 2 ] DEBUG TilesetLoader        - Loading view for layer path
11:30:41.135 [ForkJoinPool.commonPool-w] DEBUG TilesetLoader        - Loading view for layer decor
11:30:41.139 [FXGL Background Thread 1 ] DEBUG FXGLAssetLoaderServi - Loading JSON from: file:/Volumes/AYUSH%20DRIVE/School%202022-23/M359%20AP%20CS%20Java%20A/Projects/CSA%20Final%20Project/target/classes/assets/towers/tower4.json
11:30:41.143 [ForkJoinPool.commonPool-w] DEBUG TilesetLoader        - Created buffer with size 1600.0x896.0
11:30:41.143 [FXGL Background Thread 2 ] DEBUG TilesetLoader        - Created buffer with size 1600.0x896.0
11:30:41.143 [ForkJoinPool.commonPool-w] DEBUG TilesetLoader        - Created buffer with size 1600.0x896.0
11:30:41.150 [FXGL Background Thread 1 ] DEBUG FXGLAssetLoaderServi - Loading JSON from: file:/Volumes/AYUSH%20DRIVE/School%202022-23/M359%20AP%20CS%20Java%20A/Projects/CSA%20Final%20Project/target/classes/assets/towers/tower5.json
11:30:41.192 [FXGL Background Thread 1 ] DEBUG FXGLAssetLoaderServi - Loading JSON from: file:/Volumes/AYUSH%20DRIVE/School%202022-23/M359%20AP%20CS%20Java%20A/Projects/CSA%20Final%20Project/target/classes/assets/towers/tower6.json
11:30:41.235 [FXGL Background Thread 1 ] DEBUG FXGLAssetLoaderServi - Loading from file system: file:/Volumes/AYUSH%20DRIVE/School%202022-23/M359%20AP%20CS%20Java%20A/Projects/CSA%20Final%20Project/target/classes/assets/textures/towers/tower1.png
11:30:41.270 [FXGL Background Thread 1 ] DEBUG FXGLAssetLoaderServi - Loading from file system: file:/Volumes/AYUSH%20DRIVE/School%202022-23/M359%20AP%20CS%20Java%20A/Projects/CSA%20Final%20Project/target/classes/assets/textures/towers/tower2.png
11:30:41.282 [FXGL Background Thread 1 ] DEBUG FXGLAssetLoaderServi - Loading from file system: file:/Volumes/AYUSH%20DRIVE/School%202022-23/M359%20AP%20CS%20Java%20A/Projects/CSA%20Final%20Project/target/classes/assets/textures/towers/tower3.png
11:30:41.300 [FXGL Background Thread 1 ] DEBUG FXGLAssetLoaderServi - Loading from file system: file:/Volumes/AYUSH%20DRIVE/School%202022-23/M359%20AP%20CS%20Java%20A/Projects/CSA%20Final%20Project/target/classes/assets/textures/towers/tower4.png
11:30:41.318 [FXGL Background Thread 1 ] DEBUG FXGLAssetLoaderServi - Loading from file system: file:/Volumes/AYUSH%20DRIVE/School%202022-23/M359%20AP%20CS%20Java%20A/Projects/CSA%20Final%20Project/target/classes/assets/textures/towers/tower5.png
11:30:41.338 [FXGL Background Thread 1 ] DEBUG FXGLAssetLoaderServi - Loading from file system: file:/Volumes/AYUSH%20DRIVE/School%202022-23/M359%20AP%20CS%20Java%20A/Projects/CSA%20Final%20Project/target/classes/assets/textures/towers/tower6.png
11:30:41.758 [FXGL Background Thread 2 ] DEBUG TMXLevelLoader       - Creating object layer entities
11:30:41.770 [FXGL Background Thread 1 ] DEBUG GameApplicationServi - Application scenes initialized
11:30:41.845 [FXGL Background Thread 1 ] DEBUG SystemBundleService  - Loading FXGL system data
11:30:41.863 [FXGL Background Thread 1 ] DEBUG FileSystemAccess     - Reading from: /Volumes/AYUSH DRIVE/School 2022-23/M359 AP CS Java A/Projects/CSA Final Project/system/fxgl.bundle
11:30:41.892 [FXGL Background Thread 1 ] DEBUG SystemBundleService  - Bundle FXGL: {}
11:30:41.893 [FXGL Background Thread 1 ] DEBUG UpdaterService       - Checking for updates
11:30:41.901 [FXGL Background Thread 1 ] DEBUG FXGLApplication      - Loading default localization
11:30:41.899 [FXGL Background Thread 5 ] DEBUG FXGLApplication      - Loading fonts
11:30:41.915 [FXGL Background Thread 1 ] DEBUG FXGLAssetLoaderServi - Loading from file system: jar:file:///Users/ayushkumarrai/.m2/repository/com/github/almasb/fxgl/17.1/fxgl-17.1.jar!/fxglassets/languages/english.lang
11:30:41.915 [FXGL Background Thread 5 ] DEBUG FXGLAssetLoaderServi - Loading from file system: jar:file:///Users/ayushkumarrai/.m2/repository/com/github/almasb/fxgl/17.1/fxgl-17.1.jar!/fxglassets/ui/fonts/VarelaRound-Regular.ttf
11:30:41.946 [FXGL Background Thread 1 ] INFO  FXGLApplication      - FXGL initialization took: 2.039 sec
11:30:41.959 [JavaFX Application Thread] DEBUG Input                - Registered new binding: Left - A
11:30:41.959 [JavaFX Application Thread] DEBUG Input                - Registered new binding: Right - D
11:30:41.959 [JavaFX Application Thread] DEBUG Input                - Registered new binding: Up - W
11:30:41.959 [JavaFX Application Thread] DEBUG Input                - Registered new binding: Down - Down
11:30:41.959 [JavaFX Application Thread] DEBUG Input                - Registered new binding: Use - E
11:30:41.962 [JavaFX Application Thread] DEBUG FXGLAssetLoaderServi - Loading from file system: jar:file:///Users/ayushkumarrai/.m2/repository/com/github/almasb/fxgl/17.1/fxgl-17.1.jar!/fxglassets/textures/fxgl_icon.png
11:30:41.979 [FXGL Background Thread 5 ] DEBUG FXGLAssetLoaderServi - Loading from file system: jar:file:///Users/ayushkumarrai/.m2/repository/com/github/almasb/fxgl/17.1/fxgl-17.1.jar!/fxglassets/ui/fonts/Abel-Regular.ttf
11:30:41.990 [FXGL Background Thread 5 ] DEBUG FXGLAssetLoaderServi - Loading from file system: jar:file:///Users/ayushkumarrai/.m2/repository/com/github/almasb/fxgl/17.1/fxgl-17.1.jar!/fxglassets/ui/fonts/TerminalLandMono-Regular.otf
11:30:41.999 [FXGL Background Thread 5 ] DEBUG FXGLAssetLoaderServi - Loading from file system: jar:file:///Users/ayushkumarrai/.m2/repository/com/github/almasb/fxgl/17.1/fxgl-17.1.jar!/fxglassets/ui/fonts/Courier-Prime.ttf
11:30:42.005 [JavaFX Application Thread] DEBUG FXGLAssetLoaderServi - Loading from file system: jar:file:///Users/ayushkumarrai/.m2/repository/com/github/almasb/fxgl/17.1/fxgl-17.1.jar!/fxglassets/textures/fxgl_default_cursor.png
11:30:42.009 [JavaFX Application Thread] DEBUG Input                - Registered new binding: Screenshot - CTRL+8
11:30:42.010 [JavaFX Application Thread] DEBUG Input                - Registered new binding: System info dump - CTRL+9
11:30:42.011 [JavaFX Application Thread] DEBUG Input                - Registered new binding: Restart - CTRL+R
11:30:42.012 [JavaFX Application Thread] DEBUG Input                - Registered new binding: Toggle Debug Camera - CTRL+7
11:30:42.016 [JavaFX Application Thread] DEBUG LoopRunner           - Starting loop
11:30:42.018 [JavaFX Application Thread] DEBUG LoopRunner           - Initializing JavaFX AnimationTimerLoop
11:30:42.023 [JavaFX Application Thread] DEBUG Input                - Clearing active input actions
11:30:42.113 [JavaFX Application Thread] DEBUG GameApplicationServi - Removing overlay from FXGLStartupScene and adding to FXGLMainMenuDummyScene
11:30:42.115 [JavaFX Application Thread] DEBUG PrimaryStageWindow   - FXGLStartupScene -> FXGLMainMenuDummyScene
11:30:42.115 [JavaFX Application Thread] DEBUG PrimaryStageWindow   - Push state: TowerDefenseMainMenu
11:30:42.116 [JavaFX Application Thread] DEBUG Input                - Clearing active input actions
11:30:42.124 [JavaFX Application Thread] DEBUG GameApplicationServi - Removing overlay from FXGLMainMenuDummyScene and adding to TowerDefenseMainMenu
11:30:42.125 [JavaFX Application Thread] DEBUG PrimaryStageWindow   - FXGLMainMenuDummyScene -> TowerDefenseMainMenu
11:30:42.138 [FXGL Background Thread 2 ] DEBUG GameWorld            - Clearing removable entities
11:30:42.139 [FXGL Background Thread 2 ] DEBUG GameWorld            - Setting level: com.almasb.fxgl.entity.level.Level@69bcb47
11:30:42.177 [JavaFX Application Thread] DEBUG FXGLApplication      - Registering font factories with UI factory
11:30:42.671 [FXGL Background Thread 3 ] INFO  UpdaterService       - Your current version:  17.1
11:30:42.673 [FXGL Background Thread 3 ] INFO  UpdaterService       - Latest stable version: 17.3
11:30:44.616 [FXGL Background Thread 3 ] DEBUG GameWorld            - Game world initialized
11:30:44.621 [FXGL Background Thread 3 ] DEBUG PhysicsWorld         - Physics world initialized: appHeight=448, physics.ppm=50.0
11:30:44.622 [FXGL Background Thread 3 ] DEBUG PhysicsWorld         - Using strategy: BRUTE_FORCE
11:30:44.625 [FXGL Background Thread 3 ] DEBUG GameScene            - Game scene initialized: 800x448
11:30:44.634 [FXGL Background Thread 3 ] WARN  TMXLevelLoader       - TiledMap generated from 1.10.0. Supported version: 1.4.2. Some features may not be parsed fully.
11:30:44.644 [FXGL Background Thread 3 ] DEBUG TMXLevelLoader       - Parsed TiledMap: file:/Volumes/AYUSH%20DRIVE/School%202022-23/M359%20AP%20CS%20Java%20A/Projects/CSA%20Final%20Project/target/classes/assets/levels/tmx/td1.tmx
11:30:44.644 [FXGL Background Thread 3 ] DEBUG TMXLevelLoader       - Creating tile layer entities
11:30:44.646 [FXGL Background Thread 3 ] DEBUG TilesetLoader        - Loading view for layer path
11:30:44.646 [ForkJoinPool.commonPool-w] DEBUG TilesetLoader        - Loading view for layer decor
11:30:44.646 [ForkJoinPool.commonPool-w] DEBUG TilesetLoader        - Loading view for layer ground
11:30:44.647 [ForkJoinPool.commonPool-w] DEBUG TilesetLoader        - Created buffer with size 1600.0x896.0
11:30:44.647 [FXGL Background Thread 3 ] DEBUG TilesetLoader        - Created buffer with size 1600.0x896.0
11:30:44.648 [ForkJoinPool.commonPool-w] DEBUG TilesetLoader        - Created buffer with size 1600.0x896.0
11:30:44.777 [FXGL Background Thread 3 ] DEBUG TMXLevelLoader       - Creating object layer entities
11:30:44.888 [FXGL Background Thread 3 ] DEBUG GameWorld            - Clearing removable entities
11:30:44.888 [FXGL Background Thread 3 ] DEBUG GameWorld            - Setting level: com.almasb.fxgl.entity.level.Level@33d8de09
11:30:44.902 [FXGL Background Thread 4 ] DEBUG Engine               - Logging environment variables
11:30:44.904 [FXGL Background Thread 4 ] DEBUG Engine               - achievements: []
11:30:44.904 [FXGL Background Thread 4 ] DEBUG Engine               - actualHeight: 896.0
11:30:44.904 [FXGL Background Thread 4 ] DEBUG Engine               - actualHeightProperty: ReadOnlyDoubleProperty [value: 896.0]
11:30:44.904 [FXGL Background Thread 4 ] DEBUG Engine               - actualWidth: 1600.0
11:30:44.904 [FXGL Background Thread 4 ] DEBUG Engine               - actualWidthProperty: ReadOnlyDoubleProperty [value: 1600.0]
11:30:44.904 [FXGL Background Thread 4 ] DEBUG Engine               - appIcon: fxgl_icon.png
11:30:44.904 [FXGL Background Thread 4 ] DEBUG Engine               - applicationMode: DEVELOPER
11:30:44.904 [FXGL Background Thread 4 ] DEBUG Engine               - cSSList: [fxgl_dark.css, main.css]
11:30:44.904 [FXGL Background Thread 4 ] DEBUG Engine               - collisionDetectionStrategy: BRUTE_FORCE
11:30:44.904 [FXGL Background Thread 4 ] DEBUG Engine               - configClass: Optional.empty
11:30:44.904 [FXGL Background Thread 4 ] DEBUG Engine               - credits: []
11:30:44.912 [FXGL Background Thread 4 ] DEBUG Engine               - defaultCursor: CursorInfo(imageName=fxgl_default_cursor.png, hotspotX=7.0, hotspotY=6.0)
11:30:44.913 [FXGL Background Thread 4 ] DEBUG Engine               - devBBoxColorProperty: ObjectProperty [value: 0xff0000ff]
11:30:44.914 [FXGL Background Thread 4 ] DEBUG Engine               - devEnableDebugCameraProperty: BooleanProperty [value: false]
11:30:44.916 [FXGL Background Thread 4 ] DEBUG Engine               - devSensorColorProperty: ObjectProperty [value: 0xffff00ff]
11:30:44.917 [FXGL Background Thread 4 ] DEBUG Engine               - devShowBBoxProperty: BooleanProperty [value: false]
11:30:44.917 [FXGL Background Thread 4 ] DEBUG Engine               - devShowPositionProperty: BooleanProperty [value: false]
11:30:44.917 [FXGL Background Thread 4 ] DEBUG Engine               - enabledMenuItems: []
11:30:44.917 [FXGL Background Thread 4 ] DEBUG Engine               - engineServices: [class com.almasb.fxgl.app.services.FXGLAssetLoaderService, class com.almasb.fxgl.app.FXGLApplication$GameApplicationService, class com.almasb.fxgl.app.services.FXGLDialogService, class com.almasb.fxgl.app.services.IOTaskExecutorService, class com.almasb.fxgl.io.FileSystemService, class com.almasb.fxgl.localization.LocalizationService, class com.almasb.fxgl.app.services.SystemBundleService, class com.almasb.fxgl.profile.SaveLoadService, class com.almasb.fxgl.ui.FXGLUIFactoryServiceProvider, class com.almasb.fxgl.ui.FXGLDialogFactoryServiceProvider, class com.almasb.fxgl.audio.AudioPlayer, class com.almasb.fxgl.notification.impl.NotificationServiceProvider, class com.almasb.fxgl.achievement.AchievementService, class com.almasb.fxgl.cutscene.CutsceneService, class com.almasb.fxgl.minigames.MiniGameService, class com.almasb.fxgl.net.NetService, class com.almasb.fxgl.app.services.UpdaterService, class com.almasb.fxgl.dev.DevService, class com.almasb.fxgl.quest.QuestService, class com.ayushkr.CSAFinal.baseDefense.CurrencyService]
11:30:44.917 [FXGL Background Thread 4 ] DEBUG Engine               - fontGame: Abel-Regular.ttf
11:30:44.917 [FXGL Background Thread 4 ] DEBUG Engine               - fontMono: TerminalLandMono-Regular.otf
11:30:44.917 [FXGL Background Thread 4 ] DEBUG Engine               - fontText: Courier-Prime.ttf
11:30:44.917 [FXGL Background Thread 4 ] DEBUG Engine               - fontUI: VarelaRound-Regular.ttf
11:30:44.917 [FXGL Background Thread 4 ] DEBUG Engine               - fullScreen: BooleanProperty [value: false]
11:30:44.917 [FXGL Background Thread 4 ] DEBUG Engine               - gameDifficulty: MEDIUM
11:30:44.917 [FXGL Background Thread 4 ] DEBUG Engine               - gameDifficultyProperty: ObjectProperty [value: MEDIUM]
11:30:44.917 [FXGL Background Thread 4 ] DEBUG Engine               - globalMusicVolume: 0.5
11:30:44.917 [FXGL Background Thread 4 ] DEBUG Engine               - globalMusicVolumeProperty: DoubleProperty [value: 0.5]
11:30:44.917 [FXGL Background Thread 4 ] DEBUG Engine               - globalSoundVolume: 0.5
11:30:44.917 [FXGL Background Thread 4 ] DEBUG Engine               - globalSoundVolumeProperty: DoubleProperty [value: 0.5]
11:30:44.918 [FXGL Background Thread 4 ] DEBUG Engine               - height: 896
11:30:44.918 [FXGL Background Thread 4 ] DEBUG Engine               - is3D: false
11:30:44.918 [FXGL Background Thread 4 ] DEBUG Engine               - isAndroid: false
11:30:44.918 [FXGL Background Thread 4 ] DEBUG Engine               - isBrowser: false
11:30:44.918 [FXGL Background Thread 4 ] DEBUG Engine               - isClickFeedbackEnabled: false
11:30:44.918 [FXGL Background Thread 4 ] DEBUG Engine               - isCloseConfirmation: false
11:30:44.918 [FXGL Background Thread 4 ] DEBUG Engine               - isDesktop: true
11:30:44.918 [FXGL Background Thread 4 ] DEBUG Engine               - isDeveloperMenuEnabled: false
11:30:44.918 [FXGL Background Thread 4 ] DEBUG Engine               - isEmbedded: false
11:30:44.918 [FXGL Background Thread 4 ] DEBUG Engine               - isEntityPreloadEnabled: true
11:30:44.918 [FXGL Background Thread 4 ] DEBUG Engine               - isExperimentalTiledLargeMap: false
11:30:44.918 [FXGL Background Thread 4 ] DEBUG Engine               - isFileSystemWriteAllowed: true
11:30:44.918 [FXGL Background Thread 4 ] DEBUG Engine               - isFullScreenAllowed: false
11:30:44.918 [FXGL Background Thread 4 ] DEBUG Engine               - isFullScreenFromStart: false
11:30:44.918 [FXGL Background Thread 4 ] DEBUG Engine               - isGameMenuEnabled: true
11:30:44.918 [FXGL Background Thread 4 ] DEBUG Engine               - isIOS: false
11:30:44.918 [FXGL Background Thread 4 ] DEBUG Engine               - isIntroEnabled: false
11:30:44.918 [FXGL Background Thread 4 ] DEBUG Engine               - isLinux: false
11:30:44.918 [FXGL Background Thread 4 ] DEBUG Engine               - isMac: true
11:30:44.918 [FXGL Background Thread 4 ] DEBUG Engine               - isMainMenuEnabled: true
11:30:44.919 [FXGL Background Thread 4 ] DEBUG Engine               - isManualResizeEnabled: false
11:30:44.919 [FXGL Background Thread 4 ] DEBUG Engine               - isMobile: false
11:30:44.920 [FXGL Background Thread 4 ] DEBUG Engine               - isNative: false
11:30:44.920 [FXGL Background Thread 4 ] DEBUG Engine               - isPauseMusicWhenMinimized: true
11:30:44.921 [FXGL Background Thread 4 ] DEBUG Engine               - isPreserveResizeRatio: false
11:30:44.921 [FXGL Background Thread 4 ] DEBUG Engine               - isProfilingEnabled: false
11:30:44.922 [FXGL Background Thread 4 ] DEBUG Engine               - isScaleAffectedOnResize: true
11:30:44.922 [FXGL Background Thread 4 ] DEBUG Engine               - isSingleStep: false
11:30:44.922 [FXGL Background Thread 4 ] DEBUG Engine               - isUserProfileEnabled: false
11:30:44.922 [FXGL Background Thread 4 ] DEBUG Engine               - isWindows: false
11:30:44.922 [FXGL Background Thread 4 ] DEBUG Engine               - language: ObjectProperty [value: ENGLISH]
11:30:44.923 [FXGL Background Thread 4 ] DEBUG Engine               - menuKey: ESCAPE
11:30:44.926 [FXGL Background Thread 4 ] DEBUG Engine               - mouseSensitivity: 0.2
11:30:44.926 [FXGL Background Thread 4 ] DEBUG Engine               - notificationViewClass: class com.almasb.fxgl.notification.view.XboxNotificationView
11:30:44.926 [FXGL Background Thread 4 ] DEBUG Engine               - pixelsPerMeter: 50.0
11:30:44.926 [FXGL Background Thread 4 ] DEBUG Engine               - platform: MAC
11:30:44.926 [FXGL Background Thread 4 ] DEBUG Engine               - prefHeightProperty: ReadOnlyDoubleProperty [value: 896.0]
11:30:44.926 [FXGL Background Thread 4 ] DEBUG Engine               - prefWidthProperty: ReadOnlyDoubleProperty [value: 1600.0]
11:30:44.926 [FXGL Background Thread 4 ] DEBUG Engine               - profileDir: profiles/
11:30:44.926 [FXGL Background Thread 4 ] DEBUG Engine               - profileName: StringProperty [value: DEFAULT]
11:30:44.926 [FXGL Background Thread 4 ] DEBUG Engine               - randomSeed: -1
11:30:44.928 [FXGL Background Thread 4 ] DEBUG Engine               - runtimeInfo: RuntimeInfo(platform=MAC, version=17.1, build=24.03.2022 17.34)
11:30:44.928 [FXGL Background Thread 4 ] DEBUG Engine               - saveFileExt: sav
11:30:44.928 [FXGL Background Thread 4 ] DEBUG Engine               - scaledHeightProp$fxgl: DoubleProperty [bound, value: 896.0]
11:30:44.928 [FXGL Background Thread 4 ] DEBUG Engine               - scaledWidthProp$fxgl: DoubleProperty [bound, value: 1600.0]
11:30:44.928 [FXGL Background Thread 4 ] DEBUG Engine               - sceneFactory: com.ayushkr.CSAFinal.baseDefense.TowerDefenseApp$6@3b885754
11:30:44.928 [FXGL Background Thread 4 ] DEBUG Engine               - secondsIn24h: 60
11:30:44.928 [FXGL Background Thread 4 ] DEBUG Engine               - soundMenuBack: menu/back.wav
11:30:44.928 [FXGL Background Thread 4 ] DEBUG Engine               - soundMenuPress: menu/press.wav
11:30:44.928 [FXGL Background Thread 4 ] DEBUG Engine               - soundMenuSelect: menu/select.wav
11:30:44.928 [FXGL Background Thread 4 ] DEBUG Engine               - soundNotification: core/notification.wav
11:30:44.928 [FXGL Background Thread 4 ] DEBUG Engine               - stageStyle: DECORATED
11:30:44.929 [FXGL Background Thread 4 ] DEBUG Engine               - supportedLanguages: [ENGLISH, FRENCH, GERMAN, HUNGARIAN, RUSSIAN]
11:30:44.930 [FXGL Background Thread 4 ] DEBUG Engine               - ticksPerSecond: -1
11:30:44.930 [FXGL Background Thread 4 ] DEBUG Engine               - title: FXGL Tower Defense
11:30:44.930 [FXGL Background Thread 4 ] DEBUG Engine               - urlGithub: https://github.com/AlmasB/FXGL
11:30:44.930 [FXGL Background Thread 4 ] DEBUG Engine               - urlLeaderboard: http://fxgl-top.herokuapp.com/
11:30:44.930 [FXGL Background Thread 4 ] DEBUG Engine               - urlPOM: https://raw.githubusercontent.com/AlmasB/FXGL/release/README.md
11:30:44.930 [FXGL Background Thread 4 ] DEBUG Engine               - userAppClass: class com.ayushkr.CSAFinal.baseDefense.TowerDefenseApp
11:30:44.930 [FXGL Background Thread 4 ] DEBUG Engine               - version: 0.3
11:30:44.930 [FXGL Background Thread 4 ] DEBUG Engine               - versionCheckDays: 7
11:30:44.931 [FXGL Background Thread 4 ] DEBUG Engine               - width: 1600
11:30:44.931 [FXGL Background Thread 4 ] DEBUG Engine               - Logging services
11:30:44.931 [FXGL Background Thread 4 ] DEBUG Engine               - class com.almasb.fxgl.app.services.FXGLAssetLoaderService
11:30:44.931 [FXGL Background Thread 4 ] DEBUG Engine               - class com.almasb.fxgl.app.FXGLApplication$GameApplicationService
11:30:44.931 [FXGL Background Thread 4 ] DEBUG Engine               - class com.almasb.fxgl.app.services.FXGLDialogService
11:30:44.931 [FXGL Background Thread 4 ] DEBUG Engine               - class com.almasb.fxgl.app.services.IOTaskExecutorService
11:30:44.931 [FXGL Background Thread 4 ] DEBUG Engine               - class com.almasb.fxgl.io.FileSystemService
11:30:44.931 [FXGL Background Thread 4 ] DEBUG Engine               - class com.almasb.fxgl.localization.LocalizationService
11:30:44.931 [FXGL Background Thread 4 ] DEBUG Engine               - class com.almasb.fxgl.app.services.SystemBundleService
11:30:44.931 [FXGL Background Thread 4 ] DEBUG Engine               - class com.almasb.fxgl.profile.SaveLoadService
11:30:44.931 [FXGL Background Thread 4 ] DEBUG Engine               - class com.almasb.fxgl.ui.FXGLUIFactoryServiceProvider
11:30:44.931 [FXGL Background Thread 4 ] DEBUG Engine               - class com.almasb.fxgl.ui.FXGLDialogFactoryServiceProvider
11:30:44.931 [FXGL Background Thread 4 ] DEBUG Engine               - class com.almasb.fxgl.audio.AudioPlayer
11:30:44.931 [FXGL Background Thread 4 ] DEBUG Engine               - class com.almasb.fxgl.notification.impl.NotificationServiceProvider
11:30:44.931 [FXGL Background Thread 4 ] DEBUG Engine               - class com.almasb.fxgl.achievement.AchievementService
11:30:44.931 [FXGL Background Thread 4 ] DEBUG Engine               - class com.almasb.fxgl.cutscene.CutsceneService
11:30:44.931 [FXGL Background Thread 4 ] DEBUG Engine               - class com.almasb.fxgl.minigames.MiniGameService
11:30:44.931 [FXGL Background Thread 4 ] DEBUG Engine               - class com.almasb.fxgl.net.NetService
11:30:44.931 [FXGL Background Thread 4 ] DEBUG Engine               - class com.almasb.fxgl.app.services.UpdaterService
11:30:44.931 [FXGL Background Thread 4 ] DEBUG Engine               - class com.almasb.fxgl.dev.DevService
11:30:44.931 [FXGL Background Thread 4 ] DEBUG Engine               - class com.almasb.fxgl.quest.QuestService
11:30:44.931 [FXGL Background Thread 4 ] DEBUG Engine               - class com.ayushkr.CSAFinal.baseDefense.CurrencyService
11:30:45.570 [JavaFX Application Thread] DEBUG Menu                 - fireNewGame()
11:30:45.574 [JavaFX Application Thread] DEBUG GameApplicationServi - Starting new game
11:30:45.575 [JavaFX Application Thread] DEBUG PrimaryStageWindow   - Pop state: TowerDefenseMainMenu
11:30:45.575 [JavaFX Application Thread] DEBUG Input                - Clearing active input actions
11:30:45.586 [JavaFX Application Thread] DEBUG GameApplicationServi - Removing overlay from TowerDefenseMainMenu and adding to FXGLMainMenuDummyScene
11:30:45.595 [JavaFX Application Thread] DEBUG PrimaryStageWindow   - FXGLMainMenuDummyScene <- TowerDefenseMainMenu
11:30:45.595 [JavaFX Application Thread] DEBUG Input                - Clearing active input actions
11:30:45.644 [JavaFX Application Thread] DEBUG GameApplicationServi - Removing overlay from FXGLMainMenuDummyScene and adding to FXGLLoadingScene
11:30:45.645 [JavaFX Application Thread] DEBUG PrimaryStageWindow   - FXGLMainMenuDummyScene -> FXGLLoadingScene
11:30:45.645 [JavaFX Application Thread] DEBUG GameApplicationServi - Clearing previous game
11:30:45.645 [JavaFX Application Thread] DEBUG GameScene            - Clearing game scene
11:30:45.645 [JavaFX Application Thread] DEBUG GameWorld            - Clearing game world
11:30:45.645 [JavaFX Application Thread] DEBUG PhysicsWorld         - Clearing physics world
11:30:45.651 [FXGL Background Thread 3 ] DEBUG FXGLApplication      - Initializing game
11:30:45.657 [FXGL Background Thread 3 ] DEBUG FXGLAssetLoaderServi - Loading JSON from: file:/Volumes/AYUSH%20DRIVE/School%202022-23/M359%20AP%20CS%20Java%20A/Projects/CSA%20Final%20Project/target/classes/assets/towers/tower1.json
11:30:45.678 [FXGL Background Thread 3 ] DEBUG FXGLAssetLoaderServi - Loading JSON from: file:/Volumes/AYUSH%20DRIVE/School%202022-23/M359%20AP%20CS%20Java%20A/Projects/CSA%20Final%20Project/target/classes/assets/towers/tower2.json
11:30:45.685 [FXGL Background Thread 3 ] DEBUG FXGLAssetLoaderServi - Loading JSON from: file:/Volumes/AYUSH%20DRIVE/School%202022-23/M359%20AP%20CS%20Java%20A/Projects/CSA%20Final%20Project/target/classes/assets/towers/tower3.json
11:30:45.690 [FXGL Background Thread 3 ] DEBUG FXGLAssetLoaderServi - Loading JSON from: file:/Volumes/AYUSH%20DRIVE/School%202022-23/M359%20AP%20CS%20Java%20A/Projects/CSA%20Final%20Project/target/classes/assets/towers/tower4.json
11:30:45.701 [FXGL Background Thread 3 ] DEBUG FXGLAssetLoaderServi - Loading JSON from: file:/Volumes/AYUSH%20DRIVE/School%202022-23/M359%20AP%20CS%20Java%20A/Projects/CSA%20Final%20Project/target/classes/assets/towers/tower5.json
11:30:45.711 [FXGL Background Thread 3 ] DEBUG FXGLAssetLoaderServi - Loading JSON from: file:/Volumes/AYUSH%20DRIVE/School%202022-23/M359%20AP%20CS%20Java%20A/Projects/CSA%20Final%20Project/target/classes/assets/towers/tower6.json
11:30:45.746 [FXGL Background Thread 3 ] DEBUG FXGLAssetLoaderServi - Loading from file system: file:/Volumes/AYUSH%20DRIVE/School%202022-23/M359%20AP%20CS%20Java%20A/Projects/CSA%20Final%20Project/target/classes/assets/textures/player.png
11:30:45.788 [FXGL Background Thread 3 ] WARN  TMXLevelLoader       - TiledMap generated from 1.10.0. Supported version: 1.4.2. Some features may not be parsed fully.
11:30:45.796 [FXGL Background Thread 3 ] DEBUG TMXLevelLoader       - Parsed TiledMap: file:/Volumes/AYUSH%20DRIVE/School%202022-23/M359%20AP%20CS%20Java%20A/Projects/CSA%20Final%20Project/target/classes/assets/levels/tmx/td1.tmx
11:30:45.796 [FXGL Background Thread 3 ] DEBUG TMXLevelLoader       - Creating tile layer entities
11:30:45.797 [FXGL Background Thread 3 ] DEBUG TilesetLoader        - Loading view for layer ground
11:30:45.797 [FXGL Background Thread 3 ] DEBUG TilesetLoader        - Created buffer with size 1600.0x896.0
11:30:45.867 [FXGL Background Thread 3 ] DEBUG TilesetLoader        - Loading view for layer path
11:30:45.867 [FXGL Background Thread 3 ] DEBUG TilesetLoader        - Created buffer with size 1600.0x896.0
11:30:45.868 [FXGL Background Thread 3 ] DEBUG TilesetLoader        - Loading view for layer decor
11:30:45.868 [FXGL Background Thread 3 ] DEBUG TilesetLoader        - Created buffer with size 1600.0x896.0
11:30:45.870 [FXGL Background Thread 3 ] DEBUG TMXLevelLoader       - Creating object layer entities
11:30:45.884 [FXGL Background Thread 3 ] DEBUG GameWorld            - Clearing removable entities
11:30:45.886 [FXGL Background Thread 3 ] DEBUG GameWorld            - Setting level: com.almasb.fxgl.entity.level.Level@5b155c18
11:30:45.890 [FXGL Background Thread 3 ] DEBUG FXGLAssetLoaderServi - Loading from file system: file:/Volumes/AYUSH%20DRIVE/School%202022-23/M359%20AP%20CS%20Java%20A/Projects/CSA%20Final%20Project/target/classes/assets/textures/money.png
11:30:45.904 [FXGL Background Thread 3 ] DEBUG FXGLAssetLoaderServi - Loading from file system: file:/Volumes/AYUSH%20DRIVE/School%202022-23/M359%20AP%20CS%20Java%20A/Projects/CSA%20Final%20Project/target/classes/assets/textures/health.png
11:30:45.910 [FXGL Background Thread 3 ] INFO  FXGLApplication      - Game initialization took: 0.260 sec
11:30:45.910 [JavaFX Application Thread] DEBUG Input                - Clearing active input actions
11:30:45.937 [JavaFX Application Thread] DEBUG GameApplicationServi - Removing overlay from FXGLLoadingScene and adding to GameScene
11:30:45.937 [JavaFX Application Thread] DEBUG PrimaryStageWindow   - FXGLLoadingScene -> GameScene
11:31:14.187 [JavaFX Application Thread] DEBUG FXGLApplication      - Exiting FXGL
11:31:14.197 [JavaFX Application Thread] DEBUG LoopRunner           - Stopping loop
11:31:14.198 [JavaFX Application Thread] DEBUG SystemBundleService  - Saving FXGL system data
11:31:14.263 [JavaFX Application Thread] DEBUG FileSystemAccess     - Writing to: /Volumes/AYUSH DRIVE/School 2022-23/M359 AP CS Java A/Projects/CSA Final Project/system/fxgl.bundle
11:31:14.301 [JavaFX Application Thread] DEBUG Async                - Shutting down background threads
11:31:14.301 [JavaFX Application Thread] DEBUG PrimaryStageWindow   - Closing main window
11:31:14.344 [JavaFX Application Thread] DEBUG Logger               - Closing Logger
