11:23:21.884 [main                     ] DEBUG Logger               - Configured Logger
11:23:21.898 [main                     ] DEBUG GameApplication      - Logging settings
Title: FXGL Tower Defense
Version: 0.3
Width: 1600
Height: 896
Fullscreen: false
Intro: false
Profiling: false
Single step:false
App Mode: DEVELOPER
Menu Key: ESCAPE
Stage Style: DECORATED
Scene Factory: class com.ayushkr.CSAFinal.baseDefense.TowerDefenseApp$1

11:23:22.390 [JavaFX Application Thread] DEBUG FXGLApplication      - Initializing FXGL
11:23:22.392 [JavaFX Application Thread] INFO  Engine               - FXGL-17.1 (24.03.2022 17.34) on MAC (J:19.0.2 FX:18)
11:23:22.392 [JavaFX Application Thread] DEBUG Engine               - JRE Vendor Name: Oracle Corporation
11:23:22.392 [JavaFX Application Thread] DEBUG Engine               - Running on OS: Mac OS X version 13.1
11:23:22.392 [JavaFX Application Thread] DEBUG Engine               - Architecture: aarch64
11:23:22.392 [JavaFX Application Thread] INFO  Engine               - Source code and latest versions at: https://github.com/AlmasB/FXGL
11:23:22.392 [JavaFX Application Thread] INFO  Engine               -       Ask questions and discuss at: https://github.com/AlmasB/FXGL/discussions
11:23:22.392 [JavaFX Application Thread] INFO  Engine               -              Join the FXGL chat at: https://gitter.im/AlmasB/FXGL
11:23:22.435 [JavaFX Application Thread] DEBUG PrimaryStageWindow   - Creating a JavaFX scene
11:23:22.523 [JavaFX Application Thread] DEBUG PrimaryStageWindow   - Target settings size: 1600.0 x 896.0
11:23:22.524 [JavaFX Application Thread] DEBUG PrimaryStageWindow   - Scaled scene size:    1600.0 x 896.0
11:23:22.524 [JavaFX Application Thread] DEBUG PrimaryStageWindow   - Scaled ratio: (1.0, 1.0)
11:23:22.524 [JavaFX Application Thread] DEBUG PrimaryStageWindow   - Set initial scene to FXGLStartupScene
11:23:22.527 [JavaFX Application Thread] DEBUG PrimaryStageWindow   - Opening main window
11:23:22.588 [JavaFX Application Thread] DEBUG PrimaryStageWindow   - Window border size: (0.0, 28.0)
11:23:22.589 [JavaFX Application Thread] DEBUG PrimaryStageWindow   - Scaled size: 1600.0 x 896.0
11:23:22.589 [JavaFX Application Thread] DEBUG PrimaryStageWindow   - Scaled ratio: (1.0, 1.0)
11:23:22.589 [JavaFX Application Thread] DEBUG PrimaryStageWindow   - Scene size: 1600.0 x 896.0
11:23:22.589 [JavaFX Application Thread] DEBUG PrimaryStageWindow   - Stage size: 1600.0 x 924.0
11:23:22.592 [FXGL Background Thread 1 ] DEBUG Engine               - Initializing environment variables
11:23:22.614 [FXGL Background Thread 1 ] DEBUG FXGLAssetLoaderServi - User app class for loading assets: class com.ayushkr.CSAFinal.baseDefense.TowerDefenseApp
11:23:22.614 [FXGL Background Thread 1 ] DEBUG GameApplicationServi - Applying CSS: fxgl_dark.css
11:23:22.617 [FXGL Background Thread 1 ] DEBUG FXGLAssetLoaderServi - Loading from file system: jar:file:///Users/ayushkumarrai/.m2/repository/com/github/almasb/fxgl/17.1/fxgl-17.1.jar!/fxglassets/ui/css/fxgl_dark.css
11:23:22.639 [FXGL Background Thread 1 ] DEBUG GameApplicationServi - Applying CSS: main.css
11:23:22.640 [FXGL Background Thread 1 ] DEBUG FXGLAssetLoaderServi - Loading from file system: file:/Volumes/AYUSH%20DRIVE/School%202022-23/M359%20AP%20CS%20Java%20A/FXGLGames/TowerDefense/target/classes/assets/ui/css/main.css
11:23:22.641 [FXGL Background Thread 1 ] DEBUG GameApplicationServi - Initializing application scenes
11:23:22.934 [FXGL Background Thread 1 ] DEBUG GameWorld            - Game world initialized
11:23:22.961 [FXGL Background Thread 1 ] DEBUG PhysicsWorld         - Physics world initialized: appHeight=896, physics.ppm=50.0
11:23:22.962 [FXGL Background Thread 1 ] DEBUG PhysicsWorld         - Using strategy: BRUTE_FORCE
11:23:22.963 [FXGL Background Thread 1 ] DEBUG GameScene            - Game scene initialized: 1600x896
11:23:22.969 [FXGL Background Thread 1 ] DEBUG FXGLAssetLoaderServi - Loading from file system: file:/Volumes/AYUSH%20DRIVE/School%202022-23/M359%20AP%20CS%20Java%20A/FXGLGames/TowerDefense/target/classes/assets/textures/title.png
11:23:22.983 [FXGL Background Thread 1 ] DEBUG FXGLAssetLoaderServi - Loading JSON from: file:/Volumes/AYUSH%20DRIVE/School%202022-23/M359%20AP%20CS%20Java%20A/FXGLGames/TowerDefense/target/classes/assets/levels/level2.json
11:23:23.131 [FXGL Background Thread 1 ] DEBUG FXGLAssetLoaderServi - Loading JSON from: file:/Volumes/AYUSH%20DRIVE/School%202022-23/M359%20AP%20CS%20Java%20A/FXGLGames/TowerDefense/target/classes/assets/levels/level1.json
11:23:23.144 [FXGL Background Thread 1 ] DEBUG FXGLAssetLoaderServi - Loading JSON from: file:/Volumes/AYUSH%20DRIVE/School%202022-23/M359%20AP%20CS%20Java%20A/FXGLGames/TowerDefense/target/classes/assets/levels/level2.json
11:23:23.148 [FXGL Background Thread 1 ] DEBUG FXGLAssetLoaderServi - Loading JSON from: file:/Volumes/AYUSH%20DRIVE/School%202022-23/M359%20AP%20CS%20Java%20A/FXGLGames/TowerDefense/target/classes/assets/levels/level1.json
11:23:23.154 [FXGL Background Thread 1 ] DEBUG FXGLAssetLoaderServi - Loading JSON from: file:/Volumes/AYUSH%20DRIVE/School%202022-23/M359%20AP%20CS%20Java%20A/FXGLGames/TowerDefense/target/classes/assets/levels/level2.json
11:23:23.166 [FXGL Background Thread 1 ] DEBUG FXGLAssetLoaderServi - Loading JSON from: file:/Volumes/AYUSH%20DRIVE/School%202022-23/M359%20AP%20CS%20Java%20A/FXGLGames/TowerDefense/target/classes/assets/levels/level1.json
11:23:23.173 [FXGL Background Thread 1 ] DEBUG FXGLAssetLoaderServi - Loading JSON from: file:/Volumes/AYUSH%20DRIVE/School%202022-23/M359%20AP%20CS%20Java%20A/FXGLGames/TowerDefense/target/classes/assets/levels/level2.json
11:23:23.181 [FXGL Background Thread 1 ] DEBUG FXGLAssetLoaderServi - Loading JSON from: file:/Volumes/AYUSH%20DRIVE/School%202022-23/M359%20AP%20CS%20Java%20A/FXGLGames/TowerDefense/target/classes/assets/levels/level1.json
11:23:23.190 [FXGL Background Thread 1 ] DEBUG FXGLAssetLoaderServi - Loading JSON from: file:/Volumes/AYUSH%20DRIVE/School%202022-23/M359%20AP%20CS%20Java%20A/FXGLGames/TowerDefense/target/classes/assets/levels/level2.json
11:23:23.194 [FXGL Background Thread 1 ] DEBUG FXGLAssetLoaderServi - Loading JSON from: file:/Volumes/AYUSH%20DRIVE/School%202022-23/M359%20AP%20CS%20Java%20A/FXGLGames/TowerDefense/target/classes/assets/levels/level1.json
11:23:23.201 [FXGL Background Thread 1 ] DEBUG FXGLAssetLoaderServi - Loading JSON from: file:/Volumes/AYUSH%20DRIVE/School%202022-23/M359%20AP%20CS%20Java%20A/FXGLGames/TowerDefense/target/classes/assets/levels/level2.json
11:23:23.207 [FXGL Background Thread 1 ] DEBUG FXGLAssetLoaderServi - Loading JSON from: file:/Volumes/AYUSH%20DRIVE/School%202022-23/M359%20AP%20CS%20Java%20A/FXGLGames/TowerDefense/target/classes/assets/levels/level1.json
11:23:23.211 [FXGL Background Thread 1 ] DEBUG FXGLAssetLoaderServi - Loading JSON from: file:/Volumes/AYUSH%20DRIVE/School%202022-23/M359%20AP%20CS%20Java%20A/FXGLGames/TowerDefense/target/classes/assets/levels/level2.json
11:23:23.216 [FXGL Background Thread 1 ] DEBUG FXGLAssetLoaderServi - Loading JSON from: file:/Volumes/AYUSH%20DRIVE/School%202022-23/M359%20AP%20CS%20Java%20A/FXGLGames/TowerDefense/target/classes/assets/levels/level1.json
11:23:23.220 [FXGL Background Thread 1 ] DEBUG FXGLAssetLoaderServi - Loading JSON from: file:/Volumes/AYUSH%20DRIVE/School%202022-23/M359%20AP%20CS%20Java%20A/FXGLGames/TowerDefense/target/classes/assets/levels/level2.json
11:23:23.225 [FXGL Background Thread 1 ] DEBUG FXGLAssetLoaderServi - Loading JSON from: file:/Volumes/AYUSH%20DRIVE/School%202022-23/M359%20AP%20CS%20Java%20A/FXGLGames/TowerDefense/target/classes/assets/levels/level1.json
11:23:23.230 [FXGL Background Thread 1 ] DEBUG FXGLAssetLoaderServi - Loading JSON from: file:/Volumes/AYUSH%20DRIVE/School%202022-23/M359%20AP%20CS%20Java%20A/FXGLGames/TowerDefense/target/classes/assets/levels/level2.json
11:23:23.234 [FXGL Background Thread 1 ] DEBUG FXGLAssetLoaderServi - Loading JSON from: file:/Volumes/AYUSH%20DRIVE/School%202022-23/M359%20AP%20CS%20Java%20A/FXGLGames/TowerDefense/target/classes/assets/levels/level1.json
11:23:23.237 [FXGL Background Thread 1 ] DEBUG FXGLAssetLoaderServi - Loading JSON from: file:/Volumes/AYUSH%20DRIVE/School%202022-23/M359%20AP%20CS%20Java%20A/FXGLGames/TowerDefense/target/classes/assets/levels/level2.json
11:23:23.240 [FXGL Background Thread 1 ] DEBUG FXGLAssetLoaderServi - Loading JSON from: file:/Volumes/AYUSH%20DRIVE/School%202022-23/M359%20AP%20CS%20Java%20A/FXGLGames/TowerDefense/target/classes/assets/levels/level1.json
11:23:23.247 [FXGL Background Thread 1 ] DEBUG FXGLAssetLoaderServi - Loading JSON from: file:/Volumes/AYUSH%20DRIVE/School%202022-23/M359%20AP%20CS%20Java%20A/FXGLGames/TowerDefense/target/classes/assets/levels/level2.json
11:23:23.252 [FXGL Background Thread 1 ] DEBUG FXGLAssetLoaderServi - Loading JSON from: file:/Volumes/AYUSH%20DRIVE/School%202022-23/M359%20AP%20CS%20Java%20A/FXGLGames/TowerDefense/target/classes/assets/levels/level1.json
11:23:23.256 [FXGL Background Thread 1 ] DEBUG FXGLAssetLoaderServi - Loading JSON from: file:/Volumes/AYUSH%20DRIVE/School%202022-23/M359%20AP%20CS%20Java%20A/FXGLGames/TowerDefense/target/classes/assets/levels/level2.json
11:23:23.260 [FXGL Background Thread 1 ] DEBUG FXGLAssetLoaderServi - Loading JSON from: file:/Volumes/AYUSH%20DRIVE/School%202022-23/M359%20AP%20CS%20Java%20A/FXGLGames/TowerDefense/target/classes/assets/levels/level1.json
11:23:23.264 [FXGL Background Thread 1 ] DEBUG FXGLAssetLoaderServi - Loading JSON from: file:/Volumes/AYUSH%20DRIVE/School%202022-23/M359%20AP%20CS%20Java%20A/FXGLGames/TowerDefense/target/classes/assets/levels/level2.json
11:23:23.267 [FXGL Background Thread 1 ] DEBUG FXGLAssetLoaderServi - Loading JSON from: file:/Volumes/AYUSH%20DRIVE/School%202022-23/M359%20AP%20CS%20Java%20A/FXGLGames/TowerDefense/target/classes/assets/levels/level1.json
11:23:23.283 [FXGL Background Thread 2 ] DEBUG GameWorld            - Game world initialized
11:23:23.285 [FXGL Background Thread 2 ] DEBUG PhysicsWorld         - Physics world initialized: appHeight=448, physics.ppm=50.0
11:23:23.285 [FXGL Background Thread 2 ] DEBUG PhysicsWorld         - Using strategy: BRUTE_FORCE
11:23:23.286 [FXGL Background Thread 2 ] DEBUG GameScene            - Game scene initialized: 800x448
11:23:23.337 [FXGL Background Thread 2 ] DEBUG TMXLevelLoader       - Parsed TiledMap: file:/Volumes/AYUSH%20DRIVE/School%202022-23/M359%20AP%20CS%20Java%20A/FXGLGames/TowerDefense/target/classes/assets/levels/tmx/td2.tmx
11:23:23.338 [FXGL Background Thread 2 ] DEBUG TMXLevelLoader       - Creating tile layer entities
11:23:23.340 [FXGL Background Thread 2 ] DEBUG TilesetLoader        - Loading view for layer path
11:23:23.340 [ForkJoinPool.commonPool-w] DEBUG TilesetLoader        - Loading view for layer ground
11:23:23.340 [ForkJoinPool.commonPool-w] DEBUG TilesetLoader        - Loading view for layer decor
11:23:23.342 [FXGL Background Thread 2 ] DEBUG TilesetLoader        - Created buffer with size 1600.0x896.0
11:23:23.342 [ForkJoinPool.commonPool-w] DEBUG TilesetLoader        - Created buffer with size 1600.0x896.0
11:23:23.366 [FXGL Background Thread 1 ] DEBUG FXGLAssetLoaderServi - Loading JSON from: file:/Volumes/AYUSH%20DRIVE/School%202022-23/M359%20AP%20CS%20Java%20A/FXGLGames/TowerDefense/target/classes/assets/towers/tower1.json
11:23:23.404 [FXGL Background Thread 1 ] DEBUG FXGLAssetLoaderServi - Loading JSON from: file:/Volumes/AYUSH%20DRIVE/School%202022-23/M359%20AP%20CS%20Java%20A/FXGLGames/TowerDefense/target/classes/assets/towers/tower2.json
11:23:23.410 [FXGL Background Thread 1 ] DEBUG FXGLAssetLoaderServi - Loading JSON from: file:/Volumes/AYUSH%20DRIVE/School%202022-23/M359%20AP%20CS%20Java%20A/FXGLGames/TowerDefense/target/classes/assets/towers/tower3.json
11:23:23.419 [FXGL Background Thread 1 ] DEBUG FXGLAssetLoaderServi - Loading JSON from: file:/Volumes/AYUSH%20DRIVE/School%202022-23/M359%20AP%20CS%20Java%20A/FXGLGames/TowerDefense/target/classes/assets/towers/tower4.json
11:23:23.427 [FXGL Background Thread 1 ] DEBUG FXGLAssetLoaderServi - Loading JSON from: file:/Volumes/AYUSH%20DRIVE/School%202022-23/M359%20AP%20CS%20Java%20A/FXGLGames/TowerDefense/target/classes/assets/towers/tower5.json
11:23:23.430 [FXGL Background Thread 1 ] DEBUG FXGLAssetLoaderServi - Loading JSON from: file:/Volumes/AYUSH%20DRIVE/School%202022-23/M359%20AP%20CS%20Java%20A/FXGLGames/TowerDefense/target/classes/assets/towers/tower6.json
11:23:23.436 [FXGL Background Thread 1 ] DEBUG FXGLAssetLoaderServi - Loading from file system: file:/Volumes/AYUSH%20DRIVE/School%202022-23/M359%20AP%20CS%20Java%20A/FXGLGames/TowerDefense/target/classes/assets/textures/towers/tower1.png
11:23:23.444 [FXGL Background Thread 1 ] DEBUG FXGLAssetLoaderServi - Loading from file system: file:/Volumes/AYUSH%20DRIVE/School%202022-23/M359%20AP%20CS%20Java%20A/FXGLGames/TowerDefense/target/classes/assets/textures/towers/tower2.png
11:23:23.450 [FXGL Background Thread 1 ] DEBUG FXGLAssetLoaderServi - Loading from file system: file:/Volumes/AYUSH%20DRIVE/School%202022-23/M359%20AP%20CS%20Java%20A/FXGLGames/TowerDefense/target/classes/assets/textures/towers/tower3.png
11:23:23.460 [FXGL Background Thread 1 ] DEBUG FXGLAssetLoaderServi - Loading from file system: file:/Volumes/AYUSH%20DRIVE/School%202022-23/M359%20AP%20CS%20Java%20A/FXGLGames/TowerDefense/target/classes/assets/textures/towers/tower4.png
11:23:23.467 [FXGL Background Thread 1 ] DEBUG FXGLAssetLoaderServi - Loading from file system: file:/Volumes/AYUSH%20DRIVE/School%202022-23/M359%20AP%20CS%20Java%20A/FXGLGames/TowerDefense/target/classes/assets/textures/towers/tower5.png
11:23:23.477 [FXGL Background Thread 1 ] DEBUG FXGLAssetLoaderServi - Loading from file system: file:/Volumes/AYUSH%20DRIVE/School%202022-23/M359%20AP%20CS%20Java%20A/FXGLGames/TowerDefense/target/classes/assets/textures/towers/tower6.png
11:23:23.489 [FXGL Background Thread 1 ] DEBUG GameApplicationServi - Application scenes initialized
11:23:23.595 [FXGL Background Thread 1 ] DEBUG SystemBundleService  - Loading default FXGL system data
11:23:23.596 [FXGL Background Thread 1 ] DEBUG UpdaterService       - Checking for updates
11:23:23.600 [FXGL Background Thread 5 ] DEBUG FXGLApplication      - Loading fonts
11:23:23.600 [FXGL Background Thread 5 ] DEBUG FXGLAssetLoaderServi - Loading from file system: jar:file:///Users/ayushkumarrai/.m2/repository/com/github/almasb/fxgl/17.1/fxgl-17.1.jar!/fxglassets/ui/fonts/VarelaRound-Regular.ttf
11:23:23.601 [FXGL Background Thread 1 ] DEBUG FXGLApplication      - Loading default localization
11:23:23.601 [FXGL Background Thread 1 ] DEBUG FXGLAssetLoaderServi - Loading from file system: jar:file:///Users/ayushkumarrai/.m2/repository/com/github/almasb/fxgl/17.1/fxgl-17.1.jar!/fxglassets/languages/english.lang
11:23:23.602 [FXGL Background Thread 2 ] DEBUG TMXLevelLoader       - Creating object layer entities
11:23:23.614 [FXGL Background Thread 1 ] INFO  FXGLApplication      - FXGL initialization took: 1.022 sec
11:23:23.616 [JavaFX Application Thread] DEBUG FXGLAssetLoaderServi - Loading from file system: jar:file:///Users/ayushkumarrai/.m2/repository/com/github/almasb/fxgl/17.1/fxgl-17.1.jar!/fxglassets/textures/fxgl_icon.png
11:23:23.626 [FXGL Background Thread 5 ] DEBUG FXGLAssetLoaderServi - Loading from file system: jar:file:///Users/ayushkumarrai/.m2/repository/com/github/almasb/fxgl/17.1/fxgl-17.1.jar!/fxglassets/ui/fonts/Abel-Regular.ttf
11:23:23.628 [FXGL Background Thread 5 ] DEBUG FXGLAssetLoaderServi - Loading from file system: jar:file:///Users/ayushkumarrai/.m2/repository/com/github/almasb/fxgl/17.1/fxgl-17.1.jar!/fxglassets/ui/fonts/TerminalLandMono-Regular.otf
11:23:23.631 [FXGL Background Thread 5 ] DEBUG FXGLAssetLoaderServi - Loading from file system: jar:file:///Users/ayushkumarrai/.m2/repository/com/github/almasb/fxgl/17.1/fxgl-17.1.jar!/fxglassets/ui/fonts/Courier-Prime.ttf
11:23:23.634 [JavaFX Application Thread] DEBUG FXGLAssetLoaderServi - Loading from file system: jar:file:///Users/ayushkumarrai/.m2/repository/com/github/almasb/fxgl/17.1/fxgl-17.1.jar!/fxglassets/textures/fxgl_default_cursor.png
11:23:23.639 [JavaFX Application Thread] DEBUG Input                - Registered new binding: Screenshot - CTRL+8
11:23:23.639 [JavaFX Application Thread] DEBUG Input                - Registered new binding: System info dump - CTRL+9
11:23:23.639 [JavaFX Application Thread] DEBUG Input                - Registered new binding: Restart - CTRL+R
11:23:23.639 [JavaFX Application Thread] DEBUG Input                - Registered new binding: Toggle Debug Camera - CTRL+7
11:23:23.640 [JavaFX Application Thread] DEBUG LoopRunner           - Starting loop
11:23:23.640 [JavaFX Application Thread] DEBUG LoopRunner           - Initializing JavaFX AnimationTimerLoop
11:23:23.641 [JavaFX Application Thread] DEBUG Input                - Clearing active input actions
11:23:23.646 [JavaFX Application Thread] DEBUG GameApplicationServi - Removing overlay from FXGLStartupScene and adding to FXGLMainMenuDummyScene
11:23:23.646 [JavaFX Application Thread] DEBUG PrimaryStageWindow   - FXGLStartupScene -> FXGLMainMenuDummyScene
11:23:23.646 [JavaFX Application Thread] DEBUG PrimaryStageWindow   - Push state: TowerDefenseMainMenu
11:23:23.646 [JavaFX Application Thread] DEBUG Input                - Clearing active input actions
11:23:23.648 [JavaFX Application Thread] DEBUG GameApplicationServi - Removing overlay from FXGLMainMenuDummyScene and adding to TowerDefenseMainMenu
11:23:23.648 [JavaFX Application Thread] DEBUG PrimaryStageWindow   - FXGLMainMenuDummyScene -> TowerDefenseMainMenu
11:23:23.725 [JavaFX Application Thread] DEBUG FXGLApplication      - Registering font factories with UI factory
11:23:23.763 [FXGL Background Thread 2 ] DEBUG GameWorld            - Clearing removable entities
11:23:23.763 [FXGL Background Thread 2 ] DEBUG GameWorld            - Setting level: com.almasb.fxgl.entity.level.Level@4cafc285
11:23:23.846 [FXGL Background Thread 3 ] INFO  UpdaterService       - Your current version:  17.1
11:23:23.847 [FXGL Background Thread 3 ] INFO  UpdaterService       - Latest stable version: 17.2
11:23:26.604 [FXGL Background Thread 4 ] DEBUG Engine               - Logging environment variables
11:23:26.605 [FXGL Background Thread 4 ] DEBUG Engine               - achievements: []
11:23:26.605 [FXGL Background Thread 4 ] DEBUG Engine               - actualHeight: 896.0
11:23:26.605 [FXGL Background Thread 4 ] DEBUG Engine               - actualHeightProperty: ReadOnlyDoubleProperty [value: 896.0]
11:23:26.605 [FXGL Background Thread 4 ] DEBUG Engine               - actualWidth: 1600.0
11:23:26.605 [FXGL Background Thread 4 ] DEBUG Engine               - actualWidthProperty: ReadOnlyDoubleProperty [value: 1600.0]
11:23:26.606 [FXGL Background Thread 4 ] DEBUG Engine               - appIcon: fxgl_icon.png
11:23:26.606 [FXGL Background Thread 4 ] DEBUG Engine               - applicationMode: DEVELOPER
11:23:26.606 [FXGL Background Thread 4 ] DEBUG Engine               - cSSList: [fxgl_dark.css, main.css]
11:23:26.606 [FXGL Background Thread 4 ] DEBUG Engine               - collisionDetectionStrategy: BRUTE_FORCE
11:23:26.606 [FXGL Background Thread 4 ] DEBUG Engine               - configClass: Optional.empty
11:23:26.606 [FXGL Background Thread 4 ] DEBUG Engine               - credits: []
11:23:26.609 [FXGL Background Thread 4 ] DEBUG Engine               - defaultCursor: CursorInfo(imageName=fxgl_default_cursor.png, hotspotX=7.0, hotspotY=6.0)
11:23:26.609 [FXGL Background Thread 4 ] DEBUG Engine               - devBBoxColorProperty: ObjectProperty [value: 0xff0000ff]
11:23:26.609 [FXGL Background Thread 4 ] DEBUG Engine               - devEnableDebugCameraProperty: BooleanProperty [value: false]
11:23:26.609 [FXGL Background Thread 4 ] DEBUG Engine               - devSensorColorProperty: ObjectProperty [value: 0xffff00ff]
11:23:26.610 [FXGL Background Thread 4 ] DEBUG Engine               - devShowBBoxProperty: BooleanProperty [value: false]
11:23:26.610 [FXGL Background Thread 4 ] DEBUG Engine               - devShowPositionProperty: BooleanProperty [value: false]
11:23:26.610 [FXGL Background Thread 4 ] DEBUG Engine               - enabledMenuItems: []
11:23:26.610 [FXGL Background Thread 4 ] DEBUG Engine               - engineServices: [class com.almasb.fxgl.app.services.FXGLAssetLoaderService, class com.almasb.fxgl.app.FXGLApplication$GameApplicationService, class com.almasb.fxgl.app.services.FXGLDialogService, class com.almasb.fxgl.app.services.IOTaskExecutorService, class com.almasb.fxgl.io.FileSystemService, class com.almasb.fxgl.localization.LocalizationService, class com.almasb.fxgl.app.services.SystemBundleService, class com.almasb.fxgl.profile.SaveLoadService, class com.almasb.fxgl.ui.FXGLUIFactoryServiceProvider, class com.almasb.fxgl.ui.FXGLDialogFactoryServiceProvider, class com.almasb.fxgl.audio.AudioPlayer, class com.almasb.fxgl.notification.impl.NotificationServiceProvider, class com.almasb.fxgl.achievement.AchievementService, class com.almasb.fxgl.cutscene.CutsceneService, class com.almasb.fxgl.minigames.MiniGameService, class com.almasb.fxgl.net.NetService, class com.almasb.fxgl.app.services.UpdaterService, class com.almasb.fxgl.dev.DevService, class com.almasb.fxgl.quest.QuestService, class com.ayushkr.CSAFinal.baseDefense.CurrencyService]
11:23:26.610 [FXGL Background Thread 4 ] DEBUG Engine               - fontGame: Abel-Regular.ttf
11:23:26.610 [FXGL Background Thread 4 ] DEBUG Engine               - fontMono: TerminalLandMono-Regular.otf
11:23:26.610 [FXGL Background Thread 4 ] DEBUG Engine               - fontText: Courier-Prime.ttf
11:23:26.610 [FXGL Background Thread 4 ] DEBUG Engine               - fontUI: VarelaRound-Regular.ttf
11:23:26.610 [FXGL Background Thread 4 ] DEBUG Engine               - fullScreen: BooleanProperty [value: false]
11:23:26.610 [FXGL Background Thread 4 ] DEBUG Engine               - gameDifficulty: MEDIUM
11:23:26.610 [FXGL Background Thread 4 ] DEBUG Engine               - gameDifficultyProperty: ObjectProperty [value: MEDIUM]
11:23:26.611 [FXGL Background Thread 4 ] DEBUG Engine               - globalMusicVolume: 0.5
11:23:26.611 [FXGL Background Thread 4 ] DEBUG Engine               - globalMusicVolumeProperty: DoubleProperty [value: 0.5]
11:23:26.611 [FXGL Background Thread 4 ] DEBUG Engine               - globalSoundVolume: 0.5
11:23:26.611 [FXGL Background Thread 4 ] DEBUG Engine               - globalSoundVolumeProperty: DoubleProperty [value: 0.5]
11:23:26.611 [FXGL Background Thread 4 ] DEBUG Engine               - height: 896
11:23:26.612 [FXGL Background Thread 4 ] DEBUG Engine               - is3D: false
11:23:26.612 [FXGL Background Thread 4 ] DEBUG Engine               - isAndroid: false
11:23:26.612 [FXGL Background Thread 4 ] DEBUG Engine               - isBrowser: false
11:23:26.612 [FXGL Background Thread 4 ] DEBUG Engine               - isClickFeedbackEnabled: false
11:23:26.612 [FXGL Background Thread 4 ] DEBUG Engine               - isCloseConfirmation: false
11:23:26.612 [FXGL Background Thread 4 ] DEBUG Engine               - isDesktop: true
11:23:26.613 [FXGL Background Thread 4 ] DEBUG Engine               - isDeveloperMenuEnabled: false
11:23:26.613 [FXGL Background Thread 4 ] DEBUG Engine               - isEmbedded: false
11:23:26.613 [FXGL Background Thread 4 ] DEBUG Engine               - isEntityPreloadEnabled: true
11:23:26.613 [FXGL Background Thread 4 ] DEBUG Engine               - isExperimentalTiledLargeMap: false
11:23:26.613 [FXGL Background Thread 4 ] DEBUG Engine               - isFileSystemWriteAllowed: true
11:23:26.613 [FXGL Background Thread 4 ] DEBUG Engine               - isFullScreenAllowed: false
11:23:26.613 [FXGL Background Thread 4 ] DEBUG Engine               - isFullScreenFromStart: false
11:23:26.613 [FXGL Background Thread 4 ] DEBUG Engine               - isGameMenuEnabled: true
11:23:26.613 [FXGL Background Thread 4 ] DEBUG Engine               - isIOS: false
11:23:26.613 [FXGL Background Thread 4 ] DEBUG Engine               - isIntroEnabled: false
11:23:26.613 [FXGL Background Thread 4 ] DEBUG Engine               - isLinux: false
11:23:26.613 [FXGL Background Thread 4 ] DEBUG Engine               - isMac: true
11:23:26.613 [FXGL Background Thread 4 ] DEBUG Engine               - isMainMenuEnabled: true
11:23:26.613 [FXGL Background Thread 4 ] DEBUG Engine               - isManualResizeEnabled: false
11:23:26.613 [FXGL Background Thread 4 ] DEBUG Engine               - isMobile: false
11:23:26.614 [FXGL Background Thread 4 ] DEBUG Engine               - isNative: false
11:23:26.614 [FXGL Background Thread 4 ] DEBUG Engine               - isPauseMusicWhenMinimized: true
11:23:26.614 [FXGL Background Thread 4 ] DEBUG Engine               - isPreserveResizeRatio: false
11:23:26.614 [FXGL Background Thread 4 ] DEBUG Engine               - isProfilingEnabled: false
11:23:26.614 [FXGL Background Thread 4 ] DEBUG Engine               - isScaleAffectedOnResize: true
11:23:26.614 [FXGL Background Thread 4 ] DEBUG Engine               - isSingleStep: false
11:23:26.614 [FXGL Background Thread 4 ] DEBUG Engine               - isUserProfileEnabled: false
11:23:26.614 [FXGL Background Thread 4 ] DEBUG Engine               - isWindows: false
11:23:26.614 [FXGL Background Thread 4 ] DEBUG Engine               - language: ObjectProperty [value: ENGLISH]
11:23:26.614 [FXGL Background Thread 4 ] DEBUG Engine               - menuKey: ESCAPE
11:23:26.614 [FXGL Background Thread 4 ] DEBUG Engine               - mouseSensitivity: 0.2
11:23:26.614 [FXGL Background Thread 4 ] DEBUG Engine               - notificationViewClass: class com.almasb.fxgl.notification.view.XboxNotificationView
11:23:26.614 [FXGL Background Thread 4 ] DEBUG Engine               - pixelsPerMeter: 50.0
11:23:26.614 [FXGL Background Thread 4 ] DEBUG Engine               - platform: MAC
11:23:26.614 [FXGL Background Thread 4 ] DEBUG Engine               - prefHeightProperty: ReadOnlyDoubleProperty [value: 896.0]
11:23:26.615 [FXGL Background Thread 4 ] DEBUG Engine               - prefWidthProperty: ReadOnlyDoubleProperty [value: 1600.0]
11:23:26.615 [FXGL Background Thread 4 ] DEBUG Engine               - profileDir: profiles/
11:23:26.615 [FXGL Background Thread 4 ] DEBUG Engine               - profileName: StringProperty [value: DEFAULT]
11:23:26.615 [FXGL Background Thread 4 ] DEBUG Engine               - randomSeed: -1
11:23:26.615 [FXGL Background Thread 4 ] DEBUG Engine               - runtimeInfo: RuntimeInfo(platform=MAC, version=17.1, build=24.03.2022 17.34)
11:23:26.615 [FXGL Background Thread 4 ] DEBUG Engine               - saveFileExt: sav
11:23:26.615 [FXGL Background Thread 4 ] DEBUG Engine               - scaledHeightProp$fxgl: DoubleProperty [bound, value: 896.0]
11:23:26.615 [FXGL Background Thread 4 ] DEBUG Engine               - scaledWidthProp$fxgl: DoubleProperty [bound, value: 1600.0]
11:23:26.615 [FXGL Background Thread 4 ] DEBUG Engine               - sceneFactory: com.ayushkr.CSAFinal.baseDefense.TowerDefenseApp$1@7f3c4e92
11:23:26.615 [FXGL Background Thread 4 ] DEBUG Engine               - secondsIn24h: 60
11:23:26.616 [FXGL Background Thread 4 ] DEBUG Engine               - soundMenuBack: menu/back.wav
11:23:26.616 [FXGL Background Thread 4 ] DEBUG Engine               - soundMenuPress: menu/press.wav
11:23:26.616 [FXGL Background Thread 4 ] DEBUG Engine               - soundMenuSelect: menu/select.wav
11:23:26.616 [FXGL Background Thread 4 ] DEBUG Engine               - soundNotification: core/notification.wav
11:23:26.616 [FXGL Background Thread 4 ] DEBUG Engine               - stageStyle: DECORATED
11:23:26.616 [FXGL Background Thread 4 ] DEBUG Engine               - supportedLanguages: [ENGLISH, FRENCH, GERMAN, HUNGARIAN, RUSSIAN]
11:23:26.616 [FXGL Background Thread 4 ] DEBUG Engine               - ticksPerSecond: -1
11:23:26.616 [FXGL Background Thread 4 ] DEBUG Engine               - title: FXGL Tower Defense
11:23:26.616 [FXGL Background Thread 4 ] DEBUG Engine               - urlGithub: https://github.com/AlmasB/FXGL
11:23:26.616 [FXGL Background Thread 4 ] DEBUG Engine               - urlLeaderboard: http://fxgl-top.herokuapp.com/
11:23:26.616 [FXGL Background Thread 4 ] DEBUG Engine               - urlPOM: https://raw.githubusercontent.com/AlmasB/FXGL/release/README.md
11:23:26.616 [FXGL Background Thread 4 ] DEBUG Engine               - userAppClass: class com.ayushkr.CSAFinal.baseDefense.TowerDefenseApp
11:23:26.616 [FXGL Background Thread 4 ] DEBUG Engine               - version: 0.3
11:23:26.616 [FXGL Background Thread 4 ] DEBUG Engine               - versionCheckDays: 7
11:23:26.616 [FXGL Background Thread 4 ] DEBUG Engine               - width: 1600
11:23:26.616 [FXGL Background Thread 4 ] DEBUG Engine               - Logging services
11:23:26.616 [FXGL Background Thread 4 ] DEBUG Engine               - class com.almasb.fxgl.app.services.FXGLAssetLoaderService
11:23:26.616 [FXGL Background Thread 4 ] DEBUG Engine               - class com.almasb.fxgl.app.FXGLApplication$GameApplicationService
11:23:26.616 [FXGL Background Thread 4 ] DEBUG Engine               - class com.almasb.fxgl.app.services.FXGLDialogService
11:23:26.616 [FXGL Background Thread 4 ] DEBUG Engine               - class com.almasb.fxgl.app.services.IOTaskExecutorService
11:23:26.616 [FXGL Background Thread 4 ] DEBUG Engine               - class com.almasb.fxgl.io.FileSystemService
11:23:26.616 [FXGL Background Thread 4 ] DEBUG Engine               - class com.almasb.fxgl.localization.LocalizationService
11:23:26.616 [FXGL Background Thread 4 ] DEBUG Engine               - class com.almasb.fxgl.app.services.SystemBundleService
11:23:26.616 [FXGL Background Thread 4 ] DEBUG Engine               - class com.almasb.fxgl.profile.SaveLoadService
11:23:26.617 [FXGL Background Thread 4 ] DEBUG Engine               - class com.almasb.fxgl.ui.FXGLUIFactoryServiceProvider
11:23:26.617 [FXGL Background Thread 4 ] DEBUG Engine               - class com.almasb.fxgl.ui.FXGLDialogFactoryServiceProvider
11:23:26.617 [FXGL Background Thread 4 ] DEBUG Engine               - class com.almasb.fxgl.audio.AudioPlayer
11:23:26.617 [FXGL Background Thread 4 ] DEBUG Engine               - class com.almasb.fxgl.notification.impl.NotificationServiceProvider
11:23:26.617 [FXGL Background Thread 4 ] DEBUG Engine               - class com.almasb.fxgl.achievement.AchievementService
11:23:26.617 [FXGL Background Thread 4 ] DEBUG Engine               - class com.almasb.fxgl.cutscene.CutsceneService
11:23:26.617 [FXGL Background Thread 4 ] DEBUG Engine               - class com.almasb.fxgl.minigames.MiniGameService
11:23:26.617 [FXGL Background Thread 4 ] DEBUG Engine               - class com.almasb.fxgl.net.NetService
11:23:26.617 [FXGL Background Thread 4 ] DEBUG Engine               - class com.almasb.fxgl.app.services.UpdaterService
11:23:26.617 [FXGL Background Thread 4 ] DEBUG Engine               - class com.almasb.fxgl.dev.DevService
11:23:26.617 [FXGL Background Thread 4 ] DEBUG Engine               - class com.almasb.fxgl.quest.QuestService
11:23:26.617 [FXGL Background Thread 4 ] DEBUG Engine               - class com.ayushkr.CSAFinal.baseDefense.CurrencyService
11:23:54.873 [FXGL Background Thread 3 ] DEBUG GameWorld            - Game world initialized
11:23:54.875 [FXGL Background Thread 3 ] DEBUG PhysicsWorld         - Physics world initialized: appHeight=448, physics.ppm=50.0
11:23:54.875 [FXGL Background Thread 3 ] DEBUG PhysicsWorld         - Using strategy: BRUTE_FORCE
11:23:54.875 [FXGL Background Thread 3 ] DEBUG GameScene            - Game scene initialized: 800x448
11:23:54.887 [FXGL Background Thread 3 ] DEBUG TMXLevelLoader       - Parsed TiledMap: file:/Volumes/AYUSH%20DRIVE/School%202022-23/M359%20AP%20CS%20Java%20A/FXGLGames/TowerDefense/target/classes/assets/levels/tmx/td1.tmx
11:23:54.887 [FXGL Background Thread 3 ] DEBUG TMXLevelLoader       - Creating tile layer entities
11:23:54.887 [FXGL Background Thread 3 ] DEBUG TilesetLoader        - Loading view for layer path
11:23:54.887 [ForkJoinPool.commonPool-w] DEBUG TilesetLoader        - Loading view for layer ground
11:23:54.899 [ForkJoinPool.commonPool-w] DEBUG TilesetLoader        - Loading view for layer decor
11:23:54.899 [FXGL Background Thread 3 ] DEBUG TilesetLoader        - Created buffer with size 1600.0x896.0
11:23:54.905 [ForkJoinPool.commonPool-w] DEBUG TilesetLoader        - Created buffer with size 1600.0x896.0
11:23:54.906 [ForkJoinPool.commonPool-w] DEBUG TilesetLoader        - Created buffer with size 1600.0x896.0
11:23:54.984 [FXGL Background Thread 3 ] DEBUG TMXLevelLoader       - Creating object layer entities
11:23:55.046 [FXGL Background Thread 3 ] DEBUG GameWorld            - Clearing removable entities
11:23:55.046 [FXGL Background Thread 3 ] DEBUG GameWorld            - Setting level: com.almasb.fxgl.entity.level.Level@6ca5f1b1
11:24:05.275 [JavaFX Application Thread] DEBUG Menu                 - fireNewGame()
11:24:05.276 [JavaFX Application Thread] DEBUG GameApplicationServi - Starting new game
11:24:05.277 [JavaFX Application Thread] DEBUG PrimaryStageWindow   - Pop state: TowerDefenseMainMenu
11:24:05.277 [JavaFX Application Thread] DEBUG Input                - Clearing active input actions
11:24:05.279 [JavaFX Application Thread] DEBUG GameApplicationServi - Removing overlay from TowerDefenseMainMenu and adding to FXGLMainMenuDummyScene
11:24:05.280 [JavaFX Application Thread] DEBUG PrimaryStageWindow   - FXGLMainMenuDummyScene <- TowerDefenseMainMenu
11:24:05.280 [JavaFX Application Thread] DEBUG Input                - Clearing active input actions
11:24:05.298 [JavaFX Application Thread] DEBUG GameApplicationServi - Removing overlay from FXGLMainMenuDummyScene and adding to FXGLLoadingScene
11:24:05.298 [JavaFX Application Thread] DEBUG PrimaryStageWindow   - FXGLMainMenuDummyScene -> FXGLLoadingScene
11:24:05.298 [JavaFX Application Thread] DEBUG GameApplicationServi - Clearing previous game
11:24:05.298 [JavaFX Application Thread] DEBUG GameScene            - Clearing game scene
11:24:05.298 [JavaFX Application Thread] DEBUG GameWorld            - Clearing game world
11:24:05.298 [JavaFX Application Thread] DEBUG PhysicsWorld         - Clearing physics world
11:24:05.300 [FXGL Background Thread 3 ] DEBUG FXGLApplication      - Initializing game
11:24:05.302 [FXGL Background Thread 3 ] DEBUG FXGLAssetLoaderServi - Loading JSON from: file:/Volumes/AYUSH%20DRIVE/School%202022-23/M359%20AP%20CS%20Java%20A/FXGLGames/TowerDefense/target/classes/assets/towers/tower1.json
11:24:05.306 [FXGL Background Thread 3 ] DEBUG FXGLAssetLoaderServi - Loading JSON from: file:/Volumes/AYUSH%20DRIVE/School%202022-23/M359%20AP%20CS%20Java%20A/FXGLGames/TowerDefense/target/classes/assets/towers/tower2.json
11:24:05.309 [FXGL Background Thread 3 ] DEBUG FXGLAssetLoaderServi - Loading JSON from: file:/Volumes/AYUSH%20DRIVE/School%202022-23/M359%20AP%20CS%20Java%20A/FXGLGames/TowerDefense/target/classes/assets/towers/tower3.json
11:24:05.313 [FXGL Background Thread 3 ] DEBUG FXGLAssetLoaderServi - Loading JSON from: file:/Volumes/AYUSH%20DRIVE/School%202022-23/M359%20AP%20CS%20Java%20A/FXGLGames/TowerDefense/target/classes/assets/towers/tower4.json
11:24:05.315 [FXGL Background Thread 3 ] DEBUG FXGLAssetLoaderServi - Loading JSON from: file:/Volumes/AYUSH%20DRIVE/School%202022-23/M359%20AP%20CS%20Java%20A/FXGLGames/TowerDefense/target/classes/assets/towers/tower5.json
11:24:05.318 [FXGL Background Thread 3 ] DEBUG FXGLAssetLoaderServi - Loading JSON from: file:/Volumes/AYUSH%20DRIVE/School%202022-23/M359%20AP%20CS%20Java%20A/FXGLGames/TowerDefense/target/classes/assets/towers/tower6.json
11:24:05.333 [FXGL Background Thread 3 ] DEBUG TMXLevelLoader       - Parsed TiledMap: file:/Volumes/AYUSH%20DRIVE/School%202022-23/M359%20AP%20CS%20Java%20A/FXGLGames/TowerDefense/target/classes/assets/levels/tmx/td2.tmx
11:24:05.334 [FXGL Background Thread 3 ] DEBUG TMXLevelLoader       - Creating tile layer entities
11:24:05.334 [FXGL Background Thread 3 ] DEBUG TilesetLoader        - Loading view for layer ground
11:24:05.336 [FXGL Background Thread 3 ] DEBUG TilesetLoader        - Created buffer with size 1600.0x896.0
11:24:05.393 [FXGL Background Thread 3 ] DEBUG TilesetLoader        - Loading view for layer path
11:24:05.394 [FXGL Background Thread 3 ] DEBUG TilesetLoader        - Created buffer with size 1600.0x896.0
11:24:05.394 [FXGL Background Thread 3 ] DEBUG TilesetLoader        - Loading view for layer decor
11:24:05.395 [FXGL Background Thread 3 ] DEBUG TilesetLoader        - Created buffer with size 1600.0x896.0
11:24:05.395 [FXGL Background Thread 3 ] DEBUG TMXLevelLoader       - Creating object layer entities
11:24:05.398 [FXGL Background Thread 3 ] DEBUG GameWorld            - Clearing removable entities
11:24:05.398 [FXGL Background Thread 3 ] DEBUG GameWorld            - Setting level: com.almasb.fxgl.entity.level.Level@6184453
11:24:05.400 [FXGL Background Thread 3 ] DEBUG FXGLAssetLoaderServi - Loading from file system: file:/Volumes/AYUSH%20DRIVE/School%202022-23/M359%20AP%20CS%20Java%20A/FXGLGames/TowerDefense/target/classes/assets/textures/money.png
11:24:05.404 [FXGL Background Thread 3 ] DEBUG FXGLAssetLoaderServi - Loading from file system: file:/Volumes/AYUSH%20DRIVE/School%202022-23/M359%20AP%20CS%20Java%20A/FXGLGames/TowerDefense/target/classes/assets/textures/health.png
11:24:05.408 [FXGL Background Thread 3 ] INFO  FXGLApplication      - Game initialization took: 0.108 sec
11:24:05.408 [JavaFX Application Thread] DEBUG Input                - Clearing active input actions
11:24:05.413 [JavaFX Application Thread] DEBUG GameApplicationServi - Removing overlay from FXGLLoadingScene and adding to GameScene
11:24:05.413 [JavaFX Application Thread] DEBUG PrimaryStageWindow   - FXGLLoadingScene -> GameScene
11:24:30.735 [JavaFX Application Thread] DEBUG FXGLAssetLoaderServi - Loading JSON from: file:/Volumes/AYUSH%20DRIVE/School%202022-23/M359%20AP%20CS%20Java%20A/FXGLGames/TowerDefense/target/classes/assets/enemies/enemy1.json
11:24:30.748 [JavaFX Application Thread] DEBUG FXGLAssetLoaderServi - Loading JSON from: file:/Volumes/AYUSH%20DRIVE/School%202022-23/M359%20AP%20CS%20Java%20A/FXGLGames/TowerDefense/target/classes/assets/enemies/enemy2.json
11:24:30.753 [JavaFX Application Thread] DEBUG FXGLAssetLoaderServi - Loading from file system: file:/Volumes/AYUSH%20DRIVE/School%202022-23/M359%20AP%20CS%20Java%20A/FXGLGames/TowerDefense/target/classes/assets/textures/enemies/enemy1.png
11:24:30.775 [JavaFX Application Thread] DEBUG FXGLAssetLoaderServi - Loading from file system: file:/Volumes/AYUSH%20DRIVE/School%202022-23/M359%20AP%20CS%20Java%20A/FXGLGames/TowerDefense/target/classes/assets/textures/enemies/enemy2.png
11:24:30.779 [JavaFX Application Thread] DEBUG FXGLAssetLoaderServi - Loading from file system: file:/Volumes/AYUSH%20DRIVE/School%202022-23/M359%20AP%20CS%20Java%20A/FXGLGames/TowerDefense/target/classes/assets/textures/projectile1.png
11:24:30.785 [JavaFX Application Thread] DEBUG FXGLAssetLoaderServi - Loading from file system: file:/Volumes/AYUSH%20DRIVE/School%202022-23/M359%20AP%20CS%20Java%20A/FXGLGames/TowerDefense/target/classes/assets/textures/projectile.png
11:24:46.037 [JavaFX Application Thread] DEBUG FXGLAssetLoaderServi - Loading JSON from: file:/Volumes/AYUSH%20DRIVE/School%202022-23/M359%20AP%20CS%20Java%20A/FXGLGames/TowerDefense/target/classes/assets/enemies/enemy1.json
11:24:46.043 [JavaFX Application Thread] DEBUG FXGLAssetLoaderServi - Loading JSON from: file:/Volumes/AYUSH%20DRIVE/School%202022-23/M359%20AP%20CS%20Java%20A/FXGLGames/TowerDefense/target/classes/assets/enemies/enemy1.json
11:24:52.299 [JavaFX Application Thread] DEBUG PrimaryStageWindow   - Push state: DialogSubScene
11:24:52.299 [JavaFX Application Thread] DEBUG Input                - Clearing active input actions
11:24:52.300 [JavaFX Application Thread] DEBUG GameApplicationServi - Removing overlay from GameScene and adding to DialogSubScene
11:24:52.300 [JavaFX Application Thread] DEBUG PrimaryStageWindow   - GameScene -> DialogSubScene
11:24:53.555 [JavaFX Application Thread] DEBUG PrimaryStageWindow   - Pop state: DialogSubScene
11:24:53.555 [JavaFX Application Thread] DEBUG Input                - Clearing active input actions
11:24:53.556 [JavaFX Application Thread] DEBUG GameApplicationServi - Removing overlay from DialogSubScene and adding to GameScene
11:24:53.556 [JavaFX Application Thread] DEBUG PrimaryStageWindow   - GameScene <- DialogSubScene
11:24:53.556 [JavaFX Application Thread] DEBUG Input                - Clearing active input actions
11:24:53.572 [JavaFX Application Thread] DEBUG GameApplicationServi - Removing overlay from GameScene and adding to FXGLMainMenuDummyScene
11:24:53.572 [JavaFX Application Thread] DEBUG PrimaryStageWindow   - GameScene -> FXGLMainMenuDummyScene
11:24:53.572 [JavaFX Application Thread] DEBUG PrimaryStageWindow   - Push state: TowerDefenseMainMenu
11:24:53.572 [JavaFX Application Thread] DEBUG Input                - Clearing active input actions
11:24:53.577 [JavaFX Application Thread] DEBUG GameApplicationServi - Removing overlay from FXGLMainMenuDummyScene and adding to TowerDefenseMainMenu
11:24:53.577 [JavaFX Application Thread] DEBUG PrimaryStageWindow   - FXGLMainMenuDummyScene -> TowerDefenseMainMenu
11:26:31.763 [JavaFX Application Thread] DEBUG Menu                 - fireNewGame()
11:26:31.764 [JavaFX Application Thread] DEBUG GameApplicationServi - Starting new game
11:26:31.764 [JavaFX Application Thread] DEBUG PrimaryStageWindow   - Pop state: TowerDefenseMainMenu
11:26:31.764 [JavaFX Application Thread] DEBUG Input                - Clearing active input actions
11:26:31.766 [JavaFX Application Thread] DEBUG GameApplicationServi - Removing overlay from TowerDefenseMainMenu and adding to FXGLMainMenuDummyScene
11:26:31.766 [JavaFX Application Thread] DEBUG PrimaryStageWindow   - FXGLMainMenuDummyScene <- TowerDefenseMainMenu
11:26:31.766 [JavaFX Application Thread] DEBUG Input                - Clearing active input actions
11:26:31.782 [JavaFX Application Thread] DEBUG GameApplicationServi - Removing overlay from FXGLMainMenuDummyScene and adding to FXGLLoadingScene
11:26:31.782 [JavaFX Application Thread] DEBUG PrimaryStageWindow   - FXGLMainMenuDummyScene -> FXGLLoadingScene
11:26:31.782 [JavaFX Application Thread] DEBUG GameApplicationServi - Clearing previous game
11:26:31.783 [JavaFX Application Thread] DEBUG GameScene            - Clearing game scene
11:26:31.783 [JavaFX Application Thread] DEBUG GameWorld            - Clearing game world
11:26:31.788 [JavaFX Application Thread] DEBUG PhysicsWorld         - Clearing physics world
11:26:31.790 [FXGL Background Thread 6 ] DEBUG FXGLApplication      - Initializing game
11:26:31.794 [FXGL Background Thread 6 ] DEBUG FXGLAssetLoaderServi - Loading JSON from: file:/Volumes/AYUSH%20DRIVE/School%202022-23/M359%20AP%20CS%20Java%20A/FXGLGames/TowerDefense/target/classes/assets/towers/tower1.json
11:26:31.804 [FXGL Background Thread 6 ] DEBUG FXGLAssetLoaderServi - Loading JSON from: file:/Volumes/AYUSH%20DRIVE/School%202022-23/M359%20AP%20CS%20Java%20A/FXGLGames/TowerDefense/target/classes/assets/towers/tower2.json
11:26:31.807 [FXGL Background Thread 6 ] DEBUG FXGLAssetLoaderServi - Loading JSON from: file:/Volumes/AYUSH%20DRIVE/School%202022-23/M359%20AP%20CS%20Java%20A/FXGLGames/TowerDefense/target/classes/assets/towers/tower3.json
11:26:31.810 [FXGL Background Thread 6 ] DEBUG FXGLAssetLoaderServi - Loading JSON from: file:/Volumes/AYUSH%20DRIVE/School%202022-23/M359%20AP%20CS%20Java%20A/FXGLGames/TowerDefense/target/classes/assets/towers/tower4.json
11:26:31.812 [FXGL Background Thread 6 ] DEBUG FXGLAssetLoaderServi - Loading JSON from: file:/Volumes/AYUSH%20DRIVE/School%202022-23/M359%20AP%20CS%20Java%20A/FXGLGames/TowerDefense/target/classes/assets/towers/tower5.json
11:26:31.815 [FXGL Background Thread 6 ] DEBUG FXGLAssetLoaderServi - Loading JSON from: file:/Volumes/AYUSH%20DRIVE/School%202022-23/M359%20AP%20CS%20Java%20A/FXGLGames/TowerDefense/target/classes/assets/towers/tower6.json
11:26:31.826 [FXGL Background Thread 6 ] DEBUG TMXLevelLoader       - Parsed TiledMap: file:/Volumes/AYUSH%20DRIVE/School%202022-23/M359%20AP%20CS%20Java%20A/FXGLGames/TowerDefense/target/classes/assets/levels/tmx/td1.tmx
11:26:31.827 [FXGL Background Thread 6 ] DEBUG TMXLevelLoader       - Creating tile layer entities
11:26:31.827 [FXGL Background Thread 6 ] DEBUG TilesetLoader        - Loading view for layer ground
11:26:31.828 [FXGL Background Thread 6 ] DEBUG TilesetLoader        - Created buffer with size 1600.0x896.0
11:26:31.963 [FXGL Background Thread 6 ] DEBUG TilesetLoader        - Loading view for layer path
11:26:31.964 [FXGL Background Thread 6 ] DEBUG TilesetLoader        - Created buffer with size 1600.0x896.0
11:26:31.964 [FXGL Background Thread 6 ] DEBUG TilesetLoader        - Loading view for layer decor
11:26:31.965 [FXGL Background Thread 6 ] DEBUG TilesetLoader        - Created buffer with size 1600.0x896.0
11:26:31.965 [FXGL Background Thread 6 ] DEBUG TMXLevelLoader       - Creating object layer entities
11:26:31.967 [FXGL Background Thread 6 ] DEBUG GameWorld            - Clearing removable entities
11:26:31.967 [FXGL Background Thread 6 ] DEBUG GameWorld            - Setting level: com.almasb.fxgl.entity.level.Level@2fafac66
11:26:31.969 [FXGL Background Thread 6 ] INFO  FXGLApplication      - Game initialization took: 0.178 sec
11:26:31.969 [JavaFX Application Thread] DEBUG Input                - Clearing active input actions
11:26:31.973 [JavaFX Application Thread] DEBUG GameApplicationServi - Removing overlay from FXGLLoadingScene and adding to GameScene
11:26:31.973 [JavaFX Application Thread] DEBUG PrimaryStageWindow   - FXGLLoadingScene -> GameScene
11:26:32.076 [JavaFX Application Thread] DEBUG LoopRunner           - Stopping loop
11:26:32.078 [JavaFX Application Thread] FATAL FXGLApplication      - Uncaught Exception:
java.util.NoSuchElementException: java.lang.IndexOutOfBoundsException: Index 1 out of bounds for length 0
	at java.base/java.util.AbstractList$Itr.next(AbstractList.java:379)
	at java.base/java.lang.Iterable.forEach(Iterable.java:74)
	at td.main/com.ayushkr.CSAFinal.baseDefense.TowerDefenseApp.initQuests(TowerDefenseApp.java:170)
	at td.main/com.ayushkr.CSAFinal.baseDefense.TowerDefenseApp.lambda$loadCurrentLevel$5(TowerDefenseApp.java:154)
	at com.almasb.fxgl.core@17.1/com.almasb.fxgl.time.TimerAction.update(TimerAction.kt:69)
	at com.almasb.fxgl.core@17.1/com.almasb.fxgl.time.Timer.update(Timer.kt:38)
	at com.almasb.fxgl.scene@17.1/com.almasb.fxgl.scene.Scene.update(Scene.kt:104)
	at com.almasb.fxgl.all@17.1/com.almasb.fxgl.app.MainWindow$update$1.invoke(MainWindow.kt:115)
	at com.almasb.fxgl.all@17.1/com.almasb.fxgl.app.MainWindow$update$1.invoke(MainWindow.kt:115)
	at com.almasb.fxgl.core@17.1/com.almasb.fxgl.core.fsm.StateMachine.runOnActiveStates(StateMachine.kt:69)
	at com.almasb.fxgl.all@17.1/com.almasb.fxgl.app.MainWindow.update(MainWindow.kt:115)
	at com.almasb.fxgl.all@17.1/com.almasb.fxgl.app.FXGLApplication$GameApplicationService.onUpdate(FXGLApplication.kt:426)
	at com.almasb.fxgl.all@17.1/com.almasb.fxgl.app.Engine.loop(Engine.kt:134)
	at com.almasb.fxgl.all@17.1/com.almasb.fxgl.app.Engine.access$loop(Engine.kt:24)
	at com.almasb.fxgl.all@17.1/com.almasb.fxgl.app.Engine$loop$1.invoke(Engine.kt:28)
	at com.almasb.fxgl.all@17.1/com.almasb.fxgl.app.Engine$loop$1.invoke(Engine.kt:28)
	at com.almasb.fxgl.all@17.1/com.almasb.fxgl.app.LoopRunner.frame(LoopRunner.kt:103)
	at com.almasb.fxgl.all@17.1/com.almasb.fxgl.app.LoopRunner.access$frame(LoopRunner.kt:23)
	at com.almasb.fxgl.all@17.1/com.almasb.fxgl.app.LoopRunner$impl$2$1.onTick(LoopRunner.kt:57)
	at com.almasb.fxgl.all@17.1/com.almasb.fxgl.app.AnimationTimerLoop$timer$1.handle(LoopRunner.kt:137)
	at javafx.graphics@18/javafx.animation.AnimationTimer$AnimationTimerReceiver.lambda$handle$0(AnimationTimer.java:58)
	at java.base/java.security.AccessController.doPrivileged(AccessController.java:399)
	at javafx.graphics@18/javafx.animation.AnimationTimer$AnimationTimerReceiver.handle(AnimationTimer.java:57)
	at javafx.graphics@18/com.sun.scenario.animation.AbstractPrimaryTimer.timePulseImpl(AbstractPrimaryTimer.java:356)
	at javafx.graphics@18/com.sun.scenario.animation.AbstractPrimaryTimer$MainLoop.run(AbstractPrimaryTimer.java:266)
	at javafx.graphics@18/com.sun.javafx.tk.quantum.QuantumToolkit.pulse(QuantumToolkit.java:571)
	at javafx.graphics@18/com.sun.javafx.tk.quantum.QuantumToolkit.pulse(QuantumToolkit.java:555)
	at javafx.graphics@18/com.sun.javafx.tk.quantum.QuantumToolkit.pulseFromQueue(QuantumToolkit.java:548)
	at javafx.graphics@18/com.sun.javafx.tk.quantum.QuantumToolkit.lambda$runToolkit$11(QuantumToolkit.java:352)
	at javafx.graphics@18/com.sun.glass.ui.InvokeLaterDispatcher$Future.run(InvokeLaterDispatcher.java:96)
Caused by: java.lang.IndexOutOfBoundsException: Index 1 out of bounds for length 0
	at java.base/jdk.internal.util.Preconditions.outOfBounds(Preconditions.java:100)
	at java.base/jdk.internal.util.Preconditions.outOfBoundsCheckIndex(Preconditions.java:106)
	at java.base/jdk.internal.util.Preconditions.checkIndex(Preconditions.java:302)
	at java.base/java.util.Objects.checkIndex(Objects.java:385)
	at java.base/java.util.ArrayList.get(ArrayList.java:427)
	at javafx.base@18/com.sun.javafx.collections.ObservableListWrapper.get(ObservableListWrapper.java:89)
	at javafx.base@18/javafx.collections.FXCollections$UnmodifiableObservableListImpl.get(FXCollections.java:970)
	at java.base/java.util.AbstractList$Itr.next(AbstractList.java:373)
	... 29 more

11:26:32.079 [JavaFX Application Thread] FATAL FXGLApplication      - Application will now exit
11:26:32.090 [JavaFX Application Thread] DEBUG PrimaryStageWindow   - Push state: ErrorSubScene
11:26:32.090 [JavaFX Application Thread] DEBUG Input                - Clearing active input actions
11:26:32.091 [JavaFX Application Thread] DEBUG GameApplicationServi - Removing overlay from GameScene and adding to ErrorSubScene
11:26:32.091 [JavaFX Application Thread] DEBUG PrimaryStageWindow   - GameScene -> ErrorSubScene
11:26:38.323 [JavaFX Application Thread] DEBUG FXGLApplication      - Exiting FXGL
11:26:38.324 [JavaFX Application Thread] DEBUG Async                - Shutting down background threads
11:26:38.324 [JavaFX Application Thread] DEBUG PrimaryStageWindow   - Closing main window
11:26:38.332 [JavaFX Application Thread] DEBUG Logger               - Closing Logger
