20:29:48.183 [main                     ] DEBUG Logger               - Configured Logger
20:29:48.279 [main                     ] DEBUG GameApplication      - Logging settings
Title: FXGL Tower Defense
Version: 0.3
Width: 1600
Height: 896
Fullscreen: false
Intro: false
Profiling: false
Single step:false
App Mode: DEVELOPER
Menu Key: ESCAPE
Stage Style: DECORATED
Scene Factory: class com.ayushkr.CSAFinal.baseDefense.TowerDefenseApp$6

20:29:49.119 [JavaFX Application Thread] DEBUG FXGLApplication      - Initializing FXGL
20:29:49.126 [JavaFX Application Thread] INFO  Engine               - FXGL-17.1 (24.03.2022 17.34) on MAC (J:19.0.1 FX:18)
20:29:49.127 [JavaFX Application Thread] DEBUG Engine               - JRE Vendor Name: Oracle Corporation
20:29:49.127 [JavaFX Application Thread] DEBUG Engine               - Running on OS: Mac OS X version 13.1
20:29:49.127 [JavaFX Application Thread] DEBUG Engine               - Architecture: aarch64
20:29:49.128 [JavaFX Application Thread] INFO  Engine               - Source code and latest versions at: https://github.com/AlmasB/FXGL
20:29:49.128 [JavaFX Application Thread] INFO  Engine               -       Ask questions and discuss at: https://github.com/AlmasB/FXGL/discussions
20:29:49.128 [JavaFX Application Thread] INFO  Engine               -              Join the FXGL chat at: https://gitter.im/AlmasB/FXGL
20:29:49.260 [JavaFX Application Thread] DEBUG PrimaryStageWindow   - Creating a JavaFX scene
20:29:49.261 [JavaFX Application Thread] DEBUG PrimaryStageWindow   - Target size > screen size
20:29:49.329 [JavaFX Application Thread] DEBUG PrimaryStageWindow   - Target settings size: 1600.0 x 896.0
20:29:49.330 [JavaFX Application Thread] DEBUG PrimaryStageWindow   - Scaled scene size:    1415.0 x 806.0
20:29:49.330 [JavaFX Application Thread] DEBUG PrimaryStageWindow   - Scaled ratio: (0.884375, 0.8995535714285714)
20:29:49.332 [JavaFX Application Thread] DEBUG PrimaryStageWindow   - Set initial scene to FXGLStartupScene
20:29:49.343 [JavaFX Application Thread] DEBUG PrimaryStageWindow   - Opening main window
20:29:49.485 [JavaFX Application Thread] DEBUG PrimaryStageWindow   - Window border size: (0.0, 28.0)
20:29:49.486 [JavaFX Application Thread] DEBUG PrimaryStageWindow   - Scaled size: 1415.0 x 806.0
20:29:49.486 [JavaFX Application Thread] DEBUG PrimaryStageWindow   - Scaled ratio: (0.884375, 0.8995535714285714)
20:29:49.486 [JavaFX Application Thread] DEBUG PrimaryStageWindow   - Scene size: 1415.0 x 806.0
20:29:49.487 [JavaFX Application Thread] DEBUG PrimaryStageWindow   - Stage size: 1415.0 x 834.0
20:29:49.500 [FXGL Background Thread 1 ] DEBUG Engine               - Initializing environment variables
20:29:49.781 [FXGL Background Thread 1 ] DEBUG FXGLAssetLoaderServi - User app class for loading assets: class com.ayushkr.CSAFinal.baseDefense.TowerDefenseApp
20:29:49.781 [FXGL Background Thread 1 ] DEBUG GameApplicationServi - Applying CSS: fxgl_dark.css
20:29:49.782 [FXGL Background Thread 1 ] DEBUG FXGLAssetLoaderServi - Loading from file system: jar:file:///Users/ayushkumarrai/.m2/repository/com/github/almasb/fxgl/17.1/fxgl-17.1.jar!/fxglassets/ui/css/fxgl_dark.css
20:29:49.851 [FXGL Background Thread 1 ] DEBUG GameApplicationServi - Applying CSS: main.css
20:29:49.852 [FXGL Background Thread 1 ] DEBUG FXGLAssetLoaderServi - Loading from file system: file:/Volumes/AYUSH%20DRIVE/School%202022-23/M359%20AP%20CS%20Java%20A/Projects/CSA%20Final%20Project/target/classes/assets/ui/css/main.css
20:29:49.854 [FXGL Background Thread 1 ] DEBUG GameApplicationServi - Initializing application scenes
20:29:50.079 [FXGL Background Thread 1 ] DEBUG GameWorld            - Game world initialized
20:29:50.164 [FXGL Background Thread 1 ] DEBUG PhysicsWorld         - Physics world initialized: appHeight=896, physics.ppm=50.0
20:29:50.164 [FXGL Background Thread 1 ] DEBUG PhysicsWorld         - Using strategy: BRUTE_FORCE
20:29:50.167 [FXGL Background Thread 1 ] DEBUG GameScene            - Game scene initialized: 1600x896
20:29:50.208 [FXGL Background Thread 1 ] DEBUG FXGLAssetLoaderServi - Loading from file system: file:/Volumes/AYUSH%20DRIVE/School%202022-23/M359%20AP%20CS%20Java%20A/Projects/CSA%20Final%20Project/target/classes/assets/textures/title.png
20:29:50.249 [FXGL Background Thread 1 ] DEBUG FXGLAssetLoaderServi - Loading JSON from: file:/Volumes/AYUSH%20DRIVE/School%202022-23/M359%20AP%20CS%20Java%20A/Projects/CSA%20Final%20Project/target/classes/assets/levels/level2.json
20:29:51.311 [FXGL Background Thread 1 ] DEBUG FXGLAssetLoaderServi - Loading JSON from: file:/Volumes/AYUSH%20DRIVE/School%202022-23/M359%20AP%20CS%20Java%20A/Projects/CSA%20Final%20Project/target/classes/assets/levels/level1.json
20:29:51.320 [FXGL Background Thread 1 ] DEBUG FXGLAssetLoaderServi - Loading JSON from: file:/Volumes/AYUSH%20DRIVE/School%202022-23/M359%20AP%20CS%20Java%20A/Projects/CSA%20Final%20Project/target/classes/assets/levels/level2.json
20:29:51.326 [FXGL Background Thread 1 ] DEBUG FXGLAssetLoaderServi - Loading JSON from: file:/Volumes/AYUSH%20DRIVE/School%202022-23/M359%20AP%20CS%20Java%20A/Projects/CSA%20Final%20Project/target/classes/assets/levels/level1.json
20:29:51.338 [FXGL Background Thread 1 ] DEBUG FXGLAssetLoaderServi - Loading JSON from: file:/Volumes/AYUSH%20DRIVE/School%202022-23/M359%20AP%20CS%20Java%20A/Projects/CSA%20Final%20Project/target/classes/assets/levels/level2.json
20:29:51.353 [FXGL Background Thread 1 ] DEBUG FXGLAssetLoaderServi - Loading JSON from: file:/Volumes/AYUSH%20DRIVE/School%202022-23/M359%20AP%20CS%20Java%20A/Projects/CSA%20Final%20Project/target/classes/assets/levels/level1.json
20:29:51.392 [FXGL Background Thread 1 ] DEBUG FXGLAssetLoaderServi - Loading JSON from: file:/Volumes/AYUSH%20DRIVE/School%202022-23/M359%20AP%20CS%20Java%20A/Projects/CSA%20Final%20Project/target/classes/assets/levels/level2.json
20:29:51.398 [FXGL Background Thread 1 ] DEBUG FXGLAssetLoaderServi - Loading JSON from: file:/Volumes/AYUSH%20DRIVE/School%202022-23/M359%20AP%20CS%20Java%20A/Projects/CSA%20Final%20Project/target/classes/assets/levels/level1.json
20:29:51.405 [FXGL Background Thread 1 ] DEBUG FXGLAssetLoaderServi - Loading JSON from: file:/Volumes/AYUSH%20DRIVE/School%202022-23/M359%20AP%20CS%20Java%20A/Projects/CSA%20Final%20Project/target/classes/assets/levels/level2.json
20:29:51.497 [FXGL Background Thread 1 ] DEBUG FXGLAssetLoaderServi - Loading JSON from: file:/Volumes/AYUSH%20DRIVE/School%202022-23/M359%20AP%20CS%20Java%20A/Projects/CSA%20Final%20Project/target/classes/assets/levels/level1.json
20:29:51.503 [FXGL Background Thread 1 ] DEBUG FXGLAssetLoaderServi - Loading JSON from: file:/Volumes/AYUSH%20DRIVE/School%202022-23/M359%20AP%20CS%20Java%20A/Projects/CSA%20Final%20Project/target/classes/assets/levels/level2.json
20:29:51.595 [FXGL Background Thread 1 ] DEBUG FXGLAssetLoaderServi - Loading JSON from: file:/Volumes/AYUSH%20DRIVE/School%202022-23/M359%20AP%20CS%20Java%20A/Projects/CSA%20Final%20Project/target/classes/assets/levels/level1.json
20:29:51.603 [FXGL Background Thread 1 ] DEBUG FXGLAssetLoaderServi - Loading JSON from: file:/Volumes/AYUSH%20DRIVE/School%202022-23/M359%20AP%20CS%20Java%20A/Projects/CSA%20Final%20Project/target/classes/assets/levels/level2.json
20:29:51.609 [FXGL Background Thread 1 ] DEBUG FXGLAssetLoaderServi - Loading JSON from: file:/Volumes/AYUSH%20DRIVE/School%202022-23/M359%20AP%20CS%20Java%20A/Projects/CSA%20Final%20Project/target/classes/assets/levels/level1.json
20:29:51.614 [FXGL Background Thread 1 ] DEBUG FXGLAssetLoaderServi - Loading JSON from: file:/Volumes/AYUSH%20DRIVE/School%202022-23/M359%20AP%20CS%20Java%20A/Projects/CSA%20Final%20Project/target/classes/assets/levels/level2.json
20:29:51.654 [FXGL Background Thread 1 ] DEBUG FXGLAssetLoaderServi - Loading JSON from: file:/Volumes/AYUSH%20DRIVE/School%202022-23/M359%20AP%20CS%20Java%20A/Projects/CSA%20Final%20Project/target/classes/assets/levels/level1.json
20:29:51.660 [FXGL Background Thread 1 ] DEBUG FXGLAssetLoaderServi - Loading JSON from: file:/Volumes/AYUSH%20DRIVE/School%202022-23/M359%20AP%20CS%20Java%20A/Projects/CSA%20Final%20Project/target/classes/assets/levels/level2.json
20:29:51.687 [FXGL Background Thread 1 ] DEBUG FXGLAssetLoaderServi - Loading JSON from: file:/Volumes/AYUSH%20DRIVE/School%202022-23/M359%20AP%20CS%20Java%20A/Projects/CSA%20Final%20Project/target/classes/assets/levels/level1.json
20:29:51.708 [FXGL Background Thread 1 ] DEBUG FXGLAssetLoaderServi - Loading JSON from: file:/Volumes/AYUSH%20DRIVE/School%202022-23/M359%20AP%20CS%20Java%20A/Projects/CSA%20Final%20Project/target/classes/assets/levels/level2.json
20:29:51.714 [FXGL Background Thread 1 ] DEBUG FXGLAssetLoaderServi - Loading JSON from: file:/Volumes/AYUSH%20DRIVE/School%202022-23/M359%20AP%20CS%20Java%20A/Projects/CSA%20Final%20Project/target/classes/assets/levels/level1.json
20:29:51.719 [FXGL Background Thread 1 ] DEBUG FXGLAssetLoaderServi - Loading JSON from: file:/Volumes/AYUSH%20DRIVE/School%202022-23/M359%20AP%20CS%20Java%20A/Projects/CSA%20Final%20Project/target/classes/assets/levels/level2.json
20:29:51.724 [FXGL Background Thread 1 ] DEBUG FXGLAssetLoaderServi - Loading JSON from: file:/Volumes/AYUSH%20DRIVE/School%202022-23/M359%20AP%20CS%20Java%20A/Projects/CSA%20Final%20Project/target/classes/assets/levels/level1.json
20:29:51.731 [FXGL Background Thread 1 ] DEBUG FXGLAssetLoaderServi - Loading JSON from: file:/Volumes/AYUSH%20DRIVE/School%202022-23/M359%20AP%20CS%20Java%20A/Projects/CSA%20Final%20Project/target/classes/assets/levels/level2.json
20:29:51.736 [FXGL Background Thread 1 ] DEBUG FXGLAssetLoaderServi - Loading JSON from: file:/Volumes/AYUSH%20DRIVE/School%202022-23/M359%20AP%20CS%20Java%20A/Projects/CSA%20Final%20Project/target/classes/assets/levels/level1.json
20:29:51.759 [FXGL Background Thread 1 ] DEBUG FXGLAssetLoaderServi - Loading JSON from: file:/Volumes/AYUSH%20DRIVE/School%202022-23/M359%20AP%20CS%20Java%20A/Projects/CSA%20Final%20Project/target/classes/assets/levels/level2.json
20:29:51.763 [FXGL Background Thread 1 ] DEBUG FXGLAssetLoaderServi - Loading JSON from: file:/Volumes/AYUSH%20DRIVE/School%202022-23/M359%20AP%20CS%20Java%20A/Projects/CSA%20Final%20Project/target/classes/assets/levels/level1.json
20:29:51.848 [FXGL Background Thread 2 ] DEBUG GameWorld            - Game world initialized
20:29:51.850 [FXGL Background Thread 2 ] DEBUG PhysicsWorld         - Physics world initialized: appHeight=448, physics.ppm=50.0
20:29:51.850 [FXGL Background Thread 2 ] DEBUG PhysicsWorld         - Using strategy: BRUTE_FORCE
20:29:51.852 [FXGL Background Thread 2 ] DEBUG GameScene            - Game scene initialized: 800x448
20:29:51.994 [FXGL Background Thread 2 ] DEBUG TMXLevelLoader       - Parsed TiledMap: file:/Volumes/AYUSH%20DRIVE/School%202022-23/M359%20AP%20CS%20Java%20A/Projects/CSA%20Final%20Project/target/classes/assets/levels/tmx/td2.tmx
20:29:52.002 [FXGL Background Thread 2 ] DEBUG TMXLevelLoader       - Creating tile layer entities
20:29:52.005 [ForkJoinPool.commonPool-w] DEBUG TilesetLoader        - Loading view for layer decor
20:29:52.005 [ForkJoinPool.commonPool-w] DEBUG TilesetLoader        - Loading view for layer ground
20:29:52.005 [FXGL Background Thread 2 ] DEBUG TilesetLoader        - Loading view for layer path
20:29:52.013 [FXGL Background Thread 1 ] DEBUG FXGLAssetLoaderServi - Loading JSON from: file:/Volumes/AYUSH%20DRIVE/School%202022-23/M359%20AP%20CS%20Java%20A/Projects/CSA%20Final%20Project/target/classes/assets/towers/tower1.json
20:29:52.017 [ForkJoinPool.commonPool-w] DEBUG TilesetLoader        - Created buffer with size 1600.0x896.0
20:29:52.018 [FXGL Background Thread 2 ] DEBUG TilesetLoader        - Created buffer with size 1600.0x896.0
20:29:52.038 [FXGL Background Thread 1 ] DEBUG FXGLAssetLoaderServi - Loading JSON from: file:/Volumes/AYUSH%20DRIVE/School%202022-23/M359%20AP%20CS%20Java%20A/Projects/CSA%20Final%20Project/target/classes/assets/towers/tower2.json
20:29:52.043 [FXGL Background Thread 1 ] DEBUG FXGLAssetLoaderServi - Loading JSON from: file:/Volumes/AYUSH%20DRIVE/School%202022-23/M359%20AP%20CS%20Java%20A/Projects/CSA%20Final%20Project/target/classes/assets/towers/tower3.json
20:29:52.069 [FXGL Background Thread 1 ] DEBUG FXGLAssetLoaderServi - Loading JSON from: file:/Volumes/AYUSH%20DRIVE/School%202022-23/M359%20AP%20CS%20Java%20A/Projects/CSA%20Final%20Project/target/classes/assets/towers/tower4.json
20:29:52.074 [FXGL Background Thread 1 ] DEBUG FXGLAssetLoaderServi - Loading JSON from: file:/Volumes/AYUSH%20DRIVE/School%202022-23/M359%20AP%20CS%20Java%20A/Projects/CSA%20Final%20Project/target/classes/assets/towers/tower5.json
20:29:52.077 [FXGL Background Thread 1 ] DEBUG FXGLAssetLoaderServi - Loading JSON from: file:/Volumes/AYUSH%20DRIVE/School%202022-23/M359%20AP%20CS%20Java%20A/Projects/CSA%20Final%20Project/target/classes/assets/towers/tower6.json
20:29:52.086 [FXGL Background Thread 1 ] DEBUG FXGLAssetLoaderServi - Loading from file system: file:/Volumes/AYUSH%20DRIVE/School%202022-23/M359%20AP%20CS%20Java%20A/Projects/CSA%20Final%20Project/target/classes/assets/textures/towers/tower1.png
20:29:52.096 [FXGL Background Thread 1 ] DEBUG FXGLAssetLoaderServi - Loading from file system: file:/Volumes/AYUSH%20DRIVE/School%202022-23/M359%20AP%20CS%20Java%20A/Projects/CSA%20Final%20Project/target/classes/assets/textures/towers/tower2.png
20:29:52.102 [FXGL Background Thread 1 ] DEBUG FXGLAssetLoaderServi - Loading from file system: file:/Volumes/AYUSH%20DRIVE/School%202022-23/M359%20AP%20CS%20Java%20A/Projects/CSA%20Final%20Project/target/classes/assets/textures/towers/tower3.png
20:29:52.156 [FXGL Background Thread 1 ] DEBUG FXGLAssetLoaderServi - Loading from file system: file:/Volumes/AYUSH%20DRIVE/School%202022-23/M359%20AP%20CS%20Java%20A/Projects/CSA%20Final%20Project/target/classes/assets/textures/towers/tower4.png
20:29:52.199 [FXGL Background Thread 1 ] DEBUG FXGLAssetLoaderServi - Loading from file system: file:/Volumes/AYUSH%20DRIVE/School%202022-23/M359%20AP%20CS%20Java%20A/Projects/CSA%20Final%20Project/target/classes/assets/textures/towers/tower5.png
20:29:52.205 [FXGL Background Thread 1 ] DEBUG FXGLAssetLoaderServi - Loading from file system: file:/Volumes/AYUSH%20DRIVE/School%202022-23/M359%20AP%20CS%20Java%20A/Projects/CSA%20Final%20Project/target/classes/assets/textures/towers/tower6.png
20:29:52.230 [FXGL Background Thread 1 ] DEBUG GameApplicationServi - Application scenes initialized
20:29:52.303 [FXGL Background Thread 1 ] DEBUG SystemBundleService  - Loading FXGL system data
20:29:52.308 [FXGL Background Thread 1 ] WARN  SystemBundleService  - Failed to load: java.io.FileNotFoundException: /Volumes/AYUSH DRIVE/School 2022-23/M359 AP CS Java A/Projects/CSA Final Project/system/fxgl.bundle (No such file or directory)
20:29:52.308 [FXGL Background Thread 1 ] DEBUG SystemBundleService  - Loading default FXGL system data
20:29:52.309 [FXGL Background Thread 1 ] DEBUG UpdaterService       - Checking for updates
20:29:52.313 [FXGL Background Thread 5 ] DEBUG FXGLApplication      - Loading fonts
20:29:52.314 [FXGL Background Thread 5 ] DEBUG FXGLAssetLoaderServi - Loading from file system: jar:file:///Users/ayushkumarrai/.m2/repository/com/github/almasb/fxgl/17.1/fxgl-17.1.jar!/fxglassets/ui/fonts/VarelaRound-Regular.ttf
20:29:52.314 [FXGL Background Thread 1 ] DEBUG FXGLApplication      - Loading default localization
20:29:52.315 [FXGL Background Thread 1 ] DEBUG FXGLAssetLoaderServi - Loading from file system: jar:file:///Users/ayushkumarrai/.m2/repository/com/github/almasb/fxgl/17.1/fxgl-17.1.jar!/fxglassets/languages/english.lang
20:29:52.330 [FXGL Background Thread 1 ] INFO  FXGLApplication      - FXGL initialization took: 2.830 sec
20:29:52.348 [FXGL Background Thread 5 ] DEBUG FXGLAssetLoaderServi - Loading from file system: jar:file:///Users/ayushkumarrai/.m2/repository/com/github/almasb/fxgl/17.1/fxgl-17.1.jar!/fxglassets/ui/fonts/Abel-Regular.ttf
20:29:52.366 [FXGL Background Thread 5 ] DEBUG FXGLAssetLoaderServi - Loading from file system: jar:file:///Users/ayushkumarrai/.m2/repository/com/github/almasb/fxgl/17.1/fxgl-17.1.jar!/fxglassets/ui/fonts/TerminalLandMono-Regular.otf
20:29:52.373 [JavaFX Application Thread] DEBUG Input                - Registered new binding: Left - A
20:29:52.373 [JavaFX Application Thread] DEBUG Input                - Registered new binding: Right - D
20:29:52.374 [JavaFX Application Thread] DEBUG Input                - Registered new binding: Up - W
20:29:52.374 [JavaFX Application Thread] DEBUG Input                - Registered new binding: Down - S
20:29:52.374 [JavaFX Application Thread] DEBUG Input                - Registered new binding: Use - E
20:29:52.374 [JavaFX Application Thread] DEBUG FXGLAssetLoaderServi - Loading from file system: jar:file:///Users/ayushkumarrai/.m2/repository/com/github/almasb/fxgl/17.1/fxgl-17.1.jar!/fxglassets/textures/fxgl_icon.png
20:29:52.391 [FXGL Background Thread 5 ] DEBUG FXGLAssetLoaderServi - Loading from file system: jar:file:///Users/ayushkumarrai/.m2/repository/com/github/almasb/fxgl/17.1/fxgl-17.1.jar!/fxglassets/ui/fonts/Courier-Prime.ttf
20:29:52.444 [JavaFX Application Thread] DEBUG FXGLAssetLoaderServi - Loading from file system: jar:file:///Users/ayushkumarrai/.m2/repository/com/github/almasb/fxgl/17.1/fxgl-17.1.jar!/fxglassets/textures/fxgl_default_cursor.png
20:29:52.446 [JavaFX Application Thread] DEBUG Input                - Registered new binding: Screenshot - CTRL+8
20:29:52.446 [JavaFX Application Thread] DEBUG Input                - Registered new binding: System info dump - CTRL+9
20:29:52.447 [JavaFX Application Thread] DEBUG Input                - Registered new binding: Restart - CTRL+R
20:29:52.447 [JavaFX Application Thread] DEBUG Input                - Registered new binding: Toggle Debug Camera - CTRL+7
20:29:52.449 [JavaFX Application Thread] DEBUG LoopRunner           - Starting loop
20:29:52.449 [JavaFX Application Thread] DEBUG LoopRunner           - Initializing JavaFX AnimationTimerLoop
20:29:52.452 [JavaFX Application Thread] DEBUG Input                - Clearing active input actions
20:29:52.468 [JavaFX Application Thread] DEBUG GameApplicationServi - Removing overlay from FXGLStartupScene and adding to FXGLMainMenuDummyScene
20:29:52.468 [JavaFX Application Thread] DEBUG PrimaryStageWindow   - FXGLStartupScene -> FXGLMainMenuDummyScene
20:29:52.468 [JavaFX Application Thread] DEBUG PrimaryStageWindow   - Push state: TowerDefenseMainMenu
20:29:52.469 [JavaFX Application Thread] DEBUG Input                - Clearing active input actions
20:29:52.473 [JavaFX Application Thread] DEBUG GameApplicationServi - Removing overlay from FXGLMainMenuDummyScene and adding to TowerDefenseMainMenu
20:29:52.473 [JavaFX Application Thread] DEBUG PrimaryStageWindow   - FXGLMainMenuDummyScene -> TowerDefenseMainMenu
20:29:52.525 [JavaFX Application Thread] DEBUG FXGLApplication      - Registering font factories with UI factory
20:29:53.741 [FXGL Background Thread 3 ] INFO  UpdaterService       - Your current version:  17.1
20:29:53.742 [FXGL Background Thread 3 ] INFO  UpdaterService       - Latest stable version: 17.2
20:29:54.605 [FXGL Background Thread 2 ] DEBUG TMXLevelLoader       - Creating object layer entities
20:29:55.096 [FXGL Background Thread 2 ] DEBUG GameWorld            - Clearing removable entities
20:29:55.097 [FXGL Background Thread 2 ] DEBUG GameWorld            - Setting level: com.almasb.fxgl.entity.level.Level@92cf1e4
20:29:55.316 [FXGL Background Thread 4 ] DEBUG Engine               - Logging environment variables
20:29:55.317 [FXGL Background Thread 4 ] DEBUG Engine               - achievements: []
20:29:55.317 [FXGL Background Thread 4 ] DEBUG Engine               - actualHeight: 806.0
20:29:55.317 [FXGL Background Thread 4 ] DEBUG Engine               - actualHeightProperty: ReadOnlyDoubleProperty [value: 806.0]
20:29:55.317 [FXGL Background Thread 4 ] DEBUG Engine               - actualWidth: 1415.0
20:29:55.317 [FXGL Background Thread 4 ] DEBUG Engine               - actualWidthProperty: ReadOnlyDoubleProperty [value: 1415.0]
20:29:55.318 [FXGL Background Thread 4 ] DEBUG Engine               - appIcon: fxgl_icon.png
20:29:55.318 [FXGL Background Thread 4 ] DEBUG Engine               - applicationMode: DEVELOPER
20:29:55.318 [FXGL Background Thread 4 ] DEBUG Engine               - cSSList: [fxgl_dark.css, main.css]
20:29:55.318 [FXGL Background Thread 4 ] DEBUG Engine               - collisionDetectionStrategy: BRUTE_FORCE
20:29:55.318 [FXGL Background Thread 4 ] DEBUG Engine               - configClass: Optional.empty
20:29:55.318 [FXGL Background Thread 4 ] DEBUG Engine               - credits: []
20:29:55.319 [FXGL Background Thread 4 ] DEBUG Engine               - defaultCursor: CursorInfo(imageName=fxgl_default_cursor.png, hotspotX=7.0, hotspotY=6.0)
20:29:55.319 [FXGL Background Thread 4 ] DEBUG Engine               - devBBoxColorProperty: ObjectProperty [value: 0xff0000ff]
20:29:55.319 [FXGL Background Thread 4 ] DEBUG Engine               - devEnableDebugCameraProperty: BooleanProperty [value: false]
20:29:55.319 [FXGL Background Thread 4 ] DEBUG Engine               - devSensorColorProperty: ObjectProperty [value: 0xffff00ff]
20:29:55.319 [FXGL Background Thread 4 ] DEBUG Engine               - devShowBBoxProperty: BooleanProperty [value: false]
20:29:55.319 [FXGL Background Thread 4 ] DEBUG Engine               - devShowPositionProperty: BooleanProperty [value: false]
20:29:55.319 [FXGL Background Thread 4 ] DEBUG Engine               - enabledMenuItems: []
20:29:55.319 [FXGL Background Thread 4 ] DEBUG Engine               - engineServices: [class com.almasb.fxgl.app.services.FXGLAssetLoaderService, class com.almasb.fxgl.app.FXGLApplication$GameApplicationService, class com.almasb.fxgl.app.services.FXGLDialogService, class com.almasb.fxgl.app.services.IOTaskExecutorService, class com.almasb.fxgl.io.FileSystemService, class com.almasb.fxgl.localization.LocalizationService, class com.almasb.fxgl.app.services.SystemBundleService, class com.almasb.fxgl.profile.SaveLoadService, class com.almasb.fxgl.ui.FXGLUIFactoryServiceProvider, class com.almasb.fxgl.ui.FXGLDialogFactoryServiceProvider, class com.almasb.fxgl.audio.AudioPlayer, class com.almasb.fxgl.notification.impl.NotificationServiceProvider, class com.almasb.fxgl.achievement.AchievementService, class com.almasb.fxgl.cutscene.CutsceneService, class com.almasb.fxgl.minigames.MiniGameService, class com.almasb.fxgl.net.NetService, class com.almasb.fxgl.app.services.UpdaterService, class com.almasb.fxgl.dev.DevService, class com.almasb.fxgl.quest.QuestService, class com.ayushkr.CSAFinal.baseDefense.CurrencyService]
20:29:55.319 [FXGL Background Thread 4 ] DEBUG Engine               - fontGame: Abel-Regular.ttf
20:29:55.319 [FXGL Background Thread 4 ] DEBUG Engine               - fontMono: TerminalLandMono-Regular.otf
20:29:55.319 [FXGL Background Thread 4 ] DEBUG Engine               - fontText: Courier-Prime.ttf
20:29:55.319 [FXGL Background Thread 4 ] DEBUG Engine               - fontUI: VarelaRound-Regular.ttf
20:29:55.319 [FXGL Background Thread 4 ] DEBUG Engine               - fullScreen: BooleanProperty [value: false]
20:29:55.319 [FXGL Background Thread 4 ] DEBUG Engine               - gameDifficulty: MEDIUM
20:29:55.319 [FXGL Background Thread 4 ] DEBUG Engine               - gameDifficultyProperty: ObjectProperty [value: MEDIUM]
20:29:55.319 [FXGL Background Thread 4 ] DEBUG Engine               - globalMusicVolume: 0.5
20:29:55.319 [FXGL Background Thread 4 ] DEBUG Engine               - globalMusicVolumeProperty: DoubleProperty [value: 0.5]
20:29:55.319 [FXGL Background Thread 4 ] DEBUG Engine               - globalSoundVolume: 0.5
20:29:55.320 [FXGL Background Thread 4 ] DEBUG Engine               - globalSoundVolumeProperty: DoubleProperty [value: 0.5]
20:29:55.320 [FXGL Background Thread 4 ] DEBUG Engine               - height: 896
20:29:55.320 [FXGL Background Thread 4 ] DEBUG Engine               - is3D: false
20:29:55.320 [FXGL Background Thread 4 ] DEBUG Engine               - isAndroid: false
20:29:55.320 [FXGL Background Thread 4 ] DEBUG Engine               - isBrowser: false
20:29:55.320 [FXGL Background Thread 4 ] DEBUG Engine               - isClickFeedbackEnabled: false
20:29:55.320 [FXGL Background Thread 4 ] DEBUG Engine               - isCloseConfirmation: false
20:29:55.320 [FXGL Background Thread 4 ] DEBUG Engine               - isDesktop: true
20:29:55.320 [FXGL Background Thread 4 ] DEBUG Engine               - isDeveloperMenuEnabled: false
20:29:55.320 [FXGL Background Thread 4 ] DEBUG Engine               - isEmbedded: false
20:29:55.320 [FXGL Background Thread 4 ] DEBUG Engine               - isEntityPreloadEnabled: true
20:29:55.320 [FXGL Background Thread 4 ] DEBUG Engine               - isExperimentalTiledLargeMap: false
20:29:55.320 [FXGL Background Thread 4 ] DEBUG Engine               - isFileSystemWriteAllowed: true
20:29:55.320 [FXGL Background Thread 4 ] DEBUG Engine               - isFullScreenAllowed: false
20:29:55.320 [FXGL Background Thread 4 ] DEBUG Engine               - isFullScreenFromStart: false
20:29:55.320 [FXGL Background Thread 4 ] DEBUG Engine               - isGameMenuEnabled: true
20:29:55.320 [FXGL Background Thread 4 ] DEBUG Engine               - isIOS: false
20:29:55.320 [FXGL Background Thread 4 ] DEBUG Engine               - isIntroEnabled: false
20:29:55.320 [FXGL Background Thread 4 ] DEBUG Engine               - isLinux: false
20:29:55.320 [FXGL Background Thread 4 ] DEBUG Engine               - isMac: true
20:29:55.320 [FXGL Background Thread 4 ] DEBUG Engine               - isMainMenuEnabled: true
20:29:55.320 [FXGL Background Thread 4 ] DEBUG Engine               - isManualResizeEnabled: false
20:29:55.320 [FXGL Background Thread 4 ] DEBUG Engine               - isMobile: false
20:29:55.320 [FXGL Background Thread 4 ] DEBUG Engine               - isNative: false
20:29:55.320 [FXGL Background Thread 4 ] DEBUG Engine               - isPauseMusicWhenMinimized: true
20:29:55.320 [FXGL Background Thread 4 ] DEBUG Engine               - isPreserveResizeRatio: false
20:29:55.320 [FXGL Background Thread 4 ] DEBUG Engine               - isProfilingEnabled: false
20:29:55.320 [FXGL Background Thread 4 ] DEBUG Engine               - isScaleAffectedOnResize: true
20:29:55.320 [FXGL Background Thread 4 ] DEBUG Engine               - isSingleStep: false
20:29:55.320 [FXGL Background Thread 4 ] DEBUG Engine               - isUserProfileEnabled: false
20:29:55.320 [FXGL Background Thread 4 ] DEBUG Engine               - isWindows: false
20:29:55.320 [FXGL Background Thread 4 ] DEBUG Engine               - language: ObjectProperty [value: ENGLISH]
20:29:55.321 [FXGL Background Thread 4 ] DEBUG Engine               - menuKey: ESCAPE
20:29:55.321 [FXGL Background Thread 4 ] DEBUG Engine               - mouseSensitivity: 0.2
20:29:55.321 [FXGL Background Thread 4 ] DEBUG Engine               - notificationViewClass: class com.almasb.fxgl.notification.view.XboxNotificationView
20:29:55.321 [FXGL Background Thread 4 ] DEBUG Engine               - pixelsPerMeter: 50.0
20:29:55.321 [FXGL Background Thread 4 ] DEBUG Engine               - platform: MAC
20:29:55.321 [FXGL Background Thread 4 ] DEBUG Engine               - prefHeightProperty: ReadOnlyDoubleProperty [value: 896.0]
20:29:55.321 [FXGL Background Thread 4 ] DEBUG Engine               - prefWidthProperty: ReadOnlyDoubleProperty [value: 1600.0]
20:29:55.321 [FXGL Background Thread 4 ] DEBUG Engine               - profileDir: profiles/
20:29:55.321 [FXGL Background Thread 4 ] DEBUG Engine               - profileName: StringProperty [value: DEFAULT]
20:29:55.321 [FXGL Background Thread 4 ] DEBUG Engine               - randomSeed: -1
20:29:55.321 [FXGL Background Thread 4 ] DEBUG Engine               - runtimeInfo: RuntimeInfo(platform=MAC, version=17.1, build=24.03.2022 17.34)
20:29:55.321 [FXGL Background Thread 4 ] DEBUG Engine               - saveFileExt: sav
20:29:55.321 [FXGL Background Thread 4 ] DEBUG Engine               - scaledHeightProp$fxgl: DoubleProperty [bound, value: 806.0]
20:29:55.321 [FXGL Background Thread 4 ] DEBUG Engine               - scaledWidthProp$fxgl: DoubleProperty [bound, value: 1415.0]
20:29:55.321 [FXGL Background Thread 4 ] DEBUG Engine               - sceneFactory: com.ayushkr.CSAFinal.baseDefense.TowerDefenseApp$6@724a68f6
20:29:55.321 [FXGL Background Thread 4 ] DEBUG Engine               - secondsIn24h: 60
20:29:55.321 [FXGL Background Thread 4 ] DEBUG Engine               - soundMenuBack: menu/back.wav
20:29:55.321 [FXGL Background Thread 4 ] DEBUG Engine               - soundMenuPress: menu/press.wav
20:29:55.321 [FXGL Background Thread 4 ] DEBUG Engine               - soundMenuSelect: menu/select.wav
20:29:55.321 [FXGL Background Thread 4 ] DEBUG Engine               - soundNotification: core/notification.wav
20:29:55.321 [FXGL Background Thread 4 ] DEBUG Engine               - stageStyle: DECORATED
20:29:55.321 [FXGL Background Thread 4 ] DEBUG Engine               - supportedLanguages: [ENGLISH, FRENCH, GERMAN, HUNGARIAN, RUSSIAN]
20:29:55.321 [FXGL Background Thread 4 ] DEBUG Engine               - ticksPerSecond: -1
20:29:55.321 [FXGL Background Thread 4 ] DEBUG Engine               - title: FXGL Tower Defense
20:29:55.321 [FXGL Background Thread 4 ] DEBUG Engine               - urlGithub: https://github.com/AlmasB/FXGL
20:29:55.321 [FXGL Background Thread 4 ] DEBUG Engine               - urlLeaderboard: http://fxgl-top.herokuapp.com/
20:29:55.321 [FXGL Background Thread 4 ] DEBUG Engine               - urlPOM: https://raw.githubusercontent.com/AlmasB/FXGL/release/README.md
20:29:55.322 [FXGL Background Thread 4 ] DEBUG Engine               - userAppClass: class com.ayushkr.CSAFinal.baseDefense.TowerDefenseApp
20:29:55.322 [FXGL Background Thread 4 ] DEBUG Engine               - version: 0.3
20:29:55.322 [FXGL Background Thread 4 ] DEBUG Engine               - versionCheckDays: 7
20:29:55.322 [FXGL Background Thread 4 ] DEBUG Engine               - width: 1600
20:29:55.322 [FXGL Background Thread 4 ] DEBUG Engine               - Logging services
20:29:55.322 [FXGL Background Thread 4 ] DEBUG Engine               - class com.almasb.fxgl.app.services.FXGLAssetLoaderService
20:29:55.322 [FXGL Background Thread 4 ] DEBUG Engine               - class com.almasb.fxgl.app.FXGLApplication$GameApplicationService
20:29:55.322 [FXGL Background Thread 4 ] DEBUG Engine               - class com.almasb.fxgl.app.services.FXGLDialogService
20:29:55.322 [FXGL Background Thread 4 ] DEBUG Engine               - class com.almasb.fxgl.app.services.IOTaskExecutorService
20:29:55.322 [FXGL Background Thread 4 ] DEBUG Engine               - class com.almasb.fxgl.io.FileSystemService
20:29:55.322 [FXGL Background Thread 4 ] DEBUG Engine               - class com.almasb.fxgl.localization.LocalizationService
20:29:55.322 [FXGL Background Thread 4 ] DEBUG Engine               - class com.almasb.fxgl.app.services.SystemBundleService
20:29:55.322 [FXGL Background Thread 4 ] DEBUG Engine               - class com.almasb.fxgl.profile.SaveLoadService
20:29:55.322 [FXGL Background Thread 4 ] DEBUG Engine               - class com.almasb.fxgl.ui.FXGLUIFactoryServiceProvider
20:29:55.322 [FXGL Background Thread 4 ] DEBUG Engine               - class com.almasb.fxgl.ui.FXGLDialogFactoryServiceProvider
20:29:55.322 [FXGL Background Thread 4 ] DEBUG Engine               - class com.almasb.fxgl.audio.AudioPlayer
20:29:55.322 [FXGL Background Thread 4 ] DEBUG Engine               - class com.almasb.fxgl.notification.impl.NotificationServiceProvider
20:29:55.322 [FXGL Background Thread 4 ] DEBUG Engine               - class com.almasb.fxgl.achievement.AchievementService
20:29:55.322 [FXGL Background Thread 4 ] DEBUG Engine               - class com.almasb.fxgl.cutscene.CutsceneService
20:29:55.322 [FXGL Background Thread 4 ] DEBUG Engine               - class com.almasb.fxgl.minigames.MiniGameService
20:29:55.322 [FXGL Background Thread 4 ] DEBUG Engine               - class com.almasb.fxgl.net.NetService
20:29:55.322 [FXGL Background Thread 4 ] DEBUG Engine               - class com.almasb.fxgl.app.services.UpdaterService
20:29:55.322 [FXGL Background Thread 4 ] DEBUG Engine               - class com.almasb.fxgl.dev.DevService
20:29:55.322 [FXGL Background Thread 4 ] DEBUG Engine               - class com.almasb.fxgl.quest.QuestService
20:29:55.322 [FXGL Background Thread 4 ] DEBUG Engine               - class com.ayushkr.CSAFinal.baseDefense.CurrencyService
20:29:57.212 [FXGL Background Thread 2 ] DEBUG GameWorld            - Game world initialized
20:29:57.213 [FXGL Background Thread 2 ] DEBUG PhysicsWorld         - Physics world initialized: appHeight=448, physics.ppm=50.0
20:29:57.213 [FXGL Background Thread 2 ] DEBUG PhysicsWorld         - Using strategy: BRUTE_FORCE
20:29:57.213 [FXGL Background Thread 2 ] DEBUG GameScene            - Game scene initialized: 800x448
20:29:57.222 [FXGL Background Thread 2 ] DEBUG TMXLevelLoader       - Parsed TiledMap: file:/Volumes/AYUSH%20DRIVE/School%202022-23/M359%20AP%20CS%20Java%20A/Projects/CSA%20Final%20Project/target/classes/assets/levels/tmx/td1.tmx
20:29:57.223 [FXGL Background Thread 2 ] DEBUG TMXLevelLoader       - Creating tile layer entities
20:29:57.223 [FXGL Background Thread 2 ] DEBUG TilesetLoader        - Loading view for layer path
20:29:57.223 [ForkJoinPool.commonPool-w] DEBUG TilesetLoader        - Loading view for layer ground
20:29:57.223 [ForkJoinPool.commonPool-w] DEBUG TilesetLoader        - Loading view for layer decor
20:29:57.229 [FXGL Background Thread 2 ] DEBUG TilesetLoader        - Created buffer with size 1600.0x896.0
20:29:57.229 [ForkJoinPool.commonPool-w] DEBUG TilesetLoader        - Created buffer with size 1600.0x896.0
20:29:57.230 [ForkJoinPool.commonPool-w] DEBUG TilesetLoader        - Created buffer with size 1600.0x896.0
20:29:57.344 [FXGL Background Thread 2 ] DEBUG TMXLevelLoader       - Creating object layer entities
20:29:57.431 [FXGL Background Thread 2 ] DEBUG GameWorld            - Clearing removable entities
20:29:57.431 [FXGL Background Thread 2 ] DEBUG GameWorld            - Setting level: com.almasb.fxgl.entity.level.Level@a54fcd1
20:30:02.873 [JavaFX Application Thread] DEBUG FXGLApplication      - Exiting FXGL
20:30:02.873 [JavaFX Application Thread] DEBUG LoopRunner           - Stopping loop
20:30:02.873 [JavaFX Application Thread] DEBUG SystemBundleService  - Saving FXGL system data
20:30:02.883 [JavaFX Application Thread] DEBUG FileSystemAccess     - Writing to: /Volumes/AYUSH DRIVE/School 2022-23/M359 AP CS Java A/Projects/CSA Final Project/system/fxgl.bundle
20:30:02.918 [JavaFX Application Thread] DEBUG Async                - Shutting down background threads
20:30:02.918 [JavaFX Application Thread] DEBUG PrimaryStageWindow   - Closing main window
20:30:02.926 [JavaFX Application Thread] DEBUG Logger               - Closing Logger
