12:13:12.102 [main                     ] DEBUG Logger               - Configured Logger
12:13:12.165 [main                     ] DEBUG GameApplication      - Logging settings
Title: FXGL Tower Defense
Version: 0.3
Width: 1600
Height: 896
Fullscreen: false
Intro: false
Profiling: false
Single step:false
App Mode: DEVELOPER
Menu Key: ESCAPE
Stage Style: DECORATED
Scene Factory: class com.ayushkr.CSAFinal.baseDefense.TowerDefenseApp$6

12:13:13.117 [JavaFX Application Thread] DEBUG FXGLApplication      - Initializing FXGL
12:13:13.125 [JavaFX Application Thread] INFO  Engine               - FXGL-17.1 (24.03.2022 17.34) on MAC (J:20 FX:18)
12:13:13.127 [JavaFX Application Thread] DEBUG Engine               - JRE Vendor Name: Oracle Corporation
12:13:13.127 [JavaFX Application Thread] DEBUG Engine               - Running on OS: Mac OS X version 13.1
12:13:13.127 [JavaFX Application Thread] DEBUG Engine               - Architecture: x86_64
12:13:13.127 [JavaFX Application Thread] INFO  Engine               - Source code and latest versions at: https://github.com/AlmasB/FXGL
12:13:13.128 [JavaFX Application Thread] INFO  Engine               -       Ask questions and discuss at: https://github.com/AlmasB/FXGL/discussions
12:13:13.128 [JavaFX Application Thread] INFO  Engine               -              Join the FXGL chat at: https://gitter.im/AlmasB/FXGL
12:13:13.203 [JavaFX Application Thread] DEBUG PrimaryStageWindow   - Creating a JavaFX scene
12:13:13.347 [JavaFX Application Thread] DEBUG PrimaryStageWindow   - Target settings size: 1600.0 x 896.0
12:13:13.348 [JavaFX Application Thread] DEBUG PrimaryStageWindow   - Scaled scene size:    1600.0 x 896.0
12:13:13.348 [JavaFX Application Thread] DEBUG PrimaryStageWindow   - Scaled ratio: (1.0, 1.0)
12:13:13.350 [JavaFX Application Thread] DEBUG PrimaryStageWindow   - Set initial scene to FXGLStartupScene
12:13:13.358 [JavaFX Application Thread] DEBUG PrimaryStageWindow   - Opening main window
12:13:13.487 [JavaFX Application Thread] DEBUG PrimaryStageWindow   - Window border size: (0.0, 28.0)
12:13:13.488 [JavaFX Application Thread] DEBUG PrimaryStageWindow   - Scaled size: 1600.0 x 896.0
12:13:13.488 [JavaFX Application Thread] DEBUG PrimaryStageWindow   - Scaled ratio: (1.0, 1.0)
12:13:13.489 [JavaFX Application Thread] DEBUG PrimaryStageWindow   - Scene size: 1600.0 x 896.0
12:13:13.489 [JavaFX Application Thread] DEBUG PrimaryStageWindow   - Stage size: 1600.0 x 924.0
12:13:13.498 [FXGL Background Thread 1 ] DEBUG Engine               - Initializing environment variables
12:13:13.632 [FXGL Background Thread 1 ] DEBUG FXGLAssetLoaderServi - User app class for loading assets: class com.ayushkr.CSAFinal.baseDefense.TowerDefenseApp
12:13:13.632 [FXGL Background Thread 1 ] DEBUG GameApplicationServi - Applying CSS: fxgl_dark.css
12:13:13.639 [FXGL Background Thread 1 ] DEBUG FXGLAssetLoaderServi - Loading from file system: jar:file:///Users/ayushkumarrai/.m2/repository/com/github/almasb/fxgl/17.1/fxgl-17.1.jar!/fxglassets/ui/css/fxgl_dark.css
12:13:13.750 [FXGL Background Thread 1 ] DEBUG GameApplicationServi - Applying CSS: main.css
12:13:13.750 [FXGL Background Thread 1 ] DEBUG FXGLAssetLoaderServi - Loading from file system: file:/Volumes/AYUSH%20DRIVE/School%202022-23/M359%20AP%20CS%20Java%20A/Projects/CSA%20Final%20Project/target/classes/assets/ui/css/main.css
12:13:13.754 [FXGL Background Thread 1 ] DEBUG GameApplicationServi - Initializing application scenes
12:13:14.146 [FXGL Background Thread 1 ] DEBUG GameWorld            - Game world initialized
12:13:14.246 [FXGL Background Thread 1 ] DEBUG PhysicsWorld         - Physics world initialized: appHeight=896, physics.ppm=50.0
12:13:14.248 [FXGL Background Thread 1 ] DEBUG PhysicsWorld         - Using strategy: BRUTE_FORCE
12:13:14.259 [FXGL Background Thread 1 ] DEBUG GameScene            - Game scene initialized: 1600x896
12:13:14.322 [FXGL Background Thread 1 ] DEBUG FXGLAssetLoaderServi - Loading from file system: file:/Volumes/AYUSH%20DRIVE/School%202022-23/M359%20AP%20CS%20Java%20A/Projects/CSA%20Final%20Project/target/classes/assets/textures/title.png
12:13:14.354 [FXGL Background Thread 1 ] DEBUG FXGLAssetLoaderServi - Loading JSON from: file:/Volumes/AYUSH%20DRIVE/School%202022-23/M359%20AP%20CS%20Java%20A/Projects/CSA%20Final%20Project/target/classes/assets/levels/level2.json
12:13:14.585 [FXGL Background Thread 1 ] DEBUG FXGLAssetLoaderServi - Loading JSON from: file:/Volumes/AYUSH%20DRIVE/School%202022-23/M359%20AP%20CS%20Java%20A/Projects/CSA%20Final%20Project/target/classes/assets/levels/level1.json
12:13:14.609 [FXGL Background Thread 2 ] DEBUG GameWorld            - Game world initialized
12:13:14.611 [FXGL Background Thread 2 ] DEBUG PhysicsWorld         - Physics world initialized: appHeight=448, physics.ppm=50.0
12:13:14.611 [FXGL Background Thread 2 ] DEBUG PhysicsWorld         - Using strategy: BRUTE_FORCE
12:13:14.614 [FXGL Background Thread 2 ] DEBUG GameScene            - Game scene initialized: 800x448
12:13:14.651 [FXGL Background Thread 1 ] DEBUG FXGLAssetLoaderServi - Loading JSON from: file:/Volumes/AYUSH%20DRIVE/School%202022-23/M359%20AP%20CS%20Java%20A/Projects/CSA%20Final%20Project/target/classes/assets/towers/tower1.json
12:13:14.680 [FXGL Background Thread 1 ] DEBUG FXGLAssetLoaderServi - Loading JSON from: file:/Volumes/AYUSH%20DRIVE/School%202022-23/M359%20AP%20CS%20Java%20A/Projects/CSA%20Final%20Project/target/classes/assets/towers/tower2.json
12:13:14.686 [FXGL Background Thread 1 ] DEBUG FXGLAssetLoaderServi - Loading JSON from: file:/Volumes/AYUSH%20DRIVE/School%202022-23/M359%20AP%20CS%20Java%20A/Projects/CSA%20Final%20Project/target/classes/assets/towers/tower3.json
12:13:14.692 [FXGL Background Thread 1 ] DEBUG FXGLAssetLoaderServi - Loading JSON from: file:/Volumes/AYUSH%20DRIVE/School%202022-23/M359%20AP%20CS%20Java%20A/Projects/CSA%20Final%20Project/target/classes/assets/towers/tower4.json
12:13:14.697 [FXGL Background Thread 1 ] DEBUG FXGLAssetLoaderServi - Loading JSON from: file:/Volumes/AYUSH%20DRIVE/School%202022-23/M359%20AP%20CS%20Java%20A/Projects/CSA%20Final%20Project/target/classes/assets/towers/tower5.json
12:13:14.705 [FXGL Background Thread 1 ] DEBUG FXGLAssetLoaderServi - Loading JSON from: file:/Volumes/AYUSH%20DRIVE/School%202022-23/M359%20AP%20CS%20Java%20A/Projects/CSA%20Final%20Project/target/classes/assets/towers/tower6.json
12:13:14.712 [FXGL Background Thread 1 ] DEBUG FXGLAssetLoaderServi - Loading from file system: file:/Volumes/AYUSH%20DRIVE/School%202022-23/M359%20AP%20CS%20Java%20A/Projects/CSA%20Final%20Project/target/classes/assets/textures/towers/tower1.png
12:13:14.721 [FXGL Background Thread 1 ] DEBUG FXGLAssetLoaderServi - Loading from file system: file:/Volumes/AYUSH%20DRIVE/School%202022-23/M359%20AP%20CS%20Java%20A/Projects/CSA%20Final%20Project/target/classes/assets/textures/towers/tower2.png
12:13:14.729 [FXGL Background Thread 1 ] DEBUG FXGLAssetLoaderServi - Loading from file system: file:/Volumes/AYUSH%20DRIVE/School%202022-23/M359%20AP%20CS%20Java%20A/Projects/CSA%20Final%20Project/target/classes/assets/textures/towers/tower3.png
12:13:14.735 [FXGL Background Thread 1 ] DEBUG FXGLAssetLoaderServi - Loading from file system: file:/Volumes/AYUSH%20DRIVE/School%202022-23/M359%20AP%20CS%20Java%20A/Projects/CSA%20Final%20Project/target/classes/assets/textures/towers/tower4.png
12:13:14.741 [FXGL Background Thread 1 ] DEBUG FXGLAssetLoaderServi - Loading from file system: file:/Volumes/AYUSH%20DRIVE/School%202022-23/M359%20AP%20CS%20Java%20A/Projects/CSA%20Final%20Project/target/classes/assets/textures/towers/tower5.png
12:13:14.746 [FXGL Background Thread 1 ] DEBUG FXGLAssetLoaderServi - Loading from file system: file:/Volumes/AYUSH%20DRIVE/School%202022-23/M359%20AP%20CS%20Java%20A/Projects/CSA%20Final%20Project/target/classes/assets/textures/towers/tower6.png
12:13:14.762 [FXGL Background Thread 2 ] DEBUG TMXLevelLoader       - Parsed TiledMap: file:/Volumes/AYUSH%20DRIVE/School%202022-23/M359%20AP%20CS%20Java%20A/Projects/CSA%20Final%20Project/target/classes/assets/levels/tmx/td2.tmx
12:13:14.765 [FXGL Background Thread 2 ] DEBUG TMXLevelLoader       - Creating tile layer entities
12:13:14.775 [ForkJoinPool.commonPool-w] DEBUG TilesetLoader        - Loading view for layer ground
12:13:14.775 [FXGL Background Thread 2 ] DEBUG TilesetLoader        - Loading view for layer path
12:13:14.779 [ForkJoinPool.commonPool-w] DEBUG TilesetLoader        - Loading view for layer decor
12:13:14.780 [FXGL Background Thread 2 ] DEBUG TilesetLoader        - Created buffer with size 1600.0x896.0
12:13:14.780 [ForkJoinPool.commonPool-w] DEBUG TilesetLoader        - Created buffer with size 1600.0x896.0
12:13:14.781 [ForkJoinPool.commonPool-w] DEBUG TilesetLoader        - Created buffer with size 1600.0x896.0
12:13:14.787 [FXGL Background Thread 1 ] DEBUG GameApplicationServi - Application scenes initialized
12:13:15.100 [FXGL Background Thread 1 ] DEBUG SystemBundleService  - Loading FXGL system data
12:13:15.134 [FXGL Background Thread 1 ] DEBUG FileSystemAccess     - Reading from: /Volumes/AYUSH DRIVE/School 2022-23/M359 AP CS Java A/Projects/CSA Final Project/system/fxgl.bundle
12:13:15.236 [FXGL Background Thread 2 ] DEBUG TMXLevelLoader       - Creating object layer entities
12:13:15.328 [FXGL Background Thread 1 ] DEBUG SystemBundleService  - Bundle FXGL: {}
12:13:15.330 [FXGL Background Thread 1 ] DEBUG UpdaterService       - Checking for updates
12:13:15.342 [FXGL Background Thread 5 ] DEBUG FXGLApplication      - Loading fonts
12:13:15.343 [FXGL Background Thread 1 ] DEBUG FXGLApplication      - Loading default localization
12:13:15.355 [FXGL Background Thread 1 ] DEBUG FXGLAssetLoaderServi - Loading from file system: jar:file:///Users/ayushkumarrai/.m2/repository/com/github/almasb/fxgl/17.1/fxgl-17.1.jar!/fxglassets/languages/english.lang
12:13:15.355 [FXGL Background Thread 5 ] DEBUG FXGLAssetLoaderServi - Loading from file system: jar:file:///Users/ayushkumarrai/.m2/repository/com/github/almasb/fxgl/17.1/fxgl-17.1.jar!/fxglassets/ui/fonts/VarelaRound-Regular.ttf
12:13:15.380 [FXGL Background Thread 1 ] INFO  FXGLApplication      - FXGL initialization took: 1.879 sec
12:13:15.392 [JavaFX Application Thread] DEBUG Input                - Registered new binding: Left - A
12:13:15.393 [JavaFX Application Thread] DEBUG Input                - Registered new binding: Right - D
12:13:15.393 [JavaFX Application Thread] DEBUG Input                - Registered new binding: Up - W
12:13:15.393 [JavaFX Application Thread] DEBUG Input                - Registered new binding: Down - S
12:13:15.393 [JavaFX Application Thread] DEBUG Input                - Registered new binding: Use - E
12:13:15.396 [JavaFX Application Thread] DEBUG FXGLAssetLoaderServi - Loading from file system: jar:file:///Users/ayushkumarrai/.m2/repository/com/github/almasb/fxgl/17.1/fxgl-17.1.jar!/fxglassets/textures/fxgl_icon.png
12:13:15.401 [FXGL Background Thread 5 ] DEBUG FXGLAssetLoaderServi - Loading from file system: jar:file:///Users/ayushkumarrai/.m2/repository/com/github/almasb/fxgl/17.1/fxgl-17.1.jar!/fxglassets/ui/fonts/Abel-Regular.ttf
12:13:15.409 [FXGL Background Thread 5 ] DEBUG FXGLAssetLoaderServi - Loading from file system: jar:file:///Users/ayushkumarrai/.m2/repository/com/github/almasb/fxgl/17.1/fxgl-17.1.jar!/fxglassets/ui/fonts/TerminalLandMono-Regular.otf
12:13:15.422 [FXGL Background Thread 5 ] DEBUG FXGLAssetLoaderServi - Loading from file system: jar:file:///Users/ayushkumarrai/.m2/repository/com/github/almasb/fxgl/17.1/fxgl-17.1.jar!/fxglassets/ui/fonts/Courier-Prime.ttf
12:13:15.429 [JavaFX Application Thread] DEBUG FXGLAssetLoaderServi - Loading from file system: jar:file:///Users/ayushkumarrai/.m2/repository/com/github/almasb/fxgl/17.1/fxgl-17.1.jar!/fxglassets/textures/fxgl_default_cursor.png
12:13:15.433 [JavaFX Application Thread] DEBUG Input                - Registered new binding: Screenshot - CTRL+8
12:13:15.434 [JavaFX Application Thread] DEBUG Input                - Registered new binding: System info dump - CTRL+9
12:13:15.434 [JavaFX Application Thread] DEBUG Input                - Registered new binding: Restart - CTRL+R
12:13:15.435 [JavaFX Application Thread] DEBUG Input                - Registered new binding: Toggle Debug Camera - CTRL+7
12:13:15.438 [JavaFX Application Thread] DEBUG LoopRunner           - Starting loop
12:13:15.438 [JavaFX Application Thread] DEBUG LoopRunner           - Initializing JavaFX AnimationTimerLoop
12:13:15.441 [JavaFX Application Thread] DEBUG Input                - Clearing active input actions
12:13:15.528 [JavaFX Application Thread] DEBUG GameApplicationServi - Removing overlay from FXGLStartupScene and adding to FXGLMainMenuDummyScene
12:13:15.532 [JavaFX Application Thread] DEBUG PrimaryStageWindow   - FXGLStartupScene -> FXGLMainMenuDummyScene
12:13:15.532 [JavaFX Application Thread] DEBUG PrimaryStageWindow   - Push state: TowerDefenseMainMenu
12:13:15.532 [JavaFX Application Thread] DEBUG Input                - Clearing active input actions
12:13:15.551 [JavaFX Application Thread] DEBUG GameApplicationServi - Removing overlay from FXGLMainMenuDummyScene and adding to TowerDefenseMainMenu
12:13:15.557 [JavaFX Application Thread] DEBUG PrimaryStageWindow   - FXGLMainMenuDummyScene -> TowerDefenseMainMenu
12:13:15.621 [FXGL Background Thread 2 ] DEBUG GameWorld            - Clearing removable entities
12:13:15.622 [FXGL Background Thread 2 ] DEBUG GameWorld            - Setting level: com.almasb.fxgl.entity.level.Level@46633303
12:13:15.669 [JavaFX Application Thread] DEBUG FXGLApplication      - Registering font factories with UI factory
12:13:16.538 [FXGL Background Thread 3 ] INFO  UpdaterService       - Your current version:  17.1
12:13:16.541 [FXGL Background Thread 3 ] INFO  UpdaterService       - Latest stable version: 17.3
12:13:18.346 [FXGL Background Thread 4 ] DEBUG Engine               - Logging environment variables
12:13:18.352 [FXGL Background Thread 4 ] DEBUG Engine               - achievements: []
12:13:18.352 [FXGL Background Thread 4 ] DEBUG Engine               - actualHeight: 896.0
12:13:18.353 [FXGL Background Thread 4 ] DEBUG Engine               - actualHeightProperty: ReadOnlyDoubleProperty [value: 896.0]
12:13:18.353 [FXGL Background Thread 4 ] DEBUG Engine               - actualWidth: 1600.0
12:13:18.353 [FXGL Background Thread 4 ] DEBUG Engine               - actualWidthProperty: ReadOnlyDoubleProperty [value: 1600.0]
12:13:18.353 [FXGL Background Thread 4 ] DEBUG Engine               - appIcon: fxgl_icon.png
12:13:18.353 [FXGL Background Thread 4 ] DEBUG Engine               - applicationMode: DEVELOPER
12:13:18.354 [FXGL Background Thread 4 ] DEBUG Engine               - cSSList: [fxgl_dark.css, main.css]
12:13:18.354 [FXGL Background Thread 4 ] DEBUG Engine               - collisionDetectionStrategy: BRUTE_FORCE
12:13:18.354 [FXGL Background Thread 4 ] DEBUG Engine               - configClass: Optional.empty
12:13:18.354 [FXGL Background Thread 4 ] DEBUG Engine               - credits: []
12:13:18.364 [FXGL Background Thread 4 ] DEBUG Engine               - defaultCursor: CursorInfo(imageName=fxgl_default_cursor.png, hotspotX=7.0, hotspotY=6.0)
12:13:18.366 [FXGL Background Thread 4 ] DEBUG Engine               - devBBoxColorProperty: ObjectProperty [value: 0xff0000ff]
12:13:18.366 [FXGL Background Thread 4 ] DEBUG Engine               - devEnableDebugCameraProperty: BooleanProperty [value: false]
12:13:18.367 [FXGL Background Thread 4 ] DEBUG Engine               - devSensorColorProperty: ObjectProperty [value: 0xffff00ff]
12:13:18.367 [FXGL Background Thread 4 ] DEBUG Engine               - devShowBBoxProperty: BooleanProperty [value: false]
12:13:18.367 [FXGL Background Thread 4 ] DEBUG Engine               - devShowPositionProperty: BooleanProperty [value: false]
12:13:18.367 [FXGL Background Thread 4 ] DEBUG Engine               - enabledMenuItems: []
12:13:18.367 [FXGL Background Thread 4 ] DEBUG Engine               - engineServices: [class com.almasb.fxgl.app.services.FXGLAssetLoaderService, class com.almasb.fxgl.app.FXGLApplication$GameApplicationService, class com.almasb.fxgl.app.services.FXGLDialogService, class com.almasb.fxgl.app.services.IOTaskExecutorService, class com.almasb.fxgl.io.FileSystemService, class com.almasb.fxgl.localization.LocalizationService, class com.almasb.fxgl.app.services.SystemBundleService, class com.almasb.fxgl.profile.SaveLoadService, class com.almasb.fxgl.ui.FXGLUIFactoryServiceProvider, class com.almasb.fxgl.ui.FXGLDialogFactoryServiceProvider, class com.almasb.fxgl.audio.AudioPlayer, class com.almasb.fxgl.notification.impl.NotificationServiceProvider, class com.almasb.fxgl.achievement.AchievementService, class com.almasb.fxgl.cutscene.CutsceneService, class com.almasb.fxgl.minigames.MiniGameService, class com.almasb.fxgl.net.NetService, class com.almasb.fxgl.app.services.UpdaterService, class com.almasb.fxgl.dev.DevService, class com.almasb.fxgl.quest.QuestService, class com.ayushkr.CSAFinal.baseDefense.CurrencyService]
12:13:18.367 [FXGL Background Thread 4 ] DEBUG Engine               - fontGame: Abel-Regular.ttf
12:13:18.367 [FXGL Background Thread 4 ] DEBUG Engine               - fontMono: TerminalLandMono-Regular.otf
12:13:18.367 [FXGL Background Thread 4 ] DEBUG Engine               - fontText: Courier-Prime.ttf
12:13:18.367 [FXGL Background Thread 4 ] DEBUG Engine               - fontUI: VarelaRound-Regular.ttf
12:13:18.367 [FXGL Background Thread 4 ] DEBUG Engine               - fullScreen: BooleanProperty [value: false]
12:13:18.367 [FXGL Background Thread 4 ] DEBUG Engine               - gameDifficulty: MEDIUM
12:13:18.367 [FXGL Background Thread 4 ] DEBUG Engine               - gameDifficultyProperty: ObjectProperty [value: MEDIUM]
12:13:18.367 [FXGL Background Thread 4 ] DEBUG Engine               - globalMusicVolume: 0.5
12:13:18.367 [FXGL Background Thread 4 ] DEBUG Engine               - globalMusicVolumeProperty: DoubleProperty [value: 0.5]
12:13:18.368 [FXGL Background Thread 4 ] DEBUG Engine               - globalSoundVolume: 0.5
12:13:18.368 [FXGL Background Thread 4 ] DEBUG Engine               - globalSoundVolumeProperty: DoubleProperty [value: 0.5]
12:13:18.368 [FXGL Background Thread 4 ] DEBUG Engine               - height: 896
12:13:18.368 [FXGL Background Thread 4 ] DEBUG Engine               - is3D: false
12:13:18.368 [FXGL Background Thread 4 ] DEBUG Engine               - isAndroid: false
12:13:18.368 [FXGL Background Thread 4 ] DEBUG Engine               - isBrowser: false
12:13:18.368 [FXGL Background Thread 4 ] DEBUG Engine               - isClickFeedbackEnabled: false
12:13:18.368 [FXGL Background Thread 4 ] DEBUG Engine               - isCloseConfirmation: false
12:13:18.368 [FXGL Background Thread 4 ] DEBUG Engine               - isDesktop: true
12:13:18.368 [FXGL Background Thread 4 ] DEBUG Engine               - isDeveloperMenuEnabled: false
12:13:18.368 [FXGL Background Thread 4 ] DEBUG Engine               - isEmbedded: false
12:13:18.368 [FXGL Background Thread 4 ] DEBUG Engine               - isEntityPreloadEnabled: true
12:13:18.371 [FXGL Background Thread 4 ] DEBUG Engine               - isExperimentalTiledLargeMap: false
12:13:18.373 [FXGL Background Thread 4 ] DEBUG Engine               - isFileSystemWriteAllowed: true
12:13:18.373 [FXGL Background Thread 4 ] DEBUG Engine               - isFullScreenAllowed: false
12:13:18.373 [FXGL Background Thread 4 ] DEBUG Engine               - isFullScreenFromStart: false
12:13:18.374 [FXGL Background Thread 4 ] DEBUG Engine               - isGameMenuEnabled: true
12:13:18.374 [FXGL Background Thread 4 ] DEBUG Engine               - isIOS: false
12:13:18.374 [FXGL Background Thread 4 ] DEBUG Engine               - isIntroEnabled: false
12:13:18.374 [FXGL Background Thread 4 ] DEBUG Engine               - isLinux: false
12:13:18.374 [FXGL Background Thread 4 ] DEBUG Engine               - isMac: true
12:13:18.374 [FXGL Background Thread 4 ] DEBUG Engine               - isMainMenuEnabled: true
12:13:18.374 [FXGL Background Thread 4 ] DEBUG Engine               - isManualResizeEnabled: false
12:13:18.374 [FXGL Background Thread 4 ] DEBUG Engine               - isMobile: false
12:13:18.374 [FXGL Background Thread 4 ] DEBUG Engine               - isNative: false
12:13:18.374 [FXGL Background Thread 4 ] DEBUG Engine               - isPauseMusicWhenMinimized: true
12:13:18.374 [FXGL Background Thread 4 ] DEBUG Engine               - isPreserveResizeRatio: false
12:13:18.374 [FXGL Background Thread 4 ] DEBUG Engine               - isProfilingEnabled: false
12:13:18.374 [FXGL Background Thread 4 ] DEBUG Engine               - isScaleAffectedOnResize: true
12:13:18.375 [FXGL Background Thread 4 ] DEBUG Engine               - isSingleStep: false
12:13:18.376 [FXGL Background Thread 4 ] DEBUG Engine               - isUserProfileEnabled: false
12:13:18.376 [FXGL Background Thread 4 ] DEBUG Engine               - isWindows: false
12:13:18.376 [FXGL Background Thread 4 ] DEBUG Engine               - language: ObjectProperty [value: ENGLISH]
12:13:18.376 [FXGL Background Thread 4 ] DEBUG Engine               - menuKey: ESCAPE
12:13:18.376 [FXGL Background Thread 4 ] DEBUG Engine               - mouseSensitivity: 0.2
12:13:18.376 [FXGL Background Thread 4 ] DEBUG Engine               - notificationViewClass: class com.almasb.fxgl.notification.view.XboxNotificationView
12:13:18.376 [FXGL Background Thread 4 ] DEBUG Engine               - pixelsPerMeter: 50.0
12:13:18.377 [FXGL Background Thread 4 ] DEBUG Engine               - platform: MAC
12:13:18.378 [FXGL Background Thread 4 ] DEBUG Engine               - prefHeightProperty: ReadOnlyDoubleProperty [value: 896.0]
12:13:18.378 [FXGL Background Thread 4 ] DEBUG Engine               - prefWidthProperty: ReadOnlyDoubleProperty [value: 1600.0]
12:13:18.378 [FXGL Background Thread 4 ] DEBUG Engine               - profileDir: profiles/
12:13:18.378 [FXGL Background Thread 4 ] DEBUG Engine               - profileName: StringProperty [value: DEFAULT]
12:13:18.378 [FXGL Background Thread 4 ] DEBUG Engine               - randomSeed: -1
12:13:18.379 [FXGL Background Thread 4 ] DEBUG Engine               - runtimeInfo: RuntimeInfo(platform=MAC, version=17.1, build=24.03.2022 17.34)
12:13:18.380 [FXGL Background Thread 4 ] DEBUG Engine               - saveFileExt: sav
12:13:18.381 [FXGL Background Thread 4 ] DEBUG Engine               - scaledHeightProp$fxgl: DoubleProperty [bound, value: 896.0]
12:13:18.382 [FXGL Background Thread 4 ] DEBUG Engine               - scaledWidthProp$fxgl: DoubleProperty [bound, value: 1600.0]
12:13:18.382 [FXGL Background Thread 4 ] DEBUG Engine               - sceneFactory: com.ayushkr.CSAFinal.baseDefense.TowerDefenseApp$6@4ed33d4f
12:13:18.385 [FXGL Background Thread 4 ] DEBUG Engine               - secondsIn24h: 60
12:13:18.385 [FXGL Background Thread 4 ] DEBUG Engine               - soundMenuBack: menu/back.wav
12:13:18.385 [FXGL Background Thread 4 ] DEBUG Engine               - soundMenuPress: menu/press.wav
12:13:18.385 [FXGL Background Thread 4 ] DEBUG Engine               - soundMenuSelect: menu/select.wav
12:13:18.385 [FXGL Background Thread 4 ] DEBUG Engine               - soundNotification: core/notification.wav
12:13:18.385 [FXGL Background Thread 4 ] DEBUG Engine               - stageStyle: DECORATED
12:13:18.385 [FXGL Background Thread 4 ] DEBUG Engine               - supportedLanguages: [ENGLISH, FRENCH, GERMAN, HUNGARIAN, RUSSIAN]
12:13:18.385 [FXGL Background Thread 4 ] DEBUG Engine               - ticksPerSecond: -1
12:13:18.385 [FXGL Background Thread 4 ] DEBUG Engine               - title: FXGL Tower Defense
12:13:18.385 [FXGL Background Thread 4 ] DEBUG Engine               - urlGithub: https://github.com/AlmasB/FXGL
12:13:18.385 [FXGL Background Thread 4 ] DEBUG Engine               - urlLeaderboard: http://fxgl-top.herokuapp.com/
12:13:18.385 [FXGL Background Thread 4 ] DEBUG Engine               - urlPOM: https://raw.githubusercontent.com/AlmasB/FXGL/release/README.md
12:13:18.385 [FXGL Background Thread 4 ] DEBUG Engine               - userAppClass: class com.ayushkr.CSAFinal.baseDefense.TowerDefenseApp
12:13:18.385 [FXGL Background Thread 4 ] DEBUG Engine               - version: 0.3
12:13:18.385 [FXGL Background Thread 4 ] DEBUG Engine               - versionCheckDays: 7
12:13:18.385 [FXGL Background Thread 4 ] DEBUG Engine               - width: 1600
12:13:18.385 [FXGL Background Thread 4 ] DEBUG Engine               - Logging services
12:13:18.385 [FXGL Background Thread 4 ] DEBUG Engine               - class com.almasb.fxgl.app.services.FXGLAssetLoaderService
12:13:18.385 [FXGL Background Thread 4 ] DEBUG Engine               - class com.almasb.fxgl.app.FXGLApplication$GameApplicationService
12:13:18.386 [FXGL Background Thread 4 ] DEBUG Engine               - class com.almasb.fxgl.app.services.FXGLDialogService
12:13:18.386 [FXGL Background Thread 4 ] DEBUG Engine               - class com.almasb.fxgl.app.services.IOTaskExecutorService
12:13:18.386 [FXGL Background Thread 4 ] DEBUG Engine               - class com.almasb.fxgl.io.FileSystemService
12:13:18.386 [FXGL Background Thread 4 ] DEBUG Engine               - class com.almasb.fxgl.localization.LocalizationService
12:13:18.386 [FXGL Background Thread 4 ] DEBUG Engine               - class com.almasb.fxgl.app.services.SystemBundleService
12:13:18.387 [FXGL Background Thread 4 ] DEBUG Engine               - class com.almasb.fxgl.profile.SaveLoadService
12:13:18.390 [FXGL Background Thread 4 ] DEBUG Engine               - class com.almasb.fxgl.ui.FXGLUIFactoryServiceProvider
12:13:18.390 [FXGL Background Thread 4 ] DEBUG Engine               - class com.almasb.fxgl.ui.FXGLDialogFactoryServiceProvider
12:13:18.391 [FXGL Background Thread 4 ] DEBUG Engine               - class com.almasb.fxgl.audio.AudioPlayer
12:13:18.391 [FXGL Background Thread 4 ] DEBUG Engine               - class com.almasb.fxgl.notification.impl.NotificationServiceProvider
12:13:18.391 [FXGL Background Thread 4 ] DEBUG Engine               - class com.almasb.fxgl.achievement.AchievementService
12:13:18.391 [FXGL Background Thread 4 ] DEBUG Engine               - class com.almasb.fxgl.cutscene.CutsceneService
12:13:18.391 [FXGL Background Thread 4 ] DEBUG Engine               - class com.almasb.fxgl.minigames.MiniGameService
12:13:18.391 [FXGL Background Thread 4 ] DEBUG Engine               - class com.almasb.fxgl.net.NetService
12:13:18.391 [FXGL Background Thread 4 ] DEBUG Engine               - class com.almasb.fxgl.app.services.UpdaterService
12:13:18.391 [FXGL Background Thread 4 ] DEBUG Engine               - class com.almasb.fxgl.dev.DevService
12:13:18.391 [FXGL Background Thread 4 ] DEBUG Engine               - class com.almasb.fxgl.quest.QuestService
12:13:18.391 [FXGL Background Thread 4 ] DEBUG Engine               - class com.ayushkr.CSAFinal.baseDefense.CurrencyService
12:13:20.593 [FXGL Background Thread 3 ] DEBUG GameWorld            - Game world initialized
12:13:20.604 [FXGL Background Thread 3 ] DEBUG PhysicsWorld         - Physics world initialized: appHeight=448, physics.ppm=50.0
12:13:20.604 [FXGL Background Thread 3 ] DEBUG PhysicsWorld         - Using strategy: BRUTE_FORCE
12:13:20.607 [FXGL Background Thread 3 ] DEBUG GameScene            - Game scene initialized: 800x448
12:13:20.617 [FXGL Background Thread 3 ] WARN  TMXLevelLoader       - TiledMap generated from 1.10.0. Supported version: 1.4.2. Some features may not be parsed fully.
12:13:20.624 [FXGL Background Thread 3 ] DEBUG TMXLevelLoader       - Parsed TiledMap: file:/Volumes/AYUSH%20DRIVE/School%202022-23/M359%20AP%20CS%20Java%20A/Projects/CSA%20Final%20Project/target/classes/assets/levels/tmx/td1.tmx
12:13:20.624 [FXGL Background Thread 3 ] DEBUG TMXLevelLoader       - Creating tile layer entities
12:13:20.625 [FXGL Background Thread 3 ] DEBUG TilesetLoader        - Loading view for layer path
12:13:20.625 [ForkJoinPool.commonPool-w] DEBUG TilesetLoader        - Loading view for layer decor
12:13:20.625 [ForkJoinPool.commonPool-w] DEBUG TilesetLoader        - Loading view for layer ground
12:13:20.626 [FXGL Background Thread 3 ] DEBUG TilesetLoader        - Created buffer with size 1600.0x896.0
12:13:20.626 [ForkJoinPool.commonPool-w] DEBUG TilesetLoader        - Created buffer with size 1600.0x896.0
12:13:20.730 [FXGL Background Thread 3 ] DEBUG TMXLevelLoader       - Creating object layer entities
12:13:20.834 [FXGL Background Thread 3 ] DEBUG GameWorld            - Clearing removable entities
12:13:20.834 [FXGL Background Thread 3 ] DEBUG GameWorld            - Setting level: com.almasb.fxgl.entity.level.Level@6e5d6e23
12:13:25.223 [JavaFX Application Thread] DEBUG Menu                 - fireNewGame()
12:13:25.224 [JavaFX Application Thread] DEBUG GameApplicationServi - Starting new game
12:13:25.225 [JavaFX Application Thread] DEBUG PrimaryStageWindow   - Pop state: TowerDefenseMainMenu
12:13:25.226 [JavaFX Application Thread] DEBUG Input                - Clearing active input actions
12:13:25.238 [JavaFX Application Thread] DEBUG GameApplicationServi - Removing overlay from TowerDefenseMainMenu and adding to FXGLMainMenuDummyScene
12:13:25.248 [JavaFX Application Thread] DEBUG PrimaryStageWindow   - FXGLMainMenuDummyScene <- TowerDefenseMainMenu
12:13:25.248 [JavaFX Application Thread] DEBUG Input                - Clearing active input actions
12:13:25.300 [JavaFX Application Thread] DEBUG GameApplicationServi - Removing overlay from FXGLMainMenuDummyScene and adding to FXGLLoadingScene
12:13:25.301 [JavaFX Application Thread] DEBUG PrimaryStageWindow   - FXGLMainMenuDummyScene -> FXGLLoadingScene
12:13:25.301 [JavaFX Application Thread] DEBUG GameApplicationServi - Clearing previous game
12:13:25.301 [JavaFX Application Thread] DEBUG GameScene            - Clearing game scene
12:13:25.301 [JavaFX Application Thread] DEBUG GameWorld            - Clearing game world
12:13:25.301 [JavaFX Application Thread] DEBUG PhysicsWorld         - Clearing physics world
12:13:25.304 [FXGL Background Thread 3 ] DEBUG FXGLApplication      - Initializing game
12:13:25.309 [FXGL Background Thread 3 ] DEBUG FXGLAssetLoaderServi - Loading JSON from: file:/Volumes/AYUSH%20DRIVE/School%202022-23/M359%20AP%20CS%20Java%20A/Projects/CSA%20Final%20Project/target/classes/assets/towers/tower1.json
12:13:25.332 [FXGL Background Thread 3 ] DEBUG FXGLAssetLoaderServi - Loading JSON from: file:/Volumes/AYUSH%20DRIVE/School%202022-23/M359%20AP%20CS%20Java%20A/Projects/CSA%20Final%20Project/target/classes/assets/towers/tower2.json
12:13:25.340 [FXGL Background Thread 3 ] DEBUG FXGLAssetLoaderServi - Loading JSON from: file:/Volumes/AYUSH%20DRIVE/School%202022-23/M359%20AP%20CS%20Java%20A/Projects/CSA%20Final%20Project/target/classes/assets/towers/tower3.json
12:13:25.346 [FXGL Background Thread 3 ] DEBUG FXGLAssetLoaderServi - Loading JSON from: file:/Volumes/AYUSH%20DRIVE/School%202022-23/M359%20AP%20CS%20Java%20A/Projects/CSA%20Final%20Project/target/classes/assets/towers/tower4.json
12:13:25.356 [FXGL Background Thread 3 ] DEBUG FXGLAssetLoaderServi - Loading JSON from: file:/Volumes/AYUSH%20DRIVE/School%202022-23/M359%20AP%20CS%20Java%20A/Projects/CSA%20Final%20Project/target/classes/assets/towers/tower5.json
12:13:25.361 [FXGL Background Thread 3 ] DEBUG FXGLAssetLoaderServi - Loading JSON from: file:/Volumes/AYUSH%20DRIVE/School%202022-23/M359%20AP%20CS%20Java%20A/Projects/CSA%20Final%20Project/target/classes/assets/towers/tower6.json
12:13:25.398 [FXGL Background Thread 3 ] DEBUG FXGLAssetLoaderServi - Loading from file system: file:/Volumes/AYUSH%20DRIVE/School%202022-23/M359%20AP%20CS%20Java%20A/Projects/CSA%20Final%20Project/target/classes/assets/textures/player.png
12:13:25.436 [FXGL Background Thread 3 ] WARN  TMXLevelLoader       - TiledMap generated from 1.10.0. Supported version: 1.4.2. Some features may not be parsed fully.
12:13:25.449 [FXGL Background Thread 3 ] DEBUG TMXLevelLoader       - Parsed TiledMap: file:/Volumes/AYUSH%20DRIVE/School%202022-23/M359%20AP%20CS%20Java%20A/Projects/CSA%20Final%20Project/target/classes/assets/levels/tmx/td1.tmx
12:13:25.450 [FXGL Background Thread 3 ] DEBUG TMXLevelLoader       - Creating tile layer entities
12:13:25.457 [FXGL Background Thread 3 ] DEBUG TilesetLoader        - Loading view for layer ground
12:13:25.458 [FXGL Background Thread 3 ] DEBUG TilesetLoader        - Created buffer with size 1600.0x896.0
12:13:25.545 [FXGL Background Thread 3 ] DEBUG TilesetLoader        - Loading view for layer path
12:13:25.546 [FXGL Background Thread 3 ] DEBUG TilesetLoader        - Created buffer with size 1600.0x896.0
12:13:25.547 [FXGL Background Thread 3 ] DEBUG TilesetLoader        - Loading view for layer decor
12:13:25.548 [FXGL Background Thread 3 ] DEBUG TilesetLoader        - Created buffer with size 1600.0x896.0
12:13:25.549 [FXGL Background Thread 3 ] DEBUG TMXLevelLoader       - Creating object layer entities
12:13:25.570 [FXGL Background Thread 3 ] DEBUG GameWorld            - Clearing removable entities
12:13:25.574 [FXGL Background Thread 3 ] DEBUG GameWorld            - Setting level: com.almasb.fxgl.entity.level.Level@75e0d7d2
12:13:25.581 [FXGL Background Thread 3 ] DEBUG FXGLAssetLoaderServi - Loading from file system: file:/Volumes/AYUSH%20DRIVE/School%202022-23/M359%20AP%20CS%20Java%20A/Projects/CSA%20Final%20Project/target/classes/assets/textures/money.png
12:13:25.594 [FXGL Background Thread 3 ] DEBUG FXGLAssetLoaderServi - Loading from file system: file:/Volumes/AYUSH%20DRIVE/School%202022-23/M359%20AP%20CS%20Java%20A/Projects/CSA%20Final%20Project/target/classes/assets/textures/health.png
12:13:25.599 [FXGL Background Thread 3 ] INFO  FXGLApplication      - Game initialization took: 0.295 sec
12:13:25.600 [JavaFX Application Thread] DEBUG Input                - Clearing active input actions
12:13:25.625 [JavaFX Application Thread] DEBUG GameApplicationServi - Removing overlay from FXGLLoadingScene and adding to GameScene
12:13:25.626 [JavaFX Application Thread] DEBUG PrimaryStageWindow   - FXGLLoadingScene -> GameScene
12:13:31.860 [JavaFX Application Thread] DEBUG FXGLApplication      - Exiting FXGL
12:13:31.861 [JavaFX Application Thread] DEBUG LoopRunner           - Stopping loop
12:13:31.861 [JavaFX Application Thread] DEBUG SystemBundleService  - Saving FXGL system data
12:13:31.898 [JavaFX Application Thread] DEBUG FileSystemAccess     - Writing to: /Volumes/AYUSH DRIVE/School 2022-23/M359 AP CS Java A/Projects/CSA Final Project/system/fxgl.bundle
12:13:31.920 [JavaFX Application Thread] DEBUG Async                - Shutting down background threads
12:13:31.920 [JavaFX Application Thread] DEBUG PrimaryStageWindow   - Closing main window
12:13:31.941 [JavaFX Application Thread] DEBUG Logger               - Closing Logger
